[INFO] Scanning for projects...
[INFO] 
[INFO] ---------------------< com.hms:admission-service >----------------------
[INFO] Building admission-service 1.0.0
[INFO]   from pom.xml
[INFO] --------------------------------[ jar ]---------------------------------
[INFO] 
[INFO] >>> spring-boot:3.5.0:run (default-cli) > test-compile @ admission-service >>>
[INFO] 
[INFO] --- resources:3.3.1:resources (default-resources) @ admission-service ---
[INFO] Copying 1 resource from src\main\resources to target\classes
[INFO] Copying 0 resource from src\main\resources to target\classes
[INFO] 
[INFO] --- compiler:3.14.0:compile (default-compile) @ admission-service ---
[INFO] Nothing to compile - all classes are up to date.
[INFO] 
[INFO] --- resources:3.3.1:testResources (default-testResources) @ admission-service ---
[INFO] skip non existing resourceDirectory C:\Projects\HMS-FULLSTACK\backend\admission-service\src\test\resources
[INFO] 
[INFO] --- compiler:3.14.0:testCompile (default-testCompile) @ admission-service ---
[INFO] No sources to compile
[INFO] 
[INFO] <<< spring-boot:3.5.0:run (default-cli) < test-compile @ admission-service <<<
[INFO] 
[INFO] 
[INFO] --- spring-boot:3.5.0:run (default-cli) @ admission-service ---
[INFO] Attaching agents: []

  .   ____          _            __ _ _
 /\\ / ___'_ __ _ _(_)_ __  __ _ \ \ \ \
( ( )\___ | '_ | '_| | '_ \/ _` | \ \ \ \
 \\/  ___)| |_)| | | | | || (_| |  ) ) ) )
  '  |____| .__|_| |_|_| |_\__, | / / / /
 =========|_|==============|___/=/_/_/_/

 :: Spring Boot ::                (v3.5.0)

2026-06-28T20:00:10.519+05:30  INFO 31256 --- [admission-service] [           main] c.h.a.AdmissionServiceApplication        : Starting AdmissionServiceApplication using Java 22.0.2 with PID 31256 (C:\Projects\HMS-FULLSTACK\backend\admission-service\target\classes started by admin in C:\Projects\HMS-FULLSTACK\backend\admission-service)
2026-06-28T20:00:10.529+05:30  INFO 31256 --- [admission-service] [           main] c.h.a.AdmissionServiceApplication        : No active profile set, falling back to 1 default profile: "default"
2026-06-28T20:00:12.706+05:30  INFO 31256 --- [admission-service] [           main] .s.d.r.c.RepositoryConfigurationDelegate : Bootstrapping Spring Data JPA repositories in DEFAULT mode.
2026-06-28T20:00:13.256+05:30  INFO 31256 --- [admission-service] [           main] .s.d.r.c.RepositoryConfigurationDelegate : Finished Spring Data repository scanning in 516 ms. Found 1 JPA repository interface.
2026-06-28T20:00:13.985+05:30  INFO 31256 --- [admission-service] [           main] o.s.cloud.context.scope.GenericScope     : BeanFactory id=40c823a3-6963-3452-b981-fcfb1d4b5fd5
2026-06-28T20:00:15.153+05:30  INFO 31256 --- [admission-service] [           main] o.s.b.w.embedded.tomcat.TomcatWebServer  : Tomcat initialized with port 8091 (http)
2026-06-28T20:00:15.194+05:30  INFO 31256 --- [admission-service] [           main] o.apache.catalina.core.StandardService   : Starting service [Tomcat]
2026-06-28T20:00:15.196+05:30  INFO 31256 --- [admission-service] [           main] o.apache.catalina.core.StandardEngine    : Starting Servlet engine: [Apache Tomcat/10.1.41]
2026-06-28T20:00:15.353+05:30  INFO 31256 --- [admission-service] [           main] o.a.c.c.C.[Tomcat].[localhost].[/]       : Initializing Spring embedded WebApplicationContext
2026-06-28T20:00:15.355+05:30  INFO 31256 --- [admission-service] [           main] w.s.c.ServletWebServerApplicationContext : Root WebApplicationContext: initialization completed in 4594 ms
2026-06-28T20:00:15.805+05:30  INFO 31256 --- [admission-service] [           main] o.hibernate.jpa.internal.util.LogHelper  : HHH000204: Processing PersistenceUnitInfo [name: default]
2026-06-28T20:00:15.986+05:30  INFO 31256 --- [admission-service] [           main] org.hibernate.Version                    : HHH000412: Hibernate ORM core version 6.6.15.Final
2026-06-28T20:00:16.115+05:30  INFO 31256 --- [admission-service] [           main] o.h.c.internal.RegionFactoryInitiator    : HHH000026: Second-level cache disabled
2026-06-28T20:00:16.919+05:30  INFO 31256 --- [admission-service] [           main] o.s.o.j.p.SpringPersistenceUnitInfo      : No LoadTimeWeaver setup: ignoring JPA class transformer
2026-06-28T20:00:17.029+05:30  INFO 31256 --- [admission-service] [           main] com.zaxxer.hikari.HikariDataSource       : HikariPool-1 - Starting...
2026-06-28T20:00:17.503+05:30  INFO 31256 --- [admission-service] [           main] com.zaxxer.hikari.pool.HikariPool        : HikariPool-1 - Added connection org.postgresql.jdbc.PgConnection@1b28cff
2026-06-28T20:00:17.506+05:30  INFO 31256 --- [admission-service] [           main] com.zaxxer.hikari.HikariDataSource       : HikariPool-1 - Start completed.
2026-06-28T20:00:17.670+05:30  INFO 31256 --- [admission-service] [           main] org.hibernate.orm.connections.pooling    : HHH10001005: Database info:
	Database JDBC URL [Connecting through datasource 'HikariDataSource (HikariPool-1)']
	Database driver: undefined/unknown
	Database version: 18.3
	Autocommit mode: undefined/unknown
	Isolation level: undefined/unknown
	Minimum pool size: undefined/unknown
	Maximum pool size: undefined/unknown
2026-06-28T20:00:20.792+05:30  INFO 31256 --- [admission-service] [           main] o.h.e.t.j.p.i.JtaPlatformInitiator       : HHH000489: No JTA platform available (set 'hibernate.transaction.jta.platform' to enable JTA platform integration)
2026-06-28T20:00:21.279+05:30  INFO 31256 --- [admission-service] [           main] j.LocalContainerEntityManagerFactoryBean : Initialized JPA EntityManagerFactory for persistence unit 'default'
2026-06-28T20:00:22.414+05:30  WARN 31256 --- [admission-service] [           main] JpaBaseConfiguration$JpaWebConfiguration : spring.jpa.open-in-view is enabled by default. Therefore, database queries may be performed during view rendering. Explicitly configure spring.jpa.open-in-view to disable this warning
2026-06-28T20:00:23.937+05:30  INFO 31256 --- [admission-service] [           main] DiscoveryClientOptionalArgsConfiguration : Eureka HTTP Client uses RestTemplate.
2026-06-28T20:00:24.114+05:30  WARN 31256 --- [admission-service] [           main] iguration$LoadBalancerCaffeineWarnLogger : Spring Cloud LoadBalancer is currently working with the default cache. While this cache implementation is useful for development and tests, it's recommended to use Caffeine cache in production.You can switch to using Caffeine cache, by adding it and org.springframework.cache.caffeine.CaffeineCacheManager to the classpath.
2026-06-28T20:00:24.190+05:30  INFO 31256 --- [admission-service] [           main] o.s.c.n.eureka.InstanceInfoFactory       : Setting initial instance status as: STARTING
2026-06-28T20:00:24.351+05:30  INFO 31256 --- [admission-service] [           main] com.netflix.discovery.DiscoveryClient    : Initializing Eureka in region us-east-1
2026-06-28T20:00:24.370+05:30  INFO 31256 --- [admission-service] [           main] c.n.d.s.r.aws.ConfigClusterResolver      : Resolving eureka endpoints via configuration
2026-06-28T20:00:24.409+05:30  INFO 31256 --- [admission-service] [           main] com.netflix.discovery.DiscoveryClient    : Disable delta property : false
2026-06-28T20:00:24.410+05:30  INFO 31256 --- [admission-service] [           main] com.netflix.discovery.DiscoveryClient    : Single vip registry refresh property : null
2026-06-28T20:00:24.410+05:30  INFO 31256 --- [admission-service] [           main] com.netflix.discovery.DiscoveryClient    : Force full registry fetch : false
2026-06-28T20:00:24.410+05:30  INFO 31256 --- [admission-service] [           main] com.netflix.discovery.DiscoveryClient    : Application is null : false
2026-06-28T20:00:24.410+05:30  INFO 31256 --- [admission-service] [           main] com.netflix.discovery.DiscoveryClient    : Registered Applications size is zero : true
2026-06-28T20:00:24.410+05:30  INFO 31256 --- [admission-service] [           main] com.netflix.discovery.DiscoveryClient    : Application version is -1: true
2026-06-28T20:00:24.410+05:30  INFO 31256 --- [admission-service] [           main] com.netflix.discovery.DiscoveryClient    : Getting all instance registry info from the eureka server
2026-06-28T20:00:25.958+05:30  INFO 31256 --- [admission-service] [           main] com.netflix.discovery.DiscoveryClient    : The response status is 200
2026-06-28T20:00:25.964+05:30  INFO 31256 --- [admission-service] [           main] com.netflix.discovery.DiscoveryClient    : Starting heartbeat executor: renew interval is: 30
2026-06-28T20:00:25.968+05:30  INFO 31256 --- [admission-service] [           main] c.n.discovery.InstanceInfoReplicator     : InstanceInfoReplicator onDemand update allowed rate per min is 4
2026-06-28T20:00:25.973+05:30  INFO 31256 --- [admission-service] [           main] com.netflix.discovery.DiscoveryClient    : Discovery Client initialized at timestamp 1782657025971 with initial instances count: 2
2026-06-28T20:00:25.985+05:30  INFO 31256 --- [admission-service] [           main] o.s.c.n.e.s.EurekaServiceRegistry        : Registering application ADMISSION-SERVICE with eureka with status UP
2026-06-28T20:00:25.989+05:30  INFO 31256 --- [admission-service] [           main] com.netflix.discovery.DiscoveryClient    : Saw local status change event StatusChangeEvent [timestamp=1782657025989, current=UP, previous=STARTING]
2026-06-28T20:00:25.995+05:30  INFO 31256 --- [admission-service] [foReplicator-%d] com.netflix.discovery.DiscoveryClient    : DiscoveryClient_ADMISSION-SERVICE/Sujal.mshome.net:admission-service:8091: registering service...
2026-06-28T20:00:26.168+05:30  INFO 31256 --- [admission-service] [foReplicator-%d] com.netflix.discovery.DiscoveryClient    : DiscoveryClient_ADMISSION-SERVICE/Sujal.mshome.net:admission-service:8091 - registration status: 204
2026-06-28T20:00:26.218+05:30  INFO 31256 --- [admission-service] [           main] o.s.b.w.embedded.tomcat.TomcatWebServer  : Tomcat started on port 8091 (http) with context path '/'
2026-06-28T20:00:26.221+05:30  INFO 31256 --- [admission-service] [           main] .s.c.n.e.s.EurekaAutoServiceRegistration : Updating port to 8091
2026-06-28T20:00:26.287+05:30  INFO 31256 --- [admission-service] [           main] c.h.a.AdmissionServiceApplication        : Started AdmissionServiceApplication in 18.31 seconds (process running for 20.664)
2026-06-28T20:05:24.756+05:30  INFO 31256 --- [admission-service] [rap-executor-%d] c.n.d.s.r.aws.ConfigClusterResolver      : Resolving eureka endpoints via configuration
2026-06-28T20:06:46.814+05:30  WARN 31256 --- [admission-service] [l-1:housekeeper] com.zaxxer.hikari.pool.PoolBase          : HikariPool-1 - Failed to validate connection org.postgresql.jdbc.PgConnection@96700f2 (This connection has been closed.). Possibly consider using a shorter maxLifetime value.
2026-06-28T20:06:47.105+05:30  WARN 31256 --- [admission-service] [l-1:housekeeper] com.zaxxer.hikari.pool.PoolBase          : HikariPool-1 - Failed to validate connection org.postgresql.jdbc.PgConnection@1b28cff (This connection has been closed.). Possibly consider using a shorter maxLifetime value.
2026-06-28T20:07:16.620+05:30  WARN 31256 --- [admission-service] [l-1:housekeeper] com.zaxxer.hikari.pool.PoolBase          : HikariPool-1 - Failed to validate connection org.postgresql.jdbc.PgConnection@4f9444ad (This connection has been closed.). Possibly consider using a shorter maxLifetime value.
2026-06-28T20:07:31.335+05:30  WARN 31256 --- [admission-service] [l-1:housekeeper] com.zaxxer.hikari.pool.PoolBase          : HikariPool-1 - Failed to validate connection org.postgresql.jdbc.PgConnection@10e20dd4 (This connection has been closed.). Possibly consider using a shorter maxLifetime value.
2026-06-28T20:07:41.039+05:30  WARN 31256 --- [admission-service] [l-1:housekeeper] com.zaxxer.hikari.pool.PoolBase          : HikariPool-1 - Failed to validate connection org.postgresql.jdbc.PgConnection@47f17b00 (This connection has been closed.). Possibly consider using a shorter maxLifetime value.
2026-06-28T20:07:44.045+05:30  WARN 31256 --- [admission-service] [l-1:housekeeper] com.zaxxer.hikari.pool.PoolBase          : HikariPool-1 - Failed to validate connection org.postgresql.jdbc.PgConnection@1482a96e (This connection has been closed.). Possibly consider using a shorter maxLifetime value.
2026-06-28T20:07:49.321+05:30  WARN 31256 --- [admission-service] [l-1:housekeeper] com.zaxxer.hikari.pool.PoolBase          : HikariPool-1 - Failed to validate connection org.postgresql.jdbc.PgConnection@51f4dbe9 (This connection has been closed.). Possibly consider using a shorter maxLifetime value.
