[INFO] Scanning for projects...
[INFO] 
[INFO] ------------------------< com.hms:api-gateway >-------------------------
[INFO] Building api-gateway 1.0.0
[INFO]   from pom.xml
[INFO] --------------------------------[ jar ]---------------------------------
[INFO] 
[INFO] >>> spring-boot:3.5.0:run (default-cli) > test-compile @ api-gateway >>>
[INFO] 
[INFO] --- resources:3.3.1:resources (default-resources) @ api-gateway ---
[INFO] Copying 1 resource from src\main\resources to target\classes
[INFO] Copying 0 resource from src\main\resources to target\classes
[INFO] 
[INFO] --- compiler:3.14.0:compile (default-compile) @ api-gateway ---
[INFO] Nothing to compile - all classes are up to date.
[INFO] 
[INFO] --- resources:3.3.1:testResources (default-testResources) @ api-gateway ---
[INFO] skip non existing resourceDirectory C:\Projects\HMS-FULLSTACK\backend\api-gateway\src\test\resources
[INFO] 
[INFO] --- compiler:3.14.0:testCompile (default-testCompile) @ api-gateway ---
[INFO] Recompiling the module because of added or removed source files.
[INFO] Compiling 1 source file with javac [debug parameters release 21] to target\test-classes
[INFO] 
[INFO] <<< spring-boot:3.5.0:run (default-cli) < test-compile @ api-gateway <<<
[INFO] 
[INFO] 
[INFO] --- spring-boot:3.5.0:run (default-cli) @ api-gateway ---
[INFO] Attaching agents: []

  .   ____          _            __ _ _
 /\\ / ___'_ __ _ _(_)_ __  __ _ \ \ \ \
( ( )\___ | '_ | '_| | '_ \/ _` | \ \ \ \
 \\/  ___)| |_)| | | | | || (_| |  ) ) ) )
  '  |____| .__|_| |_|_| |_\__, | / / / /
 =========|_|==============|___/=/_/_/_/

 :: Spring Boot ::                (v3.5.0)

2026-06-28T19:59:43.485+05:30  INFO 19744 --- [api-gateway] [           main] com.hms.gateway.ApiGatewayApplication    : Starting ApiGatewayApplication using Java 22.0.2 with PID 19744 (C:\Projects\HMS-FULLSTACK\backend\api-gateway\target\classes started by admin in C:\Projects\HMS-FULLSTACK\backend\api-gateway)
2026-06-28T19:59:43.490+05:30  INFO 19744 --- [api-gateway] [           main] com.hms.gateway.ApiGatewayApplication    : No active profile set, falling back to 1 default profile: "default"
2026-06-28T19:59:45.079+05:30  INFO 19744 --- [api-gateway] [           main] o.s.cloud.context.scope.GenericScope     : BeanFactory id=44287888-1acd-33a2-9b27-f3a798d3b33e
2026-06-28T19:59:46.169+05:30  WARN 19744 --- [api-gateway] [           main] jakarta.persistence.spi                  : jakarta.persistence.spi::No valid providers found.
2026-06-28T19:59:46.466+05:30  INFO 19744 --- [api-gateway] [           main] o.s.c.g.r.RouteDefinitionRouteLocator    : Loaded RoutePredicateFactory [After]
2026-06-28T19:59:46.466+05:30  INFO 19744 --- [api-gateway] [           main] o.s.c.g.r.RouteDefinitionRouteLocator    : Loaded RoutePredicateFactory [Before]
2026-06-28T19:59:46.466+05:30  INFO 19744 --- [api-gateway] [           main] o.s.c.g.r.RouteDefinitionRouteLocator    : Loaded RoutePredicateFactory [Between]
2026-06-28T19:59:46.466+05:30  INFO 19744 --- [api-gateway] [           main] o.s.c.g.r.RouteDefinitionRouteLocator    : Loaded RoutePredicateFactory [Cookie]
2026-06-28T19:59:46.466+05:30  INFO 19744 --- [api-gateway] [           main] o.s.c.g.r.RouteDefinitionRouteLocator    : Loaded RoutePredicateFactory [Header]
2026-06-28T19:59:46.466+05:30  INFO 19744 --- [api-gateway] [           main] o.s.c.g.r.RouteDefinitionRouteLocator    : Loaded RoutePredicateFactory [Host]
2026-06-28T19:59:46.466+05:30  INFO 19744 --- [api-gateway] [           main] o.s.c.g.r.RouteDefinitionRouteLocator    : Loaded RoutePredicateFactory [Method]
2026-06-28T19:59:46.467+05:30  INFO 19744 --- [api-gateway] [           main] o.s.c.g.r.RouteDefinitionRouteLocator    : Loaded RoutePredicateFactory [Path]
2026-06-28T19:59:46.467+05:30  INFO 19744 --- [api-gateway] [           main] o.s.c.g.r.RouteDefinitionRouteLocator    : Loaded RoutePredicateFactory [Query]
2026-06-28T19:59:46.467+05:30  INFO 19744 --- [api-gateway] [           main] o.s.c.g.r.RouteDefinitionRouteLocator    : Loaded RoutePredicateFactory [ReadBody]
2026-06-28T19:59:46.467+05:30  INFO 19744 --- [api-gateway] [           main] o.s.c.g.r.RouteDefinitionRouteLocator    : Loaded RoutePredicateFactory [RemoteAddr]
2026-06-28T19:59:46.467+05:30  INFO 19744 --- [api-gateway] [           main] o.s.c.g.r.RouteDefinitionRouteLocator    : Loaded RoutePredicateFactory [XForwardedRemoteAddr]
2026-06-28T19:59:46.467+05:30  INFO 19744 --- [api-gateway] [           main] o.s.c.g.r.RouteDefinitionRouteLocator    : Loaded RoutePredicateFactory [Weight]
2026-06-28T19:59:46.467+05:30  INFO 19744 --- [api-gateway] [           main] o.s.c.g.r.RouteDefinitionRouteLocator    : Loaded RoutePredicateFactory [CloudFoundryRouteService]
2026-06-28T19:59:46.857+05:30  INFO 19744 --- [api-gateway] [           main] o.s.b.a.e.web.EndpointLinksResolver      : Exposing 1 endpoint beneath base path '/actuator'
2026-06-28T19:59:47.164+05:30  INFO 19744 --- [api-gateway] [           main] DiscoveryClientOptionalArgsConfiguration : Eureka HTTP Client uses RestTemplate.
2026-06-28T19:59:47.196+05:30  WARN 19744 --- [api-gateway] [           main] iguration$LoadBalancerCaffeineWarnLogger : Spring Cloud LoadBalancer is currently working with the default cache. While this cache implementation is useful for development and tests, it's recommended to use Caffeine cache in production.You can switch to using Caffeine cache, by adding it and org.springframework.cache.caffeine.CaffeineCacheManager to the classpath.
2026-06-28T19:59:47.259+05:30  INFO 19744 --- [api-gateway] [           main] o.s.c.n.eureka.InstanceInfoFactory       : Setting initial instance status as: STARTING
2026-06-28T19:59:47.290+05:30  INFO 19744 --- [api-gateway] [           main] com.netflix.discovery.DiscoveryClient    : Initializing Eureka in region us-east-1
2026-06-28T19:59:47.296+05:30  INFO 19744 --- [api-gateway] [           main] c.n.d.s.r.aws.ConfigClusterResolver      : Resolving eureka endpoints via configuration
2026-06-28T19:59:47.314+05:30  INFO 19744 --- [api-gateway] [           main] com.netflix.discovery.DiscoveryClient    : Disable delta property : false
2026-06-28T19:59:47.315+05:30  INFO 19744 --- [api-gateway] [           main] com.netflix.discovery.DiscoveryClient    : Single vip registry refresh property : null
2026-06-28T19:59:47.315+05:30  INFO 19744 --- [api-gateway] [           main] com.netflix.discovery.DiscoveryClient    : Force full registry fetch : false
2026-06-28T19:59:47.315+05:30  INFO 19744 --- [api-gateway] [           main] com.netflix.discovery.DiscoveryClient    : Application is null : false
2026-06-28T19:59:47.315+05:30  INFO 19744 --- [api-gateway] [           main] com.netflix.discovery.DiscoveryClient    : Registered Applications size is zero : true
2026-06-28T19:59:47.316+05:30  INFO 19744 --- [api-gateway] [           main] com.netflix.discovery.DiscoveryClient    : Application version is -1: true
2026-06-28T19:59:47.316+05:30  INFO 19744 --- [api-gateway] [           main] com.netflix.discovery.DiscoveryClient    : Getting all instance registry info from the eureka server
2026-06-28T19:59:47.881+05:30  INFO 19744 --- [api-gateway] [           main] com.netflix.discovery.DiscoveryClient    : The response status is 200
2026-06-28T19:59:47.883+05:30  INFO 19744 --- [api-gateway] [           main] com.netflix.discovery.DiscoveryClient    : Starting heartbeat executor: renew interval is: 30
2026-06-28T19:59:47.886+05:30  INFO 19744 --- [api-gateway] [           main] c.n.discovery.InstanceInfoReplicator     : InstanceInfoReplicator onDemand update allowed rate per min is 4
2026-06-28T19:59:47.890+05:30  INFO 19744 --- [api-gateway] [           main] com.netflix.discovery.DiscoveryClient    : Discovery Client initialized at timestamp 1782656987889 with initial instances count: 0
2026-06-28T19:59:47.893+05:30  INFO 19744 --- [api-gateway] [           main] o.s.c.n.e.s.EurekaServiceRegistry        : Registering application API-GATEWAY with eureka with status UP
2026-06-28T19:59:47.894+05:30  INFO 19744 --- [api-gateway] [           main] com.netflix.discovery.DiscoveryClient    : Saw local status change event StatusChangeEvent [timestamp=1782656987894, current=UP, previous=STARTING]
2026-06-28T19:59:47.896+05:30  INFO 19744 --- [api-gateway] [foReplicator-%d] com.netflix.discovery.DiscoveryClient    : DiscoveryClient_API-GATEWAY/Sujal.mshome.net:api-gateway:8080: registering service...
2026-06-28T19:59:47.957+05:30  INFO 19744 --- [api-gateway] [foReplicator-%d] com.netflix.discovery.DiscoveryClient    : DiscoveryClient_API-GATEWAY/Sujal.mshome.net:api-gateway:8080 - registration status: 204
2026-06-28T19:59:48.120+05:30  INFO 19744 --- [api-gateway] [           main] o.s.b.web.embedded.netty.NettyWebServer  : Netty started on port 8080 (http)
2026-06-28T19:59:48.122+05:30  INFO 19744 --- [api-gateway] [           main] .s.c.n.e.s.EurekaAutoServiceRegistration : Updating port to 8080
2026-06-28T19:59:48.149+05:30  INFO 19744 --- [api-gateway] [           main] com.hms.gateway.ApiGatewayApplication    : Started ApiGatewayApplication in 5.491 seconds (process running for 6.167)
2026-06-28T20:00:18.069+05:30  INFO 19744 --- [api-gateway] [reshExecutor-%d] com.netflix.discovery.DiscoveryClient    : Disable delta property : false
2026-06-28T20:00:18.218+05:30  INFO 19744 --- [api-gateway] [reshExecutor-%d] com.netflix.discovery.DiscoveryClient    : Single vip registry refresh property : null
2026-06-28T20:00:18.219+05:30  INFO 19744 --- [api-gateway] [reshExecutor-%d] com.netflix.discovery.DiscoveryClient    : Force full registry fetch : false
2026-06-28T20:00:18.219+05:30  INFO 19744 --- [api-gateway] [reshExecutor-%d] com.netflix.discovery.DiscoveryClient    : Application is null : false
2026-06-28T20:00:18.220+05:30  INFO 19744 --- [api-gateway] [reshExecutor-%d] com.netflix.discovery.DiscoveryClient    : Registered Applications size is zero : true
2026-06-28T20:00:18.222+05:30  INFO 19744 --- [api-gateway] [reshExecutor-%d] com.netflix.discovery.DiscoveryClient    : Application version is -1: false
2026-06-28T20:00:18.223+05:30  INFO 19744 --- [api-gateway] [reshExecutor-%d] com.netflix.discovery.DiscoveryClient    : Getting all instance registry info from the eureka server
2026-06-28T20:00:20.324+05:30  INFO 19744 --- [api-gateway] [reshExecutor-%d] com.netflix.discovery.DiscoveryClient    : The response status is 200
2026-06-28T20:04:47.438+05:30  INFO 19744 --- [api-gateway] [rap-executor-%d] c.n.d.s.r.aws.ConfigClusterResolver      : Resolving eureka endpoints via configuration
2026-06-28T20:06:13.679+05:30  INFO 19744 --- [api-gateway] [ctor-http-nio-2] com.hms.gateway.filter.LoggingFilter     : Request: http://localhost:8080/api/v1/auth/login | Status: 200 OK | Duration: 9648 ms
2026-06-28T20:06:17.026+05:30  INFO 19744 --- [api-gateway] [ctor-http-nio-2] com.hms.gateway.filter.LoggingFilter     : Request: http://localhost:8080/api/v1/admin/users | Status: 200 OK | Duration: 207 ms
2026-06-28T20:06:17.140+05:30  INFO 19744 --- [api-gateway] [ctor-http-nio-2] com.hms.gateway.filter.LoggingFilter     : Request: http://localhost:8080/api/v1/admin/users | Status: 200 OK | Duration: 47 ms
2026-06-28T20:06:37.135+05:30 ERROR 19744 --- [api-gateway] [ctor-http-nio-5] r.netty.transport.ServerTransport        : [f1a65d42, L:/[0:0:0:0:0:0:0:1]:8080 - R:/[0:0:0:0:0:0:0:1]:55459] onUncaughtException(SimpleConnection{channel=[id: 0xf1a65d42, L:/[0:0:0:0:0:0:0:1]:8080 - R:/[0:0:0:0:0:0:0:1]:55459]})

java.lang.OutOfMemoryError: Unable to allocate 4194304 bytes
	at java.base/jdk.internal.misc.Unsafe.allocateMemory(Unsafe.java:632) ~[na:na]
	at java.base/java.nio.DirectByteBuffer.<init>(DirectByteBuffer.java:115) ~[na:na]
	at java.base/java.nio.ByteBuffer.allocateDirect(ByteBuffer.java:363) ~[na:na]
	at io.netty.buffer.PoolArena$DirectArena.allocateDirect(PoolArena.java:718) ~[netty-buffer-4.1.121.Final.jar:4.1.121.Final]
	at io.netty.buffer.PoolArena$DirectArena.newChunk(PoolArena.java:693) ~[netty-buffer-4.1.121.Final.jar:4.1.121.Final]
	at io.netty.buffer.PoolArena.allocateNormal(PoolArena.java:213) ~[netty-buffer-4.1.121.Final.jar:4.1.121.Final]
	at io.netty.buffer.PoolArena.tcacheAllocateSmall(PoolArena.java:178) ~[netty-buffer-4.1.121.Final.jar:4.1.121.Final]
	at io.netty.buffer.PoolArena.allocate(PoolArena.java:135) ~[netty-buffer-4.1.121.Final.jar:4.1.121.Final]
	at io.netty.buffer.PoolArena.allocate(PoolArena.java:127) ~[netty-buffer-4.1.121.Final.jar:4.1.121.Final]
	at io.netty.buffer.PooledByteBufAllocator.newDirectBuffer(PooledByteBufAllocator.java:403) ~[netty-buffer-4.1.121.Final.jar:4.1.121.Final]
	at io.netty.buffer.AbstractByteBufAllocator.directBuffer(AbstractByteBufAllocator.java:188) ~[netty-buffer-4.1.121.Final.jar:4.1.121.Final]
	at io.netty.buffer.AbstractByteBufAllocator.directBuffer(AbstractByteBufAllocator.java:179) ~[netty-buffer-4.1.121.Final.jar:4.1.121.Final]
	at io.netty.buffer.AbstractByteBufAllocator.ioBuffer(AbstractByteBufAllocator.java:140) ~[netty-buffer-4.1.121.Final.jar:4.1.121.Final]
	at io.netty.channel.DefaultMaxMessagesRecvByteBufAllocator$MaxMessageHandle.allocate(DefaultMaxMessagesRecvByteBufAllocator.java:120) ~[netty-transport-4.1.121.Final.jar:4.1.121.Final]
	at io.netty.channel.nio.AbstractNioByteChannel$NioByteUnsafe.read(AbstractNioByteChannel.java:150) ~[netty-transport-4.1.121.Final.jar:4.1.121.Final]
	at io.netty.channel.nio.NioEventLoop.processSelectedKey(NioEventLoop.java:796) ~[netty-transport-4.1.121.Final.jar:4.1.121.Final]
	at io.netty.channel.nio.NioEventLoop.processSelectedKeysOptimized(NioEventLoop.java:732) ~[netty-transport-4.1.121.Final.jar:4.1.121.Final]
	at io.netty.channel.nio.NioEventLoop.processSelectedKeys(NioEventLoop.java:658) ~[netty-transport-4.1.121.Final.jar:4.1.121.Final]
	at io.netty.channel.nio.NioEventLoop.run(NioEventLoop.java:562) ~[netty-transport-4.1.121.Final.jar:4.1.121.Final]
	at io.netty.util.concurrent.SingleThreadEventExecutor$4.run(SingleThreadEventExecutor.java:998) ~[netty-common-4.1.121.Final.jar:4.1.121.Final]
	at io.netty.util.internal.ThreadExecutorMap$2.run(ThreadExecutorMap.java:74) ~[netty-common-4.1.121.Final.jar:4.1.121.Final]
	at io.netty.util.concurrent.FastThreadLocalRunnable.run(FastThreadLocalRunnable.java:30) ~[netty-common-4.1.121.Final.jar:4.1.121.Final]
	at java.base/java.lang.Thread.run(Thread.java:1570) ~[na:na]

2026-06-28T20:06:43.688+05:30 ERROR 19744 --- [api-gateway] [ctor-http-nio-2] a.w.r.e.AbstractErrorWebExceptionHandler : [618dbd43-4]  500 Server Error for HTTP GET "/api/v1/medicines"

java.net.UnknownHostException: Failed to resolve 'Sujal.mshome.net' [A(1), AAAA(28)] after 4 queries 
	at io.netty.resolver.dns.DnsResolveContext.finishResolve(DnsResolveContext.java:1150) ~[netty-resolver-dns-4.1.121.Final.jar:4.1.121.Final]
	Suppressed: reactor.core.publisher.FluxOnAssembly$OnAssemblyException: 
Error has been observed at the following site(s):
	*__checkpoint ? org.springframework.cloud.gateway.filter.WeightCalculatorWebFilter [DefaultWebFilterChain]
	*__checkpoint ? HTTP GET "/api/v1/medicines" [ExceptionHandlingWebHandler]
Original Stack Trace:
		at io.netty.resolver.dns.DnsResolveContext.finishResolve(DnsResolveContext.java:1150) ~[netty-resolver-dns-4.1.121.Final.jar:4.1.121.Final]
		at io.netty.resolver.dns.DnsResolveContext.tryToFinishResolve(DnsResolveContext.java:1097) ~[netty-resolver-dns-4.1.121.Final.jar:4.1.121.Final]
		at io.netty.resolver.dns.DnsResolveContext.query(DnsResolveContext.java:455) ~[netty-resolver-dns-4.1.121.Final.jar:4.1.121.Final]
		at io.netty.resolver.dns.DnsResolveContext.onResponse(DnsResolveContext.java:686) ~[netty-resolver-dns-4.1.121.Final.jar:4.1.121.Final]
		at io.netty.resolver.dns.DnsResolveContext.access$500(DnsResolveContext.java:70) ~[netty-resolver-dns-4.1.121.Final.jar:4.1.121.Final]
		at io.netty.resolver.dns.DnsResolveContext$2.operationComplete(DnsResolveContext.java:513) ~[netty-resolver-dns-4.1.121.Final.jar:4.1.121.Final]
		at io.netty.util.concurrent.DefaultPromise.notifyListener0(DefaultPromise.java:603) ~[netty-common-4.1.121.Final.jar:4.1.121.Final]
		at io.netty.util.concurrent.DefaultPromise.notifyListeners0(DefaultPromise.java:596) ~[netty-common-4.1.121.Final.jar:4.1.121.Final]
		at io.netty.util.concurrent.DefaultPromise.notifyListenersNow(DefaultPromise.java:572) ~[netty-common-4.1.121.Final.jar:4.1.121.Final]
		at io.netty.util.concurrent.DefaultPromise.notifyListeners(DefaultPromise.java:505) ~[netty-common-4.1.121.Final.jar:4.1.121.Final]
		at io.netty.util.concurrent.DefaultPromise.setValue0(DefaultPromise.java:649) ~[netty-common-4.1.121.Final.jar:4.1.121.Final]
		at io.netty.util.concurrent.DefaultPromise.setSuccess0(DefaultPromise.java:638) ~[netty-common-4.1.121.Final.jar:4.1.121.Final]
		at io.netty.util.concurrent.DefaultPromise.trySuccess(DefaultPromise.java:118) ~[netty-common-4.1.121.Final.jar:4.1.121.Final]
		at io.netty.resolver.dns.DnsQueryContext.trySuccess(DnsQueryContext.java:308) ~[netty-resolver-dns-4.1.121.Final.jar:4.1.121.Final]
		at io.netty.resolver.dns.DnsQueryContext.finishSuccess(DnsQueryContext.java:299) ~[netty-resolver-dns-4.1.121.Final.jar:4.1.121.Final]
		at io.netty.resolver.dns.DnsNameResolver$DnsResponseHandler.channelRead(DnsNameResolver.java:1491) ~[netty-resolver-dns-4.1.121.Final.jar:4.1.121.Final]
		at io.netty.channel.AbstractChannelHandlerContext.invokeChannelRead(AbstractChannelHandlerContext.java:444) ~[netty-transport-4.1.121.Final.jar:4.1.121.Final]
		at io.netty.channel.AbstractChannelHandlerContext.invokeChannelRead(AbstractChannelHandlerContext.java:420) ~[netty-transport-4.1.121.Final.jar:4.1.121.Final]
		at io.netty.channel.AbstractChannelHandlerContext.fireChannelRead(AbstractChannelHandlerContext.java:412) ~[netty-transport-4.1.121.Final.jar:4.1.121.Final]
		at io.netty.handler.codec.MessageToMessageDecoder.channelRead(MessageToMessageDecoder.java:107) ~[netty-codec-4.1.121.Final.jar:4.1.121.Final]
		at io.netty.channel.AbstractChannelHandlerContext.invokeChannelRead(AbstractChannelHandlerContext.java:444) ~[netty-transport-4.1.121.Final.jar:4.1.121.Final]
		at io.netty.channel.AbstractChannelHandlerContext.invokeChannelRead(AbstractChannelHandlerContext.java:420) ~[netty-transport-4.1.121.Final.jar:4.1.121.Final]
		at io.netty.channel.AbstractChannelHandlerContext.fireChannelRead(AbstractChannelHandlerContext.java:412) ~[netty-transport-4.1.121.Final.jar:4.1.121.Final]
		at io.netty.channel.DefaultChannelPipeline$HeadContext.channelRead(DefaultChannelPipeline.java:1357) ~[netty-transport-4.1.121.Final.jar:4.1.121.Final]
		at io.netty.channel.AbstractChannelHandlerContext.invokeChannelRead(AbstractChannelHandlerContext.java:440) ~[netty-transport-4.1.121.Final.jar:4.1.121.Final]
		at io.netty.channel.AbstractChannelHandlerContext.invokeChannelRead(AbstractChannelHandlerContext.java:420) ~[netty-transport-4.1.121.Final.jar:4.1.121.Final]
		at io.netty.channel.DefaultChannelPipeline.fireChannelRead(DefaultChannelPipeline.java:868) ~[netty-transport-4.1.121.Final.jar:4.1.121.Final]
		at io.netty.channel.nio.AbstractNioMessageChannel$NioMessageUnsafe.read(AbstractNioMessageChannel.java:97) ~[netty-transport-4.1.121.Final.jar:4.1.121.Final]
		at io.netty.channel.nio.NioEventLoop.processSelectedKey(NioEventLoop.java:796) ~[netty-transport-4.1.121.Final.jar:4.1.121.Final]
		at io.netty.channel.nio.NioEventLoop.processSelectedKeysOptimized(NioEventLoop.java:732) ~[netty-transport-4.1.121.Final.jar:4.1.121.Final]
		at io.netty.channel.nio.NioEventLoop.processSelectedKeys(NioEventLoop.java:658) ~[netty-transport-4.1.121.Final.jar:4.1.121.Final]
		at io.netty.channel.nio.NioEventLoop.run(NioEventLoop.java:562) ~[netty-transport-4.1.121.Final.jar:4.1.121.Final]
		at io.netty.util.concurrent.SingleThreadEventExecutor$4.run(SingleThreadEventExecutor.java:998) ~[netty-common-4.1.121.Final.jar:4.1.121.Final]
		at io.netty.util.internal.ThreadExecutorMap$2.run(ThreadExecutorMap.java:74) ~[netty-common-4.1.121.Final.jar:4.1.121.Final]
		at io.netty.util.concurrent.FastThreadLocalRunnable.run(FastThreadLocalRunnable.java:30) ~[netty-common-4.1.121.Final.jar:4.1.121.Final]
		at java.base/java.lang.Thread.run(Thread.java:1570) ~[na:na]
Caused by: io.netty.resolver.dns.DnsErrorCauseException: Query failed with NXDOMAIN
	at io.netty.resolver.dns.DnsResolveContext.onResponse(..)(Unknown Source) ~[netty-resolver-dns-4.1.121.Final.jar:4.1.121.Final]

2026-06-28T20:06:48.830+05:30 ERROR 19744 --- [api-gateway] [ctor-http-nio-2] a.w.r.e.AbstractErrorWebExceptionHandler : [35a040cd-5]  500 Server Error for HTTP GET "/api/v1/audits?page=0&size=15"

java.net.UnknownHostException: Failed to resolve 'Sujal.mshome.net' [A(1), AAAA(28)] after 4 queries 
	at io.netty.resolver.dns.DnsResolveContext.finishResolve(DnsResolveContext.java:1150) ~[netty-resolver-dns-4.1.121.Final.jar:4.1.121.Final]
	Suppressed: reactor.core.publisher.FluxOnAssembly$OnAssemblyException: 
Error has been observed at the following site(s):
	*__checkpoint ? org.springframework.cloud.gateway.filter.WeightCalculatorWebFilter [DefaultWebFilterChain]
	*__checkpoint ? HTTP GET "/api/v1/audits?page=0&size=15" [ExceptionHandlingWebHandler]
Original Stack Trace:
		at io.netty.resolver.dns.DnsResolveContext.finishResolve(DnsResolveContext.java:1150) ~[netty-resolver-dns-4.1.121.Final.jar:4.1.121.Final]
		at io.netty.resolver.dns.DnsResolveContext.tryToFinishResolve(DnsResolveContext.java:1097) ~[netty-resolver-dns-4.1.121.Final.jar:4.1.121.Final]
		at io.netty.resolver.dns.DnsResolveContext.query(DnsResolveContext.java:455) ~[netty-resolver-dns-4.1.121.Final.jar:4.1.121.Final]
		at io.netty.resolver.dns.DnsResolveContext.onResponse(DnsResolveContext.java:686) ~[netty-resolver-dns-4.1.121.Final.jar:4.1.121.Final]
		at io.netty.resolver.dns.DnsResolveContext.access$500(DnsResolveContext.java:70) ~[netty-resolver-dns-4.1.121.Final.jar:4.1.121.Final]
		at io.netty.resolver.dns.DnsResolveContext$2.operationComplete(DnsResolveContext.java:513) ~[netty-resolver-dns-4.1.121.Final.jar:4.1.121.Final]
		at io.netty.util.concurrent.DefaultPromise.notifyListener0(DefaultPromise.java:603) ~[netty-common-4.1.121.Final.jar:4.1.121.Final]
		at io.netty.util.concurrent.DefaultPromise.notifyListeners0(DefaultPromise.java:596) ~[netty-common-4.1.121.Final.jar:4.1.121.Final]
		at io.netty.util.concurrent.DefaultPromise.notifyListenersNow(DefaultPromise.java:572) ~[netty-common-4.1.121.Final.jar:4.1.121.Final]
		at io.netty.util.concurrent.DefaultPromise.notifyListeners(DefaultPromise.java:505) ~[netty-common-4.1.121.Final.jar:4.1.121.Final]
		at io.netty.util.concurrent.DefaultPromise.setValue0(DefaultPromise.java:649) ~[netty-common-4.1.121.Final.jar:4.1.121.Final]
		at io.netty.util.concurrent.DefaultPromise.setSuccess0(DefaultPromise.java:638) ~[netty-common-4.1.121.Final.jar:4.1.121.Final]
		at io.netty.util.concurrent.DefaultPromise.trySuccess(DefaultPromise.java:118) ~[netty-common-4.1.121.Final.jar:4.1.121.Final]
		at io.netty.resolver.dns.DnsQueryContext.trySuccess(DnsQueryContext.java:308) ~[netty-resolver-dns-4.1.121.Final.jar:4.1.121.Final]
		at io.netty.resolver.dns.DnsQueryContext.finishSuccess(DnsQueryContext.java:299) ~[netty-resolver-dns-4.1.121.Final.jar:4.1.121.Final]
		at io.netty.resolver.dns.DnsNameResolver$DnsResponseHandler.channelRead(DnsNameResolver.java:1491) ~[netty-resolver-dns-4.1.121.Final.jar:4.1.121.Final]
		at io.netty.channel.AbstractChannelHandlerContext.invokeChannelRead(AbstractChannelHandlerContext.java:444) ~[netty-transport-4.1.121.Final.jar:4.1.121.Final]
		at io.netty.channel.AbstractChannelHandlerContext.invokeChannelRead(AbstractChannelHandlerContext.java:420) ~[netty-transport-4.1.121.Final.jar:4.1.121.Final]
		at io.netty.channel.AbstractChannelHandlerContext.fireChannelRead(AbstractChannelHandlerContext.java:412) ~[netty-transport-4.1.121.Final.jar:4.1.121.Final]
		at io.netty.handler.codec.MessageToMessageDecoder.channelRead(MessageToMessageDecoder.java:107) ~[netty-codec-4.1.121.Final.jar:4.1.121.Final]
		at io.netty.channel.AbstractChannelHandlerContext.invokeChannelRead(AbstractChannelHandlerContext.java:444) ~[netty-transport-4.1.121.Final.jar:4.1.121.Final]
		at io.netty.channel.AbstractChannelHandlerContext.invokeChannelRead(AbstractChannelHandlerContext.java:420) ~[netty-transport-4.1.121.Final.jar:4.1.121.Final]
		at io.netty.channel.AbstractChannelHandlerContext.fireChannelRead(AbstractChannelHandlerContext.java:412) ~[netty-transport-4.1.121.Final.jar:4.1.121.Final]
		at io.netty.channel.DefaultChannelPipeline$HeadContext.channelRead(DefaultChannelPipeline.java:1357) ~[netty-transport-4.1.121.Final.jar:4.1.121.Final]
		at io.netty.channel.AbstractChannelHandlerContext.invokeChannelRead(AbstractChannelHandlerContext.java:440) ~[netty-transport-4.1.121.Final.jar:4.1.121.Final]
		at io.netty.channel.AbstractChannelHandlerContext.invokeChannelRead(AbstractChannelHandlerContext.java:420) ~[netty-transport-4.1.121.Final.jar:4.1.121.Final]
		at io.netty.channel.DefaultChannelPipeline.fireChannelRead(DefaultChannelPipeline.java:868) ~[netty-transport-4.1.121.Final.jar:4.1.121.Final]
		at io.netty.channel.nio.AbstractNioMessageChannel$NioMessageUnsafe.read(AbstractNioMessageChannel.java:97) ~[netty-transport-4.1.121.Final.jar:4.1.121.Final]
		at io.netty.channel.nio.NioEventLoop.processSelectedKey(NioEventLoop.java:796) ~[netty-transport-4.1.121.Final.jar:4.1.121.Final]
		at io.netty.channel.nio.NioEventLoop.processSelectedKeysOptimized(NioEventLoop.java:732) ~[netty-transport-4.1.121.Final.jar:4.1.121.Final]
		at io.netty.channel.nio.NioEventLoop.processSelectedKeys(NioEventLoop.java:658) ~[netty-transport-4.1.121.Final.jar:4.1.121.Final]
		at io.netty.channel.nio.NioEventLoop.run(NioEventLoop.java:562) ~[netty-transport-4.1.121.Final.jar:4.1.121.Final]
		at io.netty.util.concurrent.SingleThreadEventExecutor$4.run(SingleThreadEventExecutor.java:998) ~[netty-common-4.1.121.Final.jar:4.1.121.Final]
		at io.netty.util.internal.ThreadExecutorMap$2.run(ThreadExecutorMap.java:74) ~[netty-common-4.1.121.Final.jar:4.1.121.Final]
		at io.netty.util.concurrent.FastThreadLocalRunnable.run(FastThreadLocalRunnable.java:30) ~[netty-common-4.1.121.Final.jar:4.1.121.Final]
		at java.base/java.lang.Thread.run(Thread.java:1570) ~[na:na]
Caused by: io.netty.resolver.dns.DnsErrorCauseException: Query failed with NXDOMAIN
	at io.netty.resolver.dns.DnsResolveContext.onResponse(..)(Unknown Source) ~[netty-resolver-dns-4.1.121.Final.jar:4.1.121.Final]

2026-06-28T20:06:48.953+05:30 ERROR 19744 --- [api-gateway] [ctor-http-nio-2] a.w.r.e.AbstractErrorWebExceptionHandler : [3dd8fbe6-6]  500 Server Error for HTTP GET "/api/v1/audits?page=0&size=15"

java.net.UnknownHostException: Failed to resolve 'Sujal.mshome.net' [A(1), AAAA(28)] after 4 queries 
	at io.netty.resolver.dns.DnsResolveContext.finishResolve(DnsResolveContext.java:1150) ~[netty-resolver-dns-4.1.121.Final.jar:4.1.121.Final]
	Suppressed: reactor.core.publisher.FluxOnAssembly$OnAssemblyException: 
Error has been observed at the following site(s):
	*__checkpoint ? org.springframework.cloud.gateway.filter.WeightCalculatorWebFilter [DefaultWebFilterChain]
	*__checkpoint ? HTTP GET "/api/v1/audits?page=0&size=15" [ExceptionHandlingWebHandler]
Original Stack Trace:
		at io.netty.resolver.dns.DnsResolveContext.finishResolve(DnsResolveContext.java:1150) ~[netty-resolver-dns-4.1.121.Final.jar:4.1.121.Final]
		at io.netty.resolver.dns.DnsResolveContext.tryToFinishResolve(DnsResolveContext.java:1097) ~[netty-resolver-dns-4.1.121.Final.jar:4.1.121.Final]
		at io.netty.resolver.dns.DnsResolveContext.query(DnsResolveContext.java:455) ~[netty-resolver-dns-4.1.121.Final.jar:4.1.121.Final]
		at io.netty.resolver.dns.DnsResolveContext.onResponse(DnsResolveContext.java:686) ~[netty-resolver-dns-4.1.121.Final.jar:4.1.121.Final]
		at io.netty.resolver.dns.DnsResolveContext.access$500(DnsResolveContext.java:70) ~[netty-resolver-dns-4.1.121.Final.jar:4.1.121.Final]
		at io.netty.resolver.dns.DnsResolveContext$2.operationComplete(DnsResolveContext.java:513) ~[netty-resolver-dns-4.1.121.Final.jar:4.1.121.Final]
		at io.netty.util.concurrent.DefaultPromise.notifyListener0(DefaultPromise.java:603) ~[netty-common-4.1.121.Final.jar:4.1.121.Final]
		at io.netty.util.concurrent.DefaultPromise.notifyListeners0(DefaultPromise.java:596) ~[netty-common-4.1.121.Final.jar:4.1.121.Final]
		at io.netty.util.concurrent.DefaultPromise.notifyListenersNow(DefaultPromise.java:572) ~[netty-common-4.1.121.Final.jar:4.1.121.Final]
		at io.netty.util.concurrent.DefaultPromise.notifyListeners(DefaultPromise.java:505) ~[netty-common-4.1.121.Final.jar:4.1.121.Final]
		at io.netty.util.concurrent.DefaultPromise.setValue0(DefaultPromise.java:649) ~[netty-common-4.1.121.Final.jar:4.1.121.Final]
		at io.netty.util.concurrent.DefaultPromise.setSuccess0(DefaultPromise.java:638) ~[netty-common-4.1.121.Final.jar:4.1.121.Final]
		at io.netty.util.concurrent.DefaultPromise.trySuccess(DefaultPromise.java:118) ~[netty-common-4.1.121.Final.jar:4.1.121.Final]
		at io.netty.resolver.dns.DnsQueryContext.trySuccess(DnsQueryContext.java:308) ~[netty-resolver-dns-4.1.121.Final.jar:4.1.121.Final]
		at io.netty.resolver.dns.DnsQueryContext.finishSuccess(DnsQueryContext.java:299) ~[netty-resolver-dns-4.1.121.Final.jar:4.1.121.Final]
		at io.netty.resolver.dns.DnsNameResolver$DnsResponseHandler.channelRead(DnsNameResolver.java:1491) ~[netty-resolver-dns-4.1.121.Final.jar:4.1.121.Final]
		at io.netty.channel.AbstractChannelHandlerContext.invokeChannelRead(AbstractChannelHandlerContext.java:444) ~[netty-transport-4.1.121.Final.jar:4.1.121.Final]
		at io.netty.channel.AbstractChannelHandlerContext.invokeChannelRead(AbstractChannelHandlerContext.java:420) ~[netty-transport-4.1.121.Final.jar:4.1.121.Final]
		at io.netty.channel.AbstractChannelHandlerContext.fireChannelRead(AbstractChannelHandlerContext.java:412) ~[netty-transport-4.1.121.Final.jar:4.1.121.Final]
		at io.netty.handler.codec.MessageToMessageDecoder.channelRead(MessageToMessageDecoder.java:107) ~[netty-codec-4.1.121.Final.jar:4.1.121.Final]
		at io.netty.channel.AbstractChannelHandlerContext.invokeChannelRead(AbstractChannelHandlerContext.java:444) ~[netty-transport-4.1.121.Final.jar:4.1.121.Final]
		at io.netty.channel.AbstractChannelHandlerContext.invokeChannelRead(AbstractChannelHandlerContext.java:420) ~[netty-transport-4.1.121.Final.jar:4.1.121.Final]
		at io.netty.channel.AbstractChannelHandlerContext.fireChannelRead(AbstractChannelHandlerContext.java:412) ~[netty-transport-4.1.121.Final.jar:4.1.121.Final]
		at io.netty.channel.DefaultChannelPipeline$HeadContext.channelRead(DefaultChannelPipeline.java:1357) ~[netty-transport-4.1.121.Final.jar:4.1.121.Final]
		at io.netty.channel.AbstractChannelHandlerContext.invokeChannelRead(AbstractChannelHandlerContext.java:440) ~[netty-transport-4.1.121.Final.jar:4.1.121.Final]
		at io.netty.channel.AbstractChannelHandlerContext.invokeChannelRead(AbstractChannelHandlerContext.java:420) ~[netty-transport-4.1.121.Final.jar:4.1.121.Final]
		at io.netty.channel.DefaultChannelPipeline.fireChannelRead(DefaultChannelPipeline.java:868) ~[netty-transport-4.1.121.Final.jar:4.1.121.Final]
		at io.netty.channel.nio.AbstractNioMessageChannel$NioMessageUnsafe.read(AbstractNioMessageChannel.java:97) ~[netty-transport-4.1.121.Final.jar:4.1.121.Final]
		at io.netty.channel.nio.NioEventLoop.processSelectedKey(NioEventLoop.java:796) ~[netty-transport-4.1.121.Final.jar:4.1.121.Final]
		at io.netty.channel.nio.NioEventLoop.processSelectedKeysOptimized(NioEventLoop.java:732) ~[netty-transport-4.1.121.Final.jar:4.1.121.Final]
		at io.netty.channel.nio.NioEventLoop.processSelectedKeys(NioEventLoop.java:658) ~[netty-transport-4.1.121.Final.jar:4.1.121.Final]
		at io.netty.channel.nio.NioEventLoop.run(NioEventLoop.java:562) ~[netty-transport-4.1.121.Final.jar:4.1.121.Final]
		at io.netty.util.concurrent.SingleThreadEventExecutor$4.run(SingleThreadEventExecutor.java:998) ~[netty-common-4.1.121.Final.jar:4.1.121.Final]
		at io.netty.util.internal.ThreadExecutorMap$2.run(ThreadExecutorMap.java:74) ~[netty-common-4.1.121.Final.jar:4.1.121.Final]
		at io.netty.util.concurrent.FastThreadLocalRunnable.run(FastThreadLocalRunnable.java:30) ~[netty-common-4.1.121.Final.jar:4.1.121.Final]
		at java.base/java.lang.Thread.run(Thread.java:1570) ~[na:na]
Caused by: io.netty.resolver.dns.DnsErrorCauseException: Query failed with NXDOMAIN
	at io.netty.resolver.dns.DnsResolveContext.onResponse(..)(Unknown Source) ~[netty-resolver-dns-4.1.121.Final.jar:4.1.121.Final]

