[INFO] Scanning for projects...
[INFO] 
[INFO] --------------------< com.hms:appointment-service >---------------------
[INFO] Building appointment-service 1.0.0
[INFO]   from pom.xml
[INFO] --------------------------------[ jar ]---------------------------------
[INFO] 
[INFO] >>> spring-boot:3.5.0:run (default-cli) > test-compile @ appointment-service >>>
[INFO] 
[INFO] --- resources:3.3.1:resources (default-resources) @ appointment-service ---
[INFO] Copying 1 resource from src\main\resources to target\classes
[INFO] Copying 5 resources from src\main\resources to target\classes
[INFO] 
[INFO] --- compiler:3.14.0:compile (default-compile) @ appointment-service ---
[INFO] Nothing to compile - all classes are up to date.
[INFO] 
[INFO] --- resources:3.3.1:testResources (default-testResources) @ appointment-service ---
[INFO] skip non existing resourceDirectory C:\Projects\HMS-FULLSTACK\backend\appointment-service\src\test\resources
[INFO] 
[INFO] --- compiler:3.14.0:testCompile (default-testCompile) @ appointment-service ---
[INFO] Recompiling the module because of added or removed source files.
[INFO] Compiling 1 source file with javac [debug parameters release 21] to target\test-classes
[INFO] 
[INFO] <<< spring-boot:3.5.0:run (default-cli) < test-compile @ appointment-service <<<
[INFO] 
[INFO] 
[INFO] --- spring-boot:3.5.0:run (default-cli) @ appointment-service ---
[INFO] Attaching agents: []

  .   ____          _            __ _ _
 /\\ / ___'_ __ _ _(_)_ __  __ _ \ \ \ \
( ( )\___ | '_ | '_| | '_ \/ _` | \ \ \ \
 \\/  ___)| |_)| | | | | || (_| |  ) ) ) )
  '  |____| .__|_| |_|_| |_\__, | / / / /
 =========|_|==============|___/=/_/_/_/

 :: Spring Boot ::                (v3.5.0)

2026-06-28 20:00:18,035 INFO  [] com.hms.appointment.AppointmentServiceApplication : Starting AppointmentServiceApplication using Java 22.0.2 with PID 3496 (C:\Projects\HMS-FULLSTACK\backend\appointment-service\target\classes started by admin in C:\Projects\HMS-FULLSTACK\backend\appointment-service)
2026-06-28 20:00:18,040 INFO  [] com.hms.appointment.AppointmentServiceApplication : No active profile set, falling back to 1 default profile: "default"
2026-06-28 20:00:22,023 INFO  [] org.springframework.data.repository.config.RepositoryConfigurationDelegate : Multiple Spring Data modules found, entering strict repository configuration mode
2026-06-28 20:00:22,028 INFO  [] org.springframework.data.repository.config.RepositoryConfigurationDelegate : Bootstrapping Spring Data JPA repositories in DEFAULT mode.
2026-06-28 20:00:22,567 INFO  [] org.springframework.data.repository.config.RepositoryConfigurationDelegate : Finished Spring Data repository scanning in 511 ms. Found 3 JPA repository interfaces.
2026-06-28 20:00:22,613 INFO  [] org.springframework.data.repository.config.RepositoryConfigurationDelegate : Multiple Spring Data modules found, entering strict repository configuration mode
2026-06-28 20:00:22,618 INFO  [] org.springframework.data.repository.config.RepositoryConfigurationDelegate : Bootstrapping Spring Data Redis repositories in DEFAULT mode.
2026-06-28 20:00:22,677 INFO  [] org.springframework.data.repository.config.RepositoryConfigurationExtensionSupport : Spring Data Redis - Could not safely identify store assignment for repository candidate interface com.hms.appointment.repository.AppointmentRepository; If you want this repository to be a Redis repository, consider annotating your entities with one of these annotations: org.springframework.data.redis.core.RedisHash (preferred), or consider extending one of the following types with your repository: org.springframework.data.keyvalue.repository.KeyValueRepository
2026-06-28 20:00:22,678 INFO  [] org.springframework.data.repository.config.RepositoryConfigurationExtensionSupport : Spring Data Redis - Could not safely identify store assignment for repository candidate interface com.hms.appointment.repository.DoctorAvailabilityRepository; If you want this repository to be a Redis repository, consider annotating your entities with one of these annotations: org.springframework.data.redis.core.RedisHash (preferred), or consider extending one of the following types with your repository: org.springframework.data.keyvalue.repository.KeyValueRepository
2026-06-28 20:00:22,679 INFO  [] org.springframework.data.repository.config.RepositoryConfigurationExtensionSupport : Spring Data Redis - Could not safely identify store assignment for repository candidate interface com.hms.appointment.repository.DoctorLeaveRepository; If you want this repository to be a Redis repository, consider annotating your entities with one of these annotations: org.springframework.data.redis.core.RedisHash (preferred), or consider extending one of the following types with your repository: org.springframework.data.keyvalue.repository.KeyValueRepository
2026-06-28 20:00:22,679 INFO  [] org.springframework.data.repository.config.RepositoryConfigurationDelegate : Finished Spring Data repository scanning in 28 ms. Found 0 Redis repository interfaces.
2026-06-28 20:00:23,703 INFO  [] org.springframework.cloud.context.scope.GenericScope : BeanFactory id=b1184a85-f046-3d04-9882-5bc28ba040e5
2026-06-28 20:00:25,374 INFO  [] org.springframework.boot.web.embedded.tomcat.TomcatWebServer : Tomcat initialized with port 8083 (http)
2026-06-28 20:00:25,434 INFO  [] org.apache.catalina.core.StandardService : Starting service [Tomcat]
2026-06-28 20:00:25,434 INFO  [] org.apache.catalina.core.StandardEngine : Starting Servlet engine: [Apache Tomcat/10.1.41]
2026-06-28 20:00:25,894 INFO  [] org.apache.catalina.core.ContainerBase.[Tomcat].[localhost].[/] : Initializing Spring embedded WebApplicationContext
2026-06-28 20:00:25,896 INFO  [] org.springframework.boot.web.servlet.context.ServletWebServerApplicationContext : Root WebApplicationContext: initialization completed in 7685 ms
2026-06-28 20:00:27,363 INFO  [] com.zaxxer.hikari.HikariDataSource : HikariPool-1 - Starting...
2026-06-28 20:00:27,811 INFO  [] com.zaxxer.hikari.pool.HikariPool : HikariPool-1 - Added connection org.postgresql.jdbc.PgConnection@281ca256
2026-06-28 20:00:27,814 INFO  [] com.zaxxer.hikari.HikariDataSource : HikariPool-1 - Start completed.
2026-06-28 20:00:27,870 INFO  [] org.flywaydb.core.FlywayExecutor : Database: jdbc:postgresql://localhost:5432/appointment_db (PostgreSQL 18.3)
2026-06-28 20:00:27,900 WARN  [] org.flywaydb.core.internal.database.base.Database : Flyway upgrade recommended: PostgreSQL 18.3 is newer than this version of Flyway and support has not been tested. The latest supported version of PostgreSQL is 17.
2026-06-28 20:00:28,099 INFO  [] org.flywaydb.core.internal.command.DbValidate : Successfully validated 5 migrations (execution time 00:00.137s)
2026-06-28 20:00:28,135 INFO  [] org.flywaydb.core.internal.command.DbMigrate : Current version of schema "public": 5
2026-06-28 20:00:28,147 INFO  [] org.flywaydb.core.internal.command.DbMigrate : Schema "public" is up to date. No migration necessary.
2026-06-28 20:00:28,385 INFO  [] org.hibernate.jpa.internal.util.LogHelper : HHH000204: Processing PersistenceUnitInfo [name: default]
2026-06-28 20:00:28,541 INFO  [] org.hibernate.Version : HHH000412: Hibernate ORM core version 6.6.15.Final
2026-06-28 20:00:28,632 INFO  [] org.hibernate.cache.internal.RegionFactoryInitiator : HHH000026: Second-level cache disabled
2026-06-28 20:00:29,481 INFO  [] org.springframework.orm.jpa.persistenceunit.SpringPersistenceUnitInfo : No LoadTimeWeaver setup: ignoring JPA class transformer
2026-06-28 20:00:29,660 INFO  [] org.hibernate.orm.connections.pooling : HHH10001005: Database info:
	Database JDBC URL [Connecting through datasource 'HikariDataSource (HikariPool-1)']
	Database driver: undefined/unknown
	Database version: 18.3
	Autocommit mode: undefined/unknown
	Isolation level: undefined/unknown
	Minimum pool size: undefined/unknown
	Maximum pool size: undefined/unknown
2026-06-28 20:00:32,096 INFO  [] org.hibernate.engine.transaction.jta.platform.internal.JtaPlatformInitiator : HHH000489: No JTA platform available (set 'hibernate.transaction.jta.platform' to enable JTA platform integration)
2026-06-28 20:00:32,533 INFO  [] org.springframework.orm.jpa.LocalContainerEntityManagerFactoryBean : Initialized JPA EntityManagerFactory for persistence unit 'default'
2026-06-28 20:00:33,522 WARN  [] org.springframework.boot.autoconfigure.orm.jpa.JpaBaseConfiguration$JpaWebConfiguration : spring.jpa.open-in-view is enabled by default. Therefore, database queries may be performed during view rendering. Explicitly configure spring.jpa.open-in-view to disable this warning
2026-06-28 20:00:33,676 INFO  [] org.springframework.cloud.openfeign.FeignClientFactoryBean : For 'PATIENT-SERVICE' URL not provided. Will try picking an instance via load-balancing.
2026-06-28 20:00:34,689 WARN  [] org.springframework.boot.autoconfigure.security.servlet.UserDetailsServiceAutoConfiguration : 

Using generated security password: c0af3bc5-f4d8-441b-b1db-bd2ce1e728a9

This generated password is for development use only. Your security configuration must be updated before running your application in production.

2026-06-28 20:00:34,704 INFO  [] org.springframework.security.config.annotation.authentication.configuration.InitializeUserDetailsBeanManagerConfigurer$InitializeUserDetailsManagerConfigurer : Global AuthenticationManager configured with UserDetailsService bean with name inMemoryUserDetailsManager
2026-06-28 20:00:35,775 INFO  [] org.springframework.boot.actuate.endpoint.web.EndpointLinksResolver : Exposing 2 endpoints beneath base path '/actuator'
2026-06-28 20:00:37,883 INFO  [] org.springframework.cloud.netflix.eureka.config.DiscoveryClientOptionalArgsConfiguration : Eureka HTTP Client uses RestTemplate.
2026-06-28 20:00:37,964 WARN  [] org.springframework.cloud.loadbalancer.config.LoadBalancerCacheAutoConfiguration$LoadBalancerCaffeineWarnLogger : Spring Cloud LoadBalancer is currently working with the default cache. While this cache implementation is useful for development and tests, it's recommended to use Caffeine cache in production.You can switch to using Caffeine cache, by adding it and org.springframework.cache.caffeine.CaffeineCacheManager to the classpath.
2026-06-28 20:00:38,147 INFO  [] org.springframework.cloud.netflix.eureka.InstanceInfoFactory : Setting initial instance status as: STARTING
2026-06-28 20:00:38,202 INFO  [] com.netflix.discovery.DiscoveryClient : Initializing Eureka in region us-east-1
2026-06-28 20:00:38,212 INFO  [] com.netflix.discovery.shared.resolver.aws.ConfigClusterResolver : Resolving eureka endpoints via configuration
2026-06-28 20:00:38,228 INFO  [] com.netflix.discovery.DiscoveryClient : Disable delta property : false
2026-06-28 20:00:38,229 INFO  [] com.netflix.discovery.DiscoveryClient : Single vip registry refresh property : null
2026-06-28 20:00:38,229 INFO  [] com.netflix.discovery.DiscoveryClient : Force full registry fetch : false
2026-06-28 20:00:38,229 INFO  [] com.netflix.discovery.DiscoveryClient : Application is null : false
2026-06-28 20:00:38,229 INFO  [] com.netflix.discovery.DiscoveryClient : Registered Applications size is zero : true
2026-06-28 20:00:38,229 INFO  [] com.netflix.discovery.DiscoveryClient : Application version is -1: true
2026-06-28 20:00:38,229 INFO  [] com.netflix.discovery.DiscoveryClient : Getting all instance registry info from the eureka server
2026-06-28 20:00:39,044 INFO  [] com.netflix.discovery.DiscoveryClient : The response status is 200
2026-06-28 20:00:39,046 INFO  [] com.netflix.discovery.DiscoveryClient : Starting heartbeat executor: renew interval is: 30
2026-06-28 20:00:39,056 INFO  [] com.netflix.discovery.InstanceInfoReplicator : InstanceInfoReplicator onDemand update allowed rate per min is 4
2026-06-28 20:00:39,059 INFO  [] com.netflix.discovery.DiscoveryClient : Discovery Client initialized at timestamp 1782657039058 with initial instances count: 4
2026-06-28 20:00:39,069 INFO  [] org.springframework.cloud.netflix.eureka.serviceregistry.EurekaServiceRegistry : Registering application APPOINTMENT-SERVICE with eureka with status UP
2026-06-28 20:00:39,069 INFO  [] com.netflix.discovery.DiscoveryClient : Saw local status change event StatusChangeEvent [timestamp=1782657039069, current=UP, previous=STARTING]
2026-06-28 20:00:39,072 INFO  [] com.netflix.discovery.DiscoveryClient : DiscoveryClient_APPOINTMENT-SERVICE/Sujal.mshome.net:appointment-service:8083: registering service...
2026-06-28 20:00:39,126 INFO  [] org.springframework.boot.web.embedded.tomcat.TomcatWebServer : Tomcat started on port 8083 (http) with context path '/'
2026-06-28 20:00:39,128 INFO  [] org.springframework.cloud.netflix.eureka.serviceregistry.EurekaAutoServiceRegistration : Updating port to 8083
2026-06-28 20:00:39,180 INFO  [] com.hms.appointment.AppointmentServiceApplication : Started AppointmentServiceApplication in 22.646 seconds (process running for 24.057)
2026-06-28 20:00:39,202 INFO  [] com.netflix.discovery.DiscoveryClient : DiscoveryClient_APPOINTMENT-SERVICE/Sujal.mshome.net:appointment-service:8083 - registration status: 204
2026-06-28 20:05:38,310 INFO  [] com.netflix.discovery.shared.resolver.aws.ConfigClusterResolver : Resolving eureka endpoints via configuration
2026-06-28 20:07:02,009 WARN  [] com.zaxxer.hikari.pool.PoolBase : HikariPool-1 - Failed to validate connection org.postgresql.jdbc.PgConnection@d77a4da (This connection has been closed.). Possibly consider using a shorter maxLifetime value.
2026-06-28 20:07:03,819 WARN  [] com.zaxxer.hikari.pool.PoolBase : HikariPool-1 - Failed to validate connection org.postgresql.jdbc.PgConnection@7fd8fc58 (This connection has been closed.). Possibly consider using a shorter maxLifetime value.
2026-06-28 20:07:23,180 WARN  [] com.zaxxer.hikari.pool.PoolBase : HikariPool-1 - Failed to validate connection org.postgresql.jdbc.PgConnection@4fb9d60d (This connection has been closed.). Possibly consider using a shorter maxLifetime value.
2026-06-28 20:07:31,586 WARN  [] com.zaxxer.hikari.pool.PoolBase : HikariPool-1 - Failed to validate connection org.postgresql.jdbc.PgConnection@18eacf10 (This connection has been closed.). Possibly consider using a shorter maxLifetime value.
