[INFO] Scanning for projects...
[INFO] 
[INFO] -----------------------< com.hms:audit-service >------------------------
[INFO] Building audit-service 1.0.0
[INFO]   from pom.xml
[INFO] --------------------------------[ jar ]---------------------------------
[INFO] 
[INFO] >>> spring-boot:3.5.0:run (default-cli) > test-compile @ audit-service >>>
[INFO] 
[INFO] --- resources:3.3.1:resources (default-resources) @ audit-service ---
[INFO] Copying 1 resource from src\main\resources to target\classes
[INFO] Copying 1 resource from src\main\resources to target\classes
[INFO] 
[INFO] --- compiler:3.14.0:compile (default-compile) @ audit-service ---
[INFO] Nothing to compile - all classes are up to date.
[INFO] 
[INFO] --- resources:3.3.1:testResources (default-testResources) @ audit-service ---
[INFO] skip non existing resourceDirectory C:\Projects\HMS-FULLSTACK\backend\audit-service\src\test\resources
[INFO] 
[INFO] --- compiler:3.14.0:testCompile (default-testCompile) @ audit-service ---
[INFO] Recompiling the module because of added or removed source files.
[INFO] Compiling 1 source file with javac [debug parameters release 21] to target\test-classes
[INFO] 
[INFO] <<< spring-boot:3.5.0:run (default-cli) < test-compile @ audit-service <<<
[INFO] 
[INFO] 
[INFO] --- spring-boot:3.5.0:run (default-cli) @ audit-service ---
[INFO] Attaching agents: []

  .   ____          _            __ _ _
 /\\ / ___'_ __ _ _(_)_ __  __ _ \ \ \ \
( ( )\___ | '_ | '_| | '_ \/ _` | \ \ \ \
 \\/  ___)| |_)| | | | | || (_| |  ) ) ) )
  '  |____| .__|_| |_|_| |_\__, | / / / /
 =========|_|==============|___/=/_/_/_/

 :: Spring Boot ::                (v3.5.0)

2026-06-28 20:01:29,939 INFO  [] com.hms.audit.AuditServiceApplication : Starting AuditServiceApplication using Java 22.0.2 with PID 17552 (C:\Projects\HMS-FULLSTACK\backend\audit-service\target\classes started by admin in C:\Projects\HMS-FULLSTACK\backend\audit-service)
2026-06-28 20:01:29,942 INFO  [] com.hms.audit.AuditServiceApplication : No active profile set, falling back to 1 default profile: "default"
2026-06-28 20:01:33,121 INFO  [] org.springframework.data.repository.config.RepositoryConfigurationDelegate : Bootstrapping Spring Data JPA repositories in DEFAULT mode.
2026-06-28 20:01:33,639 INFO  [] org.springframework.data.repository.config.RepositoryConfigurationDelegate : Finished Spring Data repository scanning in 475 ms. Found 1 JPA repository interface.
2026-06-28 20:01:34,475 INFO  [] org.springframework.cloud.context.scope.GenericScope : BeanFactory id=f3d5f7ec-4bd8-305a-8b80-5417878c19a8
2026-06-28 20:01:35,605 INFO  [] org.springframework.boot.web.embedded.tomcat.TomcatWebServer : Tomcat initialized with port 8086 (http)
2026-06-28 20:01:35,643 INFO  [] org.apache.catalina.core.StandardService : Starting service [Tomcat]
2026-06-28 20:01:35,644 INFO  [] org.apache.catalina.core.StandardEngine : Starting Servlet engine: [Apache Tomcat/10.1.41]
2026-06-28 20:01:35,862 INFO  [] org.apache.catalina.core.ContainerBase.[Tomcat].[localhost].[/] : Initializing Spring embedded WebApplicationContext
2026-06-28 20:01:35,865 INFO  [] org.springframework.boot.web.servlet.context.ServletWebServerApplicationContext : Root WebApplicationContext: initialization completed in 5812 ms
2026-06-28 20:01:36,929 INFO  [] com.zaxxer.hikari.HikariDataSource : HikariPool-1 - Starting...
2026-06-28 20:01:37,449 INFO  [] com.zaxxer.hikari.pool.HikariPool : HikariPool-1 - Added connection org.postgresql.jdbc.PgConnection@12d44a2a
2026-06-28 20:01:37,453 INFO  [] com.zaxxer.hikari.HikariDataSource : HikariPool-1 - Start completed.
2026-06-28 20:01:37,536 INFO  [] org.flywaydb.core.FlywayExecutor : Database: jdbc:postgresql://localhost:5432/audit_db (PostgreSQL 18.3)
2026-06-28 20:01:37,690 WARN  [] org.flywaydb.core.internal.database.base.Database : Flyway upgrade recommended: PostgreSQL 18.3 is newer than this version of Flyway and support has not been tested. The latest supported version of PostgreSQL is 17.
2026-06-28 20:01:37,888 INFO  [] org.flywaydb.core.internal.command.DbValidate : Successfully validated 1 migration (execution time 00:00.117s)
2026-06-28 20:01:37,928 INFO  [] org.flywaydb.core.internal.command.DbMigrate : Current version of schema "public": 1
2026-06-28 20:01:37,936 INFO  [] org.flywaydb.core.internal.command.DbMigrate : Schema "public" is up to date. No migration necessary.
2026-06-28 20:01:38,203 INFO  [] org.hibernate.jpa.internal.util.LogHelper : HHH000204: Processing PersistenceUnitInfo [name: default]
2026-06-28 20:01:38,642 INFO  [] org.hibernate.Version : HHH000412: Hibernate ORM core version 6.6.15.Final
2026-06-28 20:01:38,891 INFO  [] org.hibernate.cache.internal.RegionFactoryInitiator : HHH000026: Second-level cache disabled
2026-06-28 20:01:40,408 INFO  [] org.springframework.orm.jpa.persistenceunit.SpringPersistenceUnitInfo : No LoadTimeWeaver setup: ignoring JPA class transformer
2026-06-28 20:01:40,860 INFO  [] org.hibernate.orm.connections.pooling : HHH10001005: Database info:
	Database JDBC URL [Connecting through datasource 'HikariDataSource (HikariPool-1)']
	Database driver: undefined/unknown
	Database version: 18.3
	Autocommit mode: undefined/unknown
	Isolation level: undefined/unknown
	Minimum pool size: undefined/unknown
	Maximum pool size: undefined/unknown
2026-06-28 20:01:44,995 INFO  [] org.hibernate.engine.transaction.jta.platform.internal.JtaPlatformInitiator : HHH000489: No JTA platform available (set 'hibernate.transaction.jta.platform' to enable JTA platform integration)
2026-06-28 20:01:45,976 INFO  [] org.springframework.orm.jpa.LocalContainerEntityManagerFactoryBean : Initialized JPA EntityManagerFactory for persistence unit 'default'
2026-06-28 20:01:47,204 WARN  [] org.springframework.boot.autoconfigure.orm.jpa.JpaBaseConfiguration$JpaWebConfiguration : spring.jpa.open-in-view is enabled by default. Therefore, database queries may be performed during view rendering. Explicitly configure spring.jpa.open-in-view to disable this warning
2026-06-28 20:01:49,711 INFO  [] org.springframework.cloud.netflix.eureka.config.DiscoveryClientOptionalArgsConfiguration : Eureka HTTP Client uses RestTemplate.
2026-06-28 20:01:49,884 WARN  [] org.springframework.cloud.loadbalancer.config.LoadBalancerCacheAutoConfiguration$LoadBalancerCaffeineWarnLogger : Spring Cloud LoadBalancer is currently working with the default cache. While this cache implementation is useful for development and tests, it's recommended to use Caffeine cache in production.You can switch to using Caffeine cache, by adding it and org.springframework.cache.caffeine.CaffeineCacheManager to the classpath.
2026-06-28 20:01:49,894 INFO  [] org.springframework.boot.actuate.endpoint.web.EndpointLinksResolver : Exposing 1 endpoint beneath base path '/actuator'
2026-06-28 20:01:50,508 INFO  [] org.springframework.cloud.netflix.eureka.InstanceInfoFactory : Setting initial instance status as: STARTING
2026-06-28 20:01:50,653 INFO  [] com.netflix.discovery.DiscoveryClient : Initializing Eureka in region us-east-1
2026-06-28 20:01:50,683 INFO  [] com.netflix.discovery.shared.resolver.aws.ConfigClusterResolver : Resolving eureka endpoints via configuration
2026-06-28 20:01:50,727 INFO  [] com.netflix.discovery.DiscoveryClient : Disable delta property : false
2026-06-28 20:01:50,727 INFO  [] com.netflix.discovery.DiscoveryClient : Single vip registry refresh property : null
2026-06-28 20:01:50,727 INFO  [] com.netflix.discovery.DiscoveryClient : Force full registry fetch : false
2026-06-28 20:01:50,727 INFO  [] com.netflix.discovery.DiscoveryClient : Application is null : false
2026-06-28 20:01:50,727 INFO  [] com.netflix.discovery.DiscoveryClient : Registered Applications size is zero : true
2026-06-28 20:01:50,728 INFO  [] com.netflix.discovery.DiscoveryClient : Application version is -1: true
2026-06-28 20:01:50,728 INFO  [] com.netflix.discovery.DiscoveryClient : Getting all instance registry info from the eureka server
2026-06-28 20:01:51,835 INFO  [] com.netflix.discovery.DiscoveryClient : The response status is 200
2026-06-28 20:01:51,843 INFO  [] com.netflix.discovery.DiscoveryClient : Starting heartbeat executor: renew interval is: 30
2026-06-28 20:01:51,854 INFO  [] com.netflix.discovery.InstanceInfoReplicator : InstanceInfoReplicator onDemand update allowed rate per min is 4
2026-06-28 20:01:51,873 INFO  [] com.netflix.discovery.DiscoveryClient : Discovery Client initialized at timestamp 1782657111857 with initial instances count: 7
2026-06-28 20:01:51,893 INFO  [] org.springframework.cloud.netflix.eureka.serviceregistry.EurekaServiceRegistry : Registering application AUDIT-SERVICE with eureka with status UP
2026-06-28 20:01:51,894 INFO  [] com.netflix.discovery.DiscoveryClient : Saw local status change event StatusChangeEvent [timestamp=1782657111894, current=UP, previous=STARTING]
2026-06-28 20:01:51,898 INFO  [] com.netflix.discovery.DiscoveryClient : DiscoveryClient_AUDIT-SERVICE/Sujal.mshome.net:audit-service:8086: registering service...
2026-06-28 20:01:52,077 INFO  [] com.netflix.discovery.DiscoveryClient : DiscoveryClient_AUDIT-SERVICE/Sujal.mshome.net:audit-service:8086 - registration status: 204
2026-06-28 20:01:52,120 INFO  [] org.springframework.boot.web.embedded.tomcat.TomcatWebServer : Tomcat started on port 8086 (http) with context path '/'
2026-06-28 20:01:52,130 INFO  [] org.springframework.cloud.netflix.eureka.serviceregistry.EurekaAutoServiceRegistration : Updating port to 8086
2026-06-28 20:01:52,351 INFO  [] org.apache.kafka.clients.consumer.ConsumerConfig : ConsumerConfig values: 
	allow.auto.create.topics = true
	auto.commit.interval.ms = 5000
	auto.include.jmx.reporter = true
	auto.offset.reset = earliest
	bootstrap.servers = [localhost:9092]
	check.crcs = true
	client.dns.lookup = use_all_dns_ips
	client.id = consumer-audit-group-1
	client.rack = 
	connections.max.idle.ms = 540000
	default.api.timeout.ms = 60000
	enable.auto.commit = false
	enable.metrics.push = true
	exclude.internal.topics = true
	fetch.max.bytes = 52428800
	fetch.max.wait.ms = 500
	fetch.min.bytes = 1
	group.id = audit-group
	group.instance.id = null
	group.protocol = classic
	group.remote.assignor = null
	heartbeat.interval.ms = 3000
	interceptor.classes = []
	internal.leave.group.on.close = true
	internal.throw.on.fetch.stable.offset.unsupported = false
	isolation.level = read_uncommitted
	key.deserializer = class org.apache.kafka.common.serialization.StringDeserializer
	max.partition.fetch.bytes = 1048576
	max.poll.interval.ms = 300000
	max.poll.records = 500
	metadata.max.age.ms = 300000
	metadata.recovery.strategy = none
	metric.reporters = []
	metrics.num.samples = 2
	metrics.recording.level = INFO
	metrics.sample.window.ms = 30000
	partition.assignment.strategy = [class org.apache.kafka.clients.consumer.RangeAssignor, class org.apache.kafka.clients.consumer.CooperativeStickyAssignor]
	receive.buffer.bytes = 65536
	reconnect.backoff.max.ms = 1000
	reconnect.backoff.ms = 50
	request.timeout.ms = 30000
	retry.backoff.max.ms = 1000
	retry.backoff.ms = 100
	sasl.client.callback.handler.class = null
	sasl.jaas.config = null
	sasl.kerberos.kinit.cmd = /usr/bin/kinit
	sasl.kerberos.min.time.before.relogin = 60000
	sasl.kerberos.service.name = null
	sasl.kerberos.ticket.renew.jitter = 0.05
	sasl.kerberos.ticket.renew.window.factor = 0.8
	sasl.login.callback.handler.class = null
	sasl.login.class = null
	sasl.login.connect.timeout.ms = null
	sasl.login.read.timeout.ms = null
	sasl.login.refresh.buffer.seconds = 300
	sasl.login.refresh.min.period.seconds = 60
	sasl.login.refresh.window.factor = 0.8
	sasl.login.refresh.window.jitter = 0.05
	sasl.login.retry.backoff.max.ms = 10000
	sasl.login.retry.backoff.ms = 100
	sasl.mechanism = GSSAPI
	sasl.oauthbearer.clock.skew.seconds = 30
	sasl.oauthbearer.expected.audience = null
	sasl.oauthbearer.expected.issuer = null
	sasl.oauthbearer.header.urlencode = false
	sasl.oauthbearer.jwks.endpoint.refresh.ms = 3600000
	sasl.oauthbearer.jwks.endpoint.retry.backoff.max.ms = 10000
	sasl.oauthbearer.jwks.endpoint.retry.backoff.ms = 100
	sasl.oauthbearer.jwks.endpoint.url = null
	sasl.oauthbearer.scope.claim.name = scope
	sasl.oauthbearer.sub.claim.name = sub
	sasl.oauthbearer.token.endpoint.url = null
	security.protocol = PLAINTEXT
	security.providers = null
	send.buffer.bytes = 131072
	session.timeout.ms = 45000
	socket.connection.setup.timeout.max.ms = 30000
	socket.connection.setup.timeout.ms = 10000
	ssl.cipher.suites = null
	ssl.enabled.protocols = [TLSv1.2, TLSv1.3]
	ssl.endpoint.identification.algorithm = https
	ssl.engine.factory.class = null
	ssl.key.password = null
	ssl.keymanager.algorithm = SunX509
	ssl.keystore.certificate.chain = null
	ssl.keystore.key = null
	ssl.keystore.location = null
	ssl.keystore.password = null
	ssl.keystore.type = JKS
	ssl.protocol = TLSv1.3
	ssl.provider = null
	ssl.secure.random.implementation = null
	ssl.trustmanager.algorithm = PKIX
	ssl.truststore.certificates = null
	ssl.truststore.location = null
	ssl.truststore.password = null
	ssl.truststore.type = JKS
	value.deserializer = class org.springframework.kafka.support.serializer.JsonDeserializer

2026-06-28 20:01:52,587 INFO  [] org.apache.kafka.common.telemetry.internals.KafkaMetricsCollector : initializing Kafka metrics collector
2026-06-28 20:01:53,323 INFO  [] org.apache.kafka.common.utils.AppInfoParser : Kafka version: 3.9.1
2026-06-28 20:01:53,323 INFO  [] org.apache.kafka.common.utils.AppInfoParser : Kafka commitId: f745dfdcee2b9851
2026-06-28 20:01:53,323 INFO  [] org.apache.kafka.common.utils.AppInfoParser : Kafka startTimeMs: 1782657113315
2026-06-28 20:01:53,354 INFO  [] org.apache.kafka.clients.consumer.internals.ClassicKafkaConsumer : [Consumer clientId=consumer-audit-group-1, groupId=audit-group] Subscribed to topic(s): audit-event
2026-06-28 20:01:53,409 INFO  [] com.hms.audit.AuditServiceApplication : Started AuditServiceApplication in 25.572 seconds (process running for 28.203)
2026-06-28 20:01:54,826 INFO  [] org.apache.kafka.clients.Metadata : [Consumer clientId=consumer-audit-group-1, groupId=audit-group] Cluster ID: 9usRquJiRlG25kRxFJxktg
2026-06-28 20:02:01,166 INFO  [] org.apache.kafka.clients.consumer.internals.ConsumerCoordinator : [Consumer clientId=consumer-audit-group-1, groupId=audit-group] Discovered group coordinator localhost:9092 (id: 2147483646 rack: null)
2026-06-28 20:02:01,178 INFO  [] org.apache.kafka.clients.consumer.internals.ConsumerCoordinator : [Consumer clientId=consumer-audit-group-1, groupId=audit-group] (Re-)joining group
2026-06-28 20:02:01,220 INFO  [] org.apache.kafka.clients.consumer.internals.ConsumerCoordinator : [Consumer clientId=consumer-audit-group-1, groupId=audit-group] Request joining group due to: need to re-join with the given member-id: consumer-audit-group-1-5ca01ea9-c72a-43ea-b28f-09594349ec2d
2026-06-28 20:02:01,221 INFO  [] org.apache.kafka.clients.consumer.internals.ConsumerCoordinator : [Consumer clientId=consumer-audit-group-1, groupId=audit-group] (Re-)joining group
2026-06-28 20:02:04,448 INFO  [] org.apache.kafka.clients.consumer.internals.ConsumerCoordinator : [Consumer clientId=consumer-audit-group-1, groupId=audit-group] Successfully joined group with generation Generation{generationId=1, memberId='consumer-audit-group-1-5ca01ea9-c72a-43ea-b28f-09594349ec2d', protocol='range'}
2026-06-28 20:02:04,464 INFO  [] org.apache.kafka.clients.consumer.internals.ConsumerCoordinator : [Consumer clientId=consumer-audit-group-1, groupId=audit-group] Finished assignment for group at generation 1: {consumer-audit-group-1-5ca01ea9-c72a-43ea-b28f-09594349ec2d=Assignment(partitions=[audit-event-0])}
2026-06-28 20:02:04,708 INFO  [] org.apache.kafka.clients.consumer.internals.ConsumerCoordinator : [Consumer clientId=consumer-audit-group-1, groupId=audit-group] Successfully synced group in generation Generation{generationId=1, memberId='consumer-audit-group-1-5ca01ea9-c72a-43ea-b28f-09594349ec2d', protocol='range'}
2026-06-28 20:02:04,709 INFO  [] org.apache.kafka.clients.consumer.internals.ConsumerCoordinator : [Consumer clientId=consumer-audit-group-1, groupId=audit-group] Notifying assignor about the new Assignment(partitions=[audit-event-0])
2026-06-28 20:02:04,715 INFO  [] org.apache.kafka.clients.consumer.internals.ConsumerRebalanceListenerInvoker : [Consumer clientId=consumer-audit-group-1, groupId=audit-group] Adding newly assigned partitions: audit-event-0
2026-06-28 20:02:04,791 INFO  [] org.apache.kafka.clients.consumer.internals.ConsumerCoordinator : [Consumer clientId=consumer-audit-group-1, groupId=audit-group] Found no committed offset for partition audit-event-0
2026-06-28 20:02:04,811 INFO  [] org.apache.kafka.clients.consumer.internals.SubscriptionState : [Consumer clientId=consumer-audit-group-1, groupId=audit-group] Resetting offset for partition audit-event-0 to position FetchPosition{offset=0, offsetEpoch=Optional.empty, currentLeader=LeaderAndEpoch{leader=Optional[localhost:9092 (id: 1 rack: null)], epoch=0}}.
2026-06-28 20:02:04,814 INFO  [] org.springframework.kafka.listener.KafkaMessageListenerContainer : audit-group: partitions assigned: [audit-event-0]
2026-06-28 20:02:05,084 INFO  [] com.hms.audit.consumer.AuditConsumer : Audit event received: LOGIN
2026-06-28 20:02:05,385 INFO  [] com.hms.audit.consumer.AuditConsumer : Audit event received: LOGIN
2026-06-28 20:02:05,414 INFO  [] com.hms.audit.consumer.AuditConsumer : Audit event received: CREATE
2026-06-28 20:06:13,045 INFO  [] com.hms.audit.consumer.AuditConsumer : Audit event received: LOGIN
2026-06-28 20:06:40,744 WARN  [] com.zaxxer.hikari.pool.PoolBase : HikariPool-1 - Failed to validate connection org.postgresql.jdbc.PgConnection@1c6cf31e (This connection has been closed.). Possibly consider using a shorter maxLifetime value.
2026-06-28 20:06:50,946 INFO  [] com.netflix.discovery.shared.resolver.aws.ConfigClusterResolver : Resolving eureka endpoints via configuration
2026-06-28 20:06:55,703 WARN  [] com.zaxxer.hikari.pool.PoolBase : HikariPool-1 - Failed to validate connection org.postgresql.jdbc.PgConnection@12d44a2a (This connection has been closed.). Possibly consider using a shorter maxLifetime value.
2026-06-28 20:07:05,126 WARN  [] com.zaxxer.hikari.pool.PoolBase : HikariPool-1 - Failed to validate connection org.postgresql.jdbc.PgConnection@6c468297 (This connection has been closed.). Possibly consider using a shorter maxLifetime value.
2026-06-28 20:07:05,662 WARN  [] com.zaxxer.hikari.pool.PoolBase : HikariPool-1 - Failed to validate connection org.postgresql.jdbc.PgConnection@3d7e066a (This connection has been closed.). Possibly consider using a shorter maxLifetime value.
2026-06-28 20:07:23,110 WARN  [] com.zaxxer.hikari.pool.PoolBase : HikariPool-1 - Failed to validate connection org.postgresql.jdbc.PgConnection@61501c49 (This connection has been closed.). Possibly consider using a shorter maxLifetime value.
2026-06-28 20:07:43,465 WARN  [] com.zaxxer.hikari.pool.PoolBase : HikariPool-1 - Failed to validate connection org.postgresql.jdbc.PgConnection@7430ca0f (This connection has been closed.). Possibly consider using a shorter maxLifetime value.
