[INFO] Scanning for projects...
[INFO] 
[INFO] ------------------------< com.hms:auth-service >------------------------
[INFO] Building auth-service 1.0.0
[INFO]   from pom.xml
[INFO] --------------------------------[ jar ]---------------------------------
[INFO] 
[INFO] >>> spring-boot:3.5.0:run (default-cli) > test-compile @ auth-service >>>
[INFO] 
[INFO] --- resources:3.3.1:resources (default-resources) @ auth-service ---
[INFO] Copying 1 resource from src\main\resources to target\classes
[INFO] Copying 4 resources from src\main\resources to target\classes
[INFO] 
[INFO] --- compiler:3.14.0:compile (default-compile) @ auth-service ---
[INFO] Recompiling the module because of added or removed source files.
[INFO] Compiling 19 source files with javac [debug parameters release 21] to target\classes
[INFO] 
[INFO] --- resources:3.3.1:testResources (default-testResources) @ auth-service ---
[INFO] skip non existing resourceDirectory C:\Projects\HMS-FULLSTACK\backend\auth-service\src\test\resources
[INFO] 
[INFO] --- compiler:3.14.0:testCompile (default-testCompile) @ auth-service ---
[INFO] Recompiling the module because of changed dependency.
[INFO] Compiling 1 source file with javac [debug parameters release 21] to target\test-classes
[INFO] 
[INFO] <<< spring-boot:3.5.0:run (default-cli) < test-compile @ auth-service <<<
[INFO] 
[INFO] 
[INFO] --- spring-boot:3.5.0:run (default-cli) @ auth-service ---
[INFO] Attaching agents: []

  .   ____          _            __ _ _
 /\\ / ___'_ __ _ _(_)_ __  __ _ \ \ \ \
( ( )\___ | '_ | '_| | '_ \/ _` | \ \ \ \
 \\/  ___)| |_)| | | | | || (_| |  ) ) ) )
  '  |____| .__|_| |_|_| |_\__, | / / / /
 =========|_|==============|___/=/_/_/_/

 :: Spring Boot ::                (v3.5.0)

2026-06-28T20:00:23.865+05:30  INFO 31784 --- [auth-service] [           main] com.hms.auth.AuthServiceApplication      : Starting AuthServiceApplication using Java 22.0.2 with PID 31784 (C:\Projects\HMS-FULLSTACK\backend\auth-service\target\classes started by admin in C:\Projects\HMS-FULLSTACK\backend\auth-service)
2026-06-28T20:00:23.870+05:30  INFO 31784 --- [auth-service] [           main] com.hms.auth.AuthServiceApplication      : No active profile set, falling back to 1 default profile: "default"
2026-06-28T20:00:27.383+05:30  INFO 31784 --- [auth-service] [           main] .s.d.r.c.RepositoryConfigurationDelegate : Bootstrapping Spring Data JPA repositories in DEFAULT mode.
2026-06-28T20:00:27.798+05:30  INFO 31784 --- [auth-service] [           main] .s.d.r.c.RepositoryConfigurationDelegate : Finished Spring Data repository scanning in 398 ms. Found 2 JPA repository interfaces.
2026-06-28T20:00:28.421+05:30  INFO 31784 --- [auth-service] [           main] o.s.cloud.context.scope.GenericScope     : BeanFactory id=d0dabc0f-4ab7-3e1b-bb73-1e57bdd9aab8
2026-06-28T20:00:29.398+05:30  INFO 31784 --- [auth-service] [           main] o.s.b.w.embedded.tomcat.TomcatWebServer  : Tomcat initialized with port 8081 (http)
2026-06-28T20:00:29.423+05:30  INFO 31784 --- [auth-service] [           main] o.apache.catalina.core.StandardService   : Starting service [Tomcat]
2026-06-28T20:00:29.423+05:30  INFO 31784 --- [auth-service] [           main] o.apache.catalina.core.StandardEngine    : Starting Servlet engine: [Apache Tomcat/10.1.41]
2026-06-28T20:00:29.542+05:30  INFO 31784 --- [auth-service] [           main] o.a.c.c.C.[Tomcat].[localhost].[/]       : Initializing Spring embedded WebApplicationContext
2026-06-28T20:00:29.543+05:30  INFO 31784 --- [auth-service] [           main] w.s.c.ServletWebServerApplicationContext : Root WebApplicationContext: initialization completed in 5561 ms
2026-06-28T20:00:30.234+05:30  INFO 31784 --- [auth-service] [           main] com.zaxxer.hikari.HikariDataSource       : HikariPool-1 - Starting...
2026-06-28T20:00:30.580+05:30  INFO 31784 --- [auth-service] [           main] com.zaxxer.hikari.pool.HikariPool        : HikariPool-1 - Added connection org.postgresql.jdbc.PgConnection@75d7297d
2026-06-28T20:00:30.583+05:30  INFO 31784 --- [auth-service] [           main] com.zaxxer.hikari.HikariDataSource       : HikariPool-1 - Start completed.
2026-06-28T20:00:30.628+05:30  INFO 31784 --- [auth-service] [           main] org.flywaydb.core.FlywayExecutor         : Database: jdbc:postgresql://localhost:5432/auth_db (PostgreSQL 18.3)
2026-06-28T20:00:30.661+05:30  WARN 31784 --- [auth-service] [           main] o.f.c.internal.database.base.Database    : Flyway upgrade recommended: PostgreSQL 18.3 is newer than this version of Flyway and support has not been tested. The latest supported version of PostgreSQL is 17.
2026-06-28T20:00:30.789+05:30  INFO 31784 --- [auth-service] [           main] o.f.core.internal.command.DbValidate     : Successfully validated 4 migrations (execution time 00:00.099s)
2026-06-28T20:00:30.860+05:30  INFO 31784 --- [auth-service] [           main] o.f.core.internal.command.DbMigrate      : Current version of schema "public": 4
2026-06-28T20:00:30.871+05:30  INFO 31784 --- [auth-service] [           main] o.f.core.internal.command.DbMigrate      : Schema "public" is up to date. No migration necessary.
2026-06-28T20:00:31.070+05:30  INFO 31784 --- [auth-service] [           main] o.hibernate.jpa.internal.util.LogHelper  : HHH000204: Processing PersistenceUnitInfo [name: default]
2026-06-28T20:00:31.304+05:30  INFO 31784 --- [auth-service] [           main] org.hibernate.Version                    : HHH000412: Hibernate ORM core version 6.6.15.Final
2026-06-28T20:00:31.408+05:30  INFO 31784 --- [auth-service] [           main] o.h.c.internal.RegionFactoryInitiator    : HHH000026: Second-level cache disabled
2026-06-28T20:00:32.337+05:30  INFO 31784 --- [auth-service] [           main] o.s.o.j.p.SpringPersistenceUnitInfo      : No LoadTimeWeaver setup: ignoring JPA class transformer
2026-06-28T20:00:32.754+05:30  INFO 31784 --- [auth-service] [           main] org.hibernate.orm.connections.pooling    : HHH10001005: Database info:
	Database JDBC URL [Connecting through datasource 'HikariDataSource (HikariPool-1)']
	Database driver: undefined/unknown
	Database version: 18.3
	Autocommit mode: undefined/unknown
	Isolation level: undefined/unknown
	Minimum pool size: undefined/unknown
	Maximum pool size: undefined/unknown
2026-06-28T20:00:34.456+05:30  INFO 31784 --- [auth-service] [           main] o.h.e.t.j.p.i.JtaPlatformInitiator       : HHH000489: No JTA platform available (set 'hibernate.transaction.jta.platform' to enable JTA platform integration)
2026-06-28T20:00:34.642+05:30  INFO 31784 --- [auth-service] [           main] j.LocalContainerEntityManagerFactoryBean : Initialized JPA EntityManagerFactory for persistence unit 'default'
2026-06-28T20:00:35.857+05:30  WARN 31784 --- [auth-service] [           main] JpaBaseConfiguration$JpaWebConfiguration : spring.jpa.open-in-view is enabled by default. Therefore, database queries may be performed during view rendering. Explicitly configure spring.jpa.open-in-view to disable this warning
2026-06-28T20:00:35.922+05:30  INFO 31784 --- [auth-service] [           main] r$InitializeUserDetailsManagerConfigurer : Global AuthenticationManager configured with UserDetailsService bean with name customerUserDetailsService
2026-06-28T20:00:36.736+05:30  INFO 31784 --- [auth-service] [           main] o.s.b.a.e.web.EndpointLinksResolver      : Exposing 2 endpoints beneath base path '/actuator'
2026-06-28T20:00:37.921+05:30  INFO 31784 --- [auth-service] [           main] DiscoveryClientOptionalArgsConfiguration : Eureka HTTP Client uses RestTemplate.
2026-06-28T20:00:38.016+05:30  WARN 31784 --- [auth-service] [           main] iguration$LoadBalancerCaffeineWarnLogger : Spring Cloud LoadBalancer is currently working with the default cache. While this cache implementation is useful for development and tests, it's recommended to use Caffeine cache in production.You can switch to using Caffeine cache, by adding it and org.springframework.cache.caffeine.CaffeineCacheManager to the classpath.
2026-06-28T20:00:38.145+05:30  INFO 31784 --- [auth-service] [           main] o.s.c.n.eureka.InstanceInfoFactory       : Setting initial instance status as: STARTING
2026-06-28T20:00:38.202+05:30  INFO 31784 --- [auth-service] [           main] com.netflix.discovery.DiscoveryClient    : Initializing Eureka in region us-east-1
2026-06-28T20:00:38.212+05:30  INFO 31784 --- [auth-service] [           main] c.n.d.s.r.aws.ConfigClusterResolver      : Resolving eureka endpoints via configuration
2026-06-28T20:00:38.228+05:30  INFO 31784 --- [auth-service] [           main] com.netflix.discovery.DiscoveryClient    : Disable delta property : false
2026-06-28T20:00:38.229+05:30  INFO 31784 --- [auth-service] [           main] com.netflix.discovery.DiscoveryClient    : Single vip registry refresh property : null
2026-06-28T20:00:38.229+05:30  INFO 31784 --- [auth-service] [           main] com.netflix.discovery.DiscoveryClient    : Force full registry fetch : false
2026-06-28T20:00:38.229+05:30  INFO 31784 --- [auth-service] [           main] com.netflix.discovery.DiscoveryClient    : Application is null : false
2026-06-28T20:00:38.229+05:30  INFO 31784 --- [auth-service] [           main] com.netflix.discovery.DiscoveryClient    : Registered Applications size is zero : true
2026-06-28T20:00:38.229+05:30  INFO 31784 --- [auth-service] [           main] com.netflix.discovery.DiscoveryClient    : Application version is -1: true
2026-06-28T20:00:38.229+05:30  INFO 31784 --- [auth-service] [           main] com.netflix.discovery.DiscoveryClient    : Getting all instance registry info from the eureka server
2026-06-28T20:00:39.044+05:30  INFO 31784 --- [auth-service] [           main] com.netflix.discovery.DiscoveryClient    : The response status is 200
2026-06-28T20:00:39.046+05:30  INFO 31784 --- [auth-service] [           main] com.netflix.discovery.DiscoveryClient    : Starting heartbeat executor: renew interval is: 30
2026-06-28T20:00:39.053+05:30  INFO 31784 --- [auth-service] [           main] c.n.discovery.InstanceInfoReplicator     : InstanceInfoReplicator onDemand update allowed rate per min is 4
2026-06-28T20:00:39.057+05:30  INFO 31784 --- [auth-service] [           main] com.netflix.discovery.DiscoveryClient    : Discovery Client initialized at timestamp 1782657039055 with initial instances count: 4
2026-06-28T20:00:39.067+05:30  INFO 31784 --- [auth-service] [           main] o.s.c.n.e.s.EurekaServiceRegistry        : Registering application AUTH-SERVICE with eureka with status UP
2026-06-28T20:00:39.068+05:30  INFO 31784 --- [auth-service] [           main] com.netflix.discovery.DiscoveryClient    : Saw local status change event StatusChangeEvent [timestamp=1782657039068, current=UP, previous=STARTING]
2026-06-28T20:00:39.072+05:30  INFO 31784 --- [auth-service] [foReplicator-%d] com.netflix.discovery.DiscoveryClient    : DiscoveryClient_AUTH-SERVICE/Sujal.mshome.net:auth-service:8081: registering service...
2026-06-28T20:00:39.125+05:30  INFO 31784 --- [auth-service] [           main] o.s.b.w.embedded.tomcat.TomcatWebServer  : Tomcat started on port 8081 (http) with context path '/'
2026-06-28T20:00:39.127+05:30  INFO 31784 --- [auth-service] [           main] .s.c.n.e.s.EurekaAutoServiceRegistration : Updating port to 8081
2026-06-28T20:00:39.154+05:30  INFO 31784 --- [auth-service] [           main] com.hms.auth.AuthServiceApplication      : Started AuthServiceApplication in 16.989 seconds (process running for 18.831)
2026-06-28T20:00:39.202+05:30  INFO 31784 --- [auth-service] [foReplicator-%d] com.netflix.discovery.DiscoveryClient    : DiscoveryClient_AUTH-SERVICE/Sujal.mshome.net:auth-service:8081 - registration status: 204
2026-06-28T20:05:38.304+05:30  INFO 31784 --- [auth-service] [rap-executor-%d] c.n.d.s.r.aws.ConfigClusterResolver      : Resolving eureka endpoints via configuration
2026-06-28T20:06:07.183+05:30  INFO 31784 --- [auth-service] [nio-8081-exec-1] o.a.c.c.C.[Tomcat].[localhost].[/]       : Initializing Spring DispatcherServlet 'dispatcherServlet'
2026-06-28T20:06:07.207+05:30  INFO 31784 --- [auth-service] [nio-8081-exec-1] o.s.web.servlet.DispatcherServlet        : Initializing Servlet 'dispatcherServlet'
2026-06-28T20:06:07.423+05:30  INFO 31784 --- [auth-service] [nio-8081-exec-1] o.s.web.servlet.DispatcherServlet        : Completed initialization in 211 ms
2026-06-28T20:06:10.405+05:30  INFO 31784 --- [auth-service] [nio-8081-exec-1] o.a.k.clients.producer.ProducerConfig    : ProducerConfig values: 
	acks = -1
	auto.include.jmx.reporter = true
	batch.size = 16384
	bootstrap.servers = [localhost:9092]
	buffer.memory = 33554432
	client.dns.lookup = use_all_dns_ips
	client.id = auth-service-producer-1
	compression.gzip.level = -1
	compression.lz4.level = 9
	compression.type = none
	compression.zstd.level = 3
	connections.max.idle.ms = 540000
	delivery.timeout.ms = 120000
	enable.idempotence = true
	enable.metrics.push = true
	interceptor.classes = []
	key.serializer = class org.apache.kafka.common.serialization.StringSerializer
	linger.ms = 0
	max.block.ms = 2000
	max.in.flight.requests.per.connection = 5
	max.request.size = 1048576
	metadata.max.age.ms = 300000
	metadata.max.idle.ms = 300000
	metadata.recovery.strategy = none
	metric.reporters = []
	metrics.num.samples = 2
	metrics.recording.level = INFO
	metrics.sample.window.ms = 30000
	partitioner.adaptive.partitioning.enable = true
	partitioner.availability.timeout.ms = 0
	partitioner.class = null
	partitioner.ignore.keys = false
	receive.buffer.bytes = 32768
	reconnect.backoff.max.ms = 1000
	reconnect.backoff.ms = 50
	request.timeout.ms = 30000
	retries = 2147483647
	retry.backoff.max.ms = 1000
	retry.backoff.ms = 100
	sasl.client.callback.handler.class = null
	sasl.jaas.config = null
	sasl.kerberos.kinit.cmd = /usr/bin/kinit
	sasl.kerberos.min.time.before.relogin = 60000
	sasl.kerberos.service.name = null
	sasl.kerberos.ticket.renew.jitter = 0.05
	sasl.kerberos.ticket.renew.window.factor = 0.8
	sasl.login.callback.handler.class = null
	sasl.login.class = null
	sasl.login.connect.timeout.ms = null
	sasl.login.read.timeout.ms = null
	sasl.login.refresh.buffer.seconds = 300
	sasl.login.refresh.min.period.seconds = 60
	sasl.login.refresh.window.factor = 0.8
	sasl.login.refresh.window.jitter = 0.05
	sasl.login.retry.backoff.max.ms = 10000
	sasl.login.retry.backoff.ms = 100
	sasl.mechanism = GSSAPI
	sasl.oauthbearer.clock.skew.seconds = 30
	sasl.oauthbearer.expected.audience = null
	sasl.oauthbearer.expected.issuer = null
	sasl.oauthbearer.header.urlencode = false
	sasl.oauthbearer.jwks.endpoint.refresh.ms = 3600000
	sasl.oauthbearer.jwks.endpoint.retry.backoff.max.ms = 10000
	sasl.oauthbearer.jwks.endpoint.retry.backoff.ms = 100
	sasl.oauthbearer.jwks.endpoint.url = null
	sasl.oauthbearer.scope.claim.name = scope
	sasl.oauthbearer.sub.claim.name = sub
	sasl.oauthbearer.token.endpoint.url = null
	security.protocol = PLAINTEXT
	security.providers = null
	send.buffer.bytes = 131072
	socket.connection.setup.timeout.max.ms = 30000
	socket.connection.setup.timeout.ms = 10000
	ssl.cipher.suites = null
	ssl.enabled.protocols = [TLSv1.2, TLSv1.3]
	ssl.endpoint.identification.algorithm = https
	ssl.engine.factory.class = null
	ssl.key.password = null
	ssl.keymanager.algorithm = SunX509
	ssl.keystore.certificate.chain = null
	ssl.keystore.key = null
	ssl.keystore.location = null
	ssl.keystore.password = null
	ssl.keystore.type = JKS
	ssl.protocol = TLSv1.3
	ssl.provider = null
	ssl.secure.random.implementation = null
	ssl.trustmanager.algorithm = PKIX
	ssl.truststore.certificates = null
	ssl.truststore.location = null
	ssl.truststore.password = null
	ssl.truststore.type = JKS
	transaction.timeout.ms = 60000
	transactional.id = null
	value.serializer = class org.springframework.kafka.support.serializer.JsonSerializer

2026-06-28T20:06:10.634+05:30  INFO 31784 --- [auth-service] [nio-8081-exec-1] o.a.k.c.t.i.KafkaMetricsCollector        : initializing Kafka metrics collector
2026-06-28T20:06:10.768+05:30  INFO 31784 --- [auth-service] [nio-8081-exec-1] o.a.k.clients.producer.KafkaProducer     : [Producer clientId=auth-service-producer-1] Instantiated an idempotent producer.
2026-06-28T20:06:11.030+05:30  INFO 31784 --- [auth-service] [nio-8081-exec-1] o.a.kafka.common.utils.AppInfoParser     : Kafka version: 3.9.1
2026-06-28T20:06:11.031+05:30  INFO 31784 --- [auth-service] [nio-8081-exec-1] o.a.kafka.common.utils.AppInfoParser     : Kafka commitId: f745dfdcee2b9851
2026-06-28T20:06:11.031+05:30  INFO 31784 --- [auth-service] [nio-8081-exec-1] o.a.kafka.common.utils.AppInfoParser     : Kafka startTimeMs: 1782657371013
2026-06-28T20:06:12.570+05:30  INFO 31784 --- [auth-service] [vice-producer-1] org.apache.kafka.clients.Metadata        : [Producer clientId=auth-service-producer-1] Cluster ID: 9usRquJiRlG25kRxFJxktg
2026-06-28T20:06:12.573+05:30  INFO 31784 --- [auth-service] [vice-producer-1] o.a.k.c.p.internals.TransactionManager   : [Producer clientId=auth-service-producer-1] ProducerId set to 1002 with epoch 0
2026-06-28T20:06:57.933+05:30  WARN 31784 --- [auth-service] [l-1:housekeeper] com.zaxxer.hikari.pool.PoolBase          : HikariPool-1 - Failed to validate connection org.postgresql.jdbc.PgConnection@4a553931 (This connection has been closed.). Possibly consider using a shorter maxLifetime value.
2026-06-28T20:07:00.357+05:30  WARN 31784 --- [auth-service] [l-1:housekeeper] com.zaxxer.hikari.pool.PoolBase          : HikariPool-1 - Failed to validate connection org.postgresql.jdbc.PgConnection@678fc804 (This connection has been closed.). Possibly consider using a shorter maxLifetime value.
2026-06-28T20:07:01.953+05:30  WARN 31784 --- [auth-service] [l-1:housekeeper] com.zaxxer.hikari.pool.PoolBase          : HikariPool-1 - Failed to validate connection org.postgresql.jdbc.PgConnection@75d7297d (This connection has been closed.). Possibly consider using a shorter maxLifetime value.
2026-06-28T20:07:48.958+05:30  WARN 31784 --- [auth-service] [l-1:housekeeper] com.zaxxer.hikari.pool.PoolBase          : HikariPool-1 - Failed to validate connection org.postgresql.jdbc.PgConnection@470e975 (This connection has been closed.). Possibly consider using a shorter maxLifetime value.
2026-06-28T20:07:51.236+05:30  WARN 31784 --- [auth-service] [l-1:housekeeper] com.zaxxer.hikari.pool.PoolBase          : HikariPool-1 - Failed to validate connection org.postgresql.jdbc.PgConnection@2fee13ea (This connection has been closed.). Possibly consider using a shorter maxLifetime value.
