[INFO] Scanning for projects...
[INFO] 
[INFO] ----------------------< com.hms:billing-service >-----------------------
[INFO] Building billing-service 1.0.0
[INFO]   from pom.xml
[INFO] --------------------------------[ jar ]---------------------------------
[INFO] 
[INFO] >>> spring-boot:3.5.0:run (default-cli) > test-compile @ billing-service >>>
[INFO] 
[INFO] --- resources:3.3.1:resources (default-resources) @ billing-service ---
[INFO] Copying 1 resource from src\main\resources to target\classes
[INFO] Copying 2 resources from src\main\resources to target\classes
[INFO] 
[INFO] --- compiler:3.14.0:compile (default-compile) @ billing-service ---
[INFO] Nothing to compile - all classes are up to date.
[INFO] 
[INFO] --- resources:3.3.1:testResources (default-testResources) @ billing-service ---
[INFO] skip non existing resourceDirectory C:\Projects\HMS-FULLSTACK\backend\billing-service\src\test\resources
[INFO] 
[INFO] --- compiler:3.14.0:testCompile (default-testCompile) @ billing-service ---
[INFO] Recompiling the module because of added or removed source files.
[INFO] Compiling 1 source file with javac [debug parameters release 21] to target\test-classes
[INFO] 
[INFO] <<< spring-boot:3.5.0:run (default-cli) < test-compile @ billing-service <<<
[INFO] 
[INFO] 
[INFO] --- spring-boot:3.5.0:run (default-cli) @ billing-service ---
[INFO] Attaching agents: []

  .   ____          _            __ _ _
 /\\ / ___'_ __ _ _(_)_ __  __ _ \ \ \ \
( ( )\___ | '_ | '_| | '_ \/ _` | \ \ \ \
 \\/  ___)| |_)| | | | | || (_| |  ) ) ) )
  '  |____| .__|_| |_|_| |_\__, | / / / /
 =========|_|==============|___/=/_/_/_/

 :: Spring Boot ::                (v3.5.0)

2026-06-28T20:01:29.940+05:30  INFO 33148 --- [billing-service] [           main] c.hms.billing.BillingServiceApplication  : Starting BillingServiceApplication using Java 22.0.2 with PID 33148 (C:\Projects\HMS-FULLSTACK\backend\billing-service\target\classes started by admin in C:\Projects\HMS-FULLSTACK\backend\billing-service)
2026-06-28T20:01:29.945+05:30  INFO 33148 --- [billing-service] [           main] c.hms.billing.BillingServiceApplication  : No active profile set, falling back to 1 default profile: "default"
2026-06-28T20:01:33.068+05:30  INFO 33148 --- [billing-service] [           main] .s.d.r.c.RepositoryConfigurationDelegate : Bootstrapping Spring Data JPA repositories in DEFAULT mode.
2026-06-28T20:01:33.536+05:30  INFO 33148 --- [billing-service] [           main] .s.d.r.c.RepositoryConfigurationDelegate : Finished Spring Data repository scanning in 445 ms. Found 1 JPA repository interface.
2026-06-28T20:01:34.383+05:30  INFO 33148 --- [billing-service] [           main] o.s.cloud.context.scope.GenericScope     : BeanFactory id=517d95f8-4b10-398a-8e15-a91be214b5e0
2026-06-28T20:01:35.503+05:30  INFO 33148 --- [billing-service] [           main] o.s.b.w.embedded.tomcat.TomcatWebServer  : Tomcat initialized with port 8085 (http)
2026-06-28T20:01:35.558+05:30  INFO 33148 --- [billing-service] [           main] o.apache.catalina.core.StandardService   : Starting service [Tomcat]
2026-06-28T20:01:35.558+05:30  INFO 33148 --- [billing-service] [           main] o.apache.catalina.core.StandardEngine    : Starting Servlet engine: [Apache Tomcat/10.1.41]
2026-06-28T20:01:35.759+05:30  INFO 33148 --- [billing-service] [           main] o.a.c.c.C.[Tomcat].[localhost].[/]       : Initializing Spring embedded WebApplicationContext
2026-06-28T20:01:35.761+05:30  INFO 33148 --- [billing-service] [           main] w.s.c.ServletWebServerApplicationContext : Root WebApplicationContext: initialization completed in 5724 ms
2026-06-28T20:01:36.930+05:30  INFO 33148 --- [billing-service] [           main] com.zaxxer.hikari.HikariDataSource       : HikariPool-1 - Starting...
2026-06-28T20:01:37.434+05:30  INFO 33148 --- [billing-service] [           main] com.zaxxer.hikari.pool.HikariPool        : HikariPool-1 - Added connection org.postgresql.jdbc.PgConnection@1b317e7d
2026-06-28T20:01:37.439+05:30  INFO 33148 --- [billing-service] [           main] com.zaxxer.hikari.HikariDataSource       : HikariPool-1 - Start completed.
2026-06-28T20:01:37.538+05:30  INFO 33148 --- [billing-service] [           main] org.flywaydb.core.FlywayExecutor         : Database: jdbc:postgresql://localhost:5432/billing_db (PostgreSQL 18.3)
2026-06-28T20:01:37.690+05:30  WARN 33148 --- [billing-service] [           main] o.f.c.internal.database.base.Database    : Flyway upgrade recommended: PostgreSQL 18.3 is newer than this version of Flyway and support has not been tested. The latest supported version of PostgreSQL is 17.
2026-06-28T20:01:37.894+05:30  INFO 33148 --- [billing-service] [           main] o.f.core.internal.command.DbValidate     : Successfully validated 2 migrations (execution time 00:00.126s)
2026-06-28T20:01:37.933+05:30  INFO 33148 --- [billing-service] [           main] o.f.core.internal.command.DbMigrate      : Current version of schema "public": 2
2026-06-28T20:01:37.938+05:30  INFO 33148 --- [billing-service] [           main] o.f.core.internal.command.DbMigrate      : Schema "public" is up to date. No migration necessary.
2026-06-28T20:01:38.212+05:30  INFO 33148 --- [billing-service] [           main] o.hibernate.jpa.internal.util.LogHelper  : HHH000204: Processing PersistenceUnitInfo [name: default]
2026-06-28T20:01:38.632+05:30  INFO 33148 --- [billing-service] [           main] org.hibernate.Version                    : HHH000412: Hibernate ORM core version 6.6.15.Final
2026-06-28T20:01:38.840+05:30  INFO 33148 --- [billing-service] [           main] o.h.c.internal.RegionFactoryInitiator    : HHH000026: Second-level cache disabled
2026-06-28T20:01:40.559+05:30  INFO 33148 --- [billing-service] [           main] o.s.o.j.p.SpringPersistenceUnitInfo      : No LoadTimeWeaver setup: ignoring JPA class transformer
2026-06-28T20:01:41.262+05:30  INFO 33148 --- [billing-service] [           main] org.hibernate.orm.connections.pooling    : HHH10001005: Database info:
	Database JDBC URL [Connecting through datasource 'HikariDataSource (HikariPool-1)']
	Database driver: undefined/unknown
	Database version: 18.3
	Autocommit mode: undefined/unknown
	Isolation level: undefined/unknown
	Minimum pool size: undefined/unknown
	Maximum pool size: undefined/unknown
2026-06-28T20:01:45.176+05:30  INFO 33148 --- [billing-service] [           main] o.h.e.t.j.p.i.JtaPlatformInitiator       : HHH000489: No JTA platform available (set 'hibernate.transaction.jta.platform' to enable JTA platform integration)
2026-06-28T20:01:46.460+05:30  INFO 33148 --- [billing-service] [           main] j.LocalContainerEntityManagerFactoryBean : Initialized JPA EntityManagerFactory for persistence unit 'default'
2026-06-28T20:01:48.063+05:30  WARN 33148 --- [billing-service] [           main] JpaBaseConfiguration$JpaWebConfiguration : spring.jpa.open-in-view is enabled by default. Therefore, database queries may be performed during view rendering. Explicitly configure spring.jpa.open-in-view to disable this warning
2026-06-28T20:01:50.314+05:30  INFO 33148 --- [billing-service] [           main] DiscoveryClientOptionalArgsConfiguration : Eureka HTTP Client uses RestTemplate.
2026-06-28T20:01:50.522+05:30  WARN 33148 --- [billing-service] [           main] iguration$LoadBalancerCaffeineWarnLogger : Spring Cloud LoadBalancer is currently working with the default cache. While this cache implementation is useful for development and tests, it's recommended to use Caffeine cache in production.You can switch to using Caffeine cache, by adding it and org.springframework.cache.caffeine.CaffeineCacheManager to the classpath.
2026-06-28T20:01:50.549+05:30  INFO 33148 --- [billing-service] [           main] o.s.b.a.e.web.EndpointLinksResolver      : Exposing 1 endpoint beneath base path '/actuator'
2026-06-28T20:01:50.887+05:30  INFO 33148 --- [billing-service] [           main] o.s.c.n.eureka.InstanceInfoFactory       : Setting initial instance status as: STARTING
2026-06-28T20:01:51.002+05:30  INFO 33148 --- [billing-service] [           main] com.netflix.discovery.DiscoveryClient    : Initializing Eureka in region us-east-1
2026-06-28T20:01:51.015+05:30  INFO 33148 --- [billing-service] [           main] c.n.d.s.r.aws.ConfigClusterResolver      : Resolving eureka endpoints via configuration
2026-06-28T20:01:51.054+05:30  INFO 33148 --- [billing-service] [           main] com.netflix.discovery.DiscoveryClient    : Disable delta property : false
2026-06-28T20:01:51.055+05:30  INFO 33148 --- [billing-service] [           main] com.netflix.discovery.DiscoveryClient    : Single vip registry refresh property : null
2026-06-28T20:01:51.059+05:30  INFO 33148 --- [billing-service] [           main] com.netflix.discovery.DiscoveryClient    : Force full registry fetch : false
2026-06-28T20:01:51.059+05:30  INFO 33148 --- [billing-service] [           main] com.netflix.discovery.DiscoveryClient    : Application is null : false
2026-06-28T20:01:51.060+05:30  INFO 33148 --- [billing-service] [           main] com.netflix.discovery.DiscoveryClient    : Registered Applications size is zero : true
2026-06-28T20:01:51.060+05:30  INFO 33148 --- [billing-service] [           main] com.netflix.discovery.DiscoveryClient    : Application version is -1: true
2026-06-28T20:01:51.060+05:30  INFO 33148 --- [billing-service] [           main] com.netflix.discovery.DiscoveryClient    : Getting all instance registry info from the eureka server
2026-06-28T20:01:52.286+05:30  INFO 33148 --- [billing-service] [           main] com.netflix.discovery.DiscoveryClient    : The response status is 200
2026-06-28T20:01:52.291+05:30  INFO 33148 --- [billing-service] [           main] com.netflix.discovery.DiscoveryClient    : Starting heartbeat executor: renew interval is: 30
2026-06-28T20:01:52.294+05:30  INFO 33148 --- [billing-service] [           main] c.n.discovery.InstanceInfoReplicator     : InstanceInfoReplicator onDemand update allowed rate per min is 4
2026-06-28T20:01:52.306+05:30  INFO 33148 --- [billing-service] [           main] com.netflix.discovery.DiscoveryClient    : Discovery Client initialized at timestamp 1782657112296 with initial instances count: 7
2026-06-28T20:01:52.318+05:30  INFO 33148 --- [billing-service] [           main] o.s.c.n.e.s.EurekaServiceRegistry        : Registering application BILLING-SERVICE with eureka with status UP
2026-06-28T20:01:52.318+05:30  INFO 33148 --- [billing-service] [           main] com.netflix.discovery.DiscoveryClient    : Saw local status change event StatusChangeEvent [timestamp=1782657112318, current=UP, previous=STARTING]
2026-06-28T20:01:52.320+05:30  INFO 33148 --- [billing-service] [foReplicator-%d] com.netflix.discovery.DiscoveryClient    : DiscoveryClient_BILLING-SERVICE/Sujal.mshome.net:billing-service:8085: registering service...
2026-06-28T20:01:52.444+05:30  INFO 33148 --- [billing-service] [           main] o.s.b.w.embedded.tomcat.TomcatWebServer  : Tomcat started on port 8085 (http) with context path '/'
2026-06-28T20:01:52.447+05:30  INFO 33148 --- [billing-service] [foReplicator-%d] com.netflix.discovery.DiscoveryClient    : DiscoveryClient_BILLING-SERVICE/Sujal.mshome.net:billing-service:8085 - registration status: 204
2026-06-28T20:01:52.450+05:30  INFO 33148 --- [billing-service] [           main] .s.c.n.e.s.EurekaAutoServiceRegistration : Updating port to 8085
2026-06-28T20:01:52.574+05:30  INFO 33148 --- [billing-service] [           main] o.a.k.clients.consumer.ConsumerConfig    : ConsumerConfig values: 
	allow.auto.create.topics = true
	auto.commit.interval.ms = 5000
	auto.include.jmx.reporter = true
	auto.offset.reset = earliest
	bootstrap.servers = [localhost:9092]
	check.crcs = true
	client.dns.lookup = use_all_dns_ips
	client.id = consumer-billing-group-1
	client.rack = 
	connections.max.idle.ms = 540000
	default.api.timeout.ms = 60000
	enable.auto.commit = false
	enable.metrics.push = true
	exclude.internal.topics = true
	fetch.max.bytes = 52428800
	fetch.max.wait.ms = 500
	fetch.min.bytes = 1
	group.id = billing-group
	group.instance.id = null
	group.protocol = classic
	group.remote.assignor = null
	heartbeat.interval.ms = 3000
	interceptor.classes = []
	internal.leave.group.on.close = true
	internal.throw.on.fetch.stable.offset.unsupported = false
	isolation.level = read_uncommitted
	key.deserializer = class org.apache.kafka.common.serialization.StringDeserializer
	max.partition.fetch.bytes = 1048576
	max.poll.interval.ms = 300000
	max.poll.records = 500
	metadata.max.age.ms = 300000
	metadata.recovery.strategy = none
	metric.reporters = []
	metrics.num.samples = 2
	metrics.recording.level = INFO
	metrics.sample.window.ms = 30000
	partition.assignment.strategy = [class org.apache.kafka.clients.consumer.RangeAssignor, class org.apache.kafka.clients.consumer.CooperativeStickyAssignor]
	receive.buffer.bytes = 65536
	reconnect.backoff.max.ms = 1000
	reconnect.backoff.ms = 50
	request.timeout.ms = 30000
	retry.backoff.max.ms = 1000
	retry.backoff.ms = 100
	sasl.client.callback.handler.class = null
	sasl.jaas.config = null
	sasl.kerberos.kinit.cmd = /usr/bin/kinit
	sasl.kerberos.min.time.before.relogin = 60000
	sasl.kerberos.service.name = null
	sasl.kerberos.ticket.renew.jitter = 0.05
	sasl.kerberos.ticket.renew.window.factor = 0.8
	sasl.login.callback.handler.class = null
	sasl.login.class = null
	sasl.login.connect.timeout.ms = null
	sasl.login.read.timeout.ms = null
	sasl.login.refresh.buffer.seconds = 300
	sasl.login.refresh.min.period.seconds = 60
	sasl.login.refresh.window.factor = 0.8
	sasl.login.refresh.window.jitter = 0.05
	sasl.login.retry.backoff.max.ms = 10000
	sasl.login.retry.backoff.ms = 100
	sasl.mechanism = GSSAPI
	sasl.oauthbearer.clock.skew.seconds = 30
	sasl.oauthbearer.expected.audience = null
	sasl.oauthbearer.expected.issuer = null
	sasl.oauthbearer.header.urlencode = false
	sasl.oauthbearer.jwks.endpoint.refresh.ms = 3600000
	sasl.oauthbearer.jwks.endpoint.retry.backoff.max.ms = 10000
	sasl.oauthbearer.jwks.endpoint.retry.backoff.ms = 100
	sasl.oauthbearer.jwks.endpoint.url = null
	sasl.oauthbearer.scope.claim.name = scope
	sasl.oauthbearer.sub.claim.name = sub
	sasl.oauthbearer.token.endpoint.url = null
	security.protocol = PLAINTEXT
	security.providers = null
	send.buffer.bytes = 131072
	session.timeout.ms = 45000
	socket.connection.setup.timeout.max.ms = 30000
	socket.connection.setup.timeout.ms = 10000
	ssl.cipher.suites = null
	ssl.enabled.protocols = [TLSv1.2, TLSv1.3]
	ssl.endpoint.identification.algorithm = https
	ssl.engine.factory.class = null
	ssl.key.password = null
	ssl.keymanager.algorithm = SunX509
	ssl.keystore.certificate.chain = null
	ssl.keystore.key = null
	ssl.keystore.location = null
	ssl.keystore.password = null
	ssl.keystore.type = JKS
	ssl.protocol = TLSv1.3
	ssl.provider = null
	ssl.secure.random.implementation = null
	ssl.trustmanager.algorithm = PKIX
	ssl.truststore.certificates = null
	ssl.truststore.location = null
	ssl.truststore.password = null
	ssl.truststore.type = JKS
	value.deserializer = class org.springframework.kafka.support.serializer.JsonDeserializer

2026-06-28T20:01:52.739+05:30  INFO 33148 --- [billing-service] [           main] o.a.k.c.t.i.KafkaMetricsCollector        : initializing Kafka metrics collector
2026-06-28T20:01:53.351+05:30  INFO 33148 --- [billing-service] [           main] o.a.kafka.common.utils.AppInfoParser     : Kafka version: 3.9.1
2026-06-28T20:01:53.351+05:30  INFO 33148 --- [billing-service] [           main] o.a.kafka.common.utils.AppInfoParser     : Kafka commitId: f745dfdcee2b9851
2026-06-28T20:01:53.352+05:30  INFO 33148 --- [billing-service] [           main] o.a.kafka.common.utils.AppInfoParser     : Kafka startTimeMs: 1782657113343
2026-06-28T20:01:53.377+05:30  INFO 33148 --- [billing-service] [           main] o.a.k.c.c.i.ClassicKafkaConsumer         : [Consumer clientId=consumer-billing-group-1, groupId=billing-group] Subscribed to topic(s): appointment-created-topic
2026-06-28T20:01:53.434+05:30  INFO 33148 --- [billing-service] [           main] c.hms.billing.BillingServiceApplication  : Started BillingServiceApplication in 25.714 seconds (process running for 28.241)
2026-06-28T20:01:56.796+05:30  WARN 33148 --- [billing-service] [ntainer#0-0-C-1] org.apache.kafka.clients.NetworkClient   : [Consumer clientId=consumer-billing-group-1, groupId=billing-group] The metadata response from the cluster reported a recoverable issue with correlation id 3 : {appointment-created-topic=LEADER_NOT_AVAILABLE}
2026-06-28T20:01:56.799+05:30  INFO 33148 --- [billing-service] [ntainer#0-0-C-1] org.apache.kafka.clients.Metadata        : [Consumer clientId=consumer-billing-group-1, groupId=billing-group] Cluster ID: 9usRquJiRlG25kRxFJxktg
2026-06-28T20:01:57.170+05:30  WARN 33148 --- [billing-service] [ntainer#0-0-C-1] org.apache.kafka.clients.NetworkClient   : [Consumer clientId=consumer-billing-group-1, groupId=billing-group] The metadata response from the cluster reported a recoverable issue with correlation id 7 : {appointment-created-topic=LEADER_NOT_AVAILABLE}
2026-06-28T20:01:57.641+05:30  WARN 33148 --- [billing-service] [ntainer#0-0-C-1] org.apache.kafka.clients.NetworkClient   : [Consumer clientId=consumer-billing-group-1, groupId=billing-group] The metadata response from the cluster reported a recoverable issue with correlation id 9 : {appointment-created-topic=LEADER_NOT_AVAILABLE}
2026-06-28T20:01:58.122+05:30  WARN 33148 --- [billing-service] [ntainer#0-0-C-1] org.apache.kafka.clients.NetworkClient   : [Consumer clientId=consumer-billing-group-1, groupId=billing-group] The metadata response from the cluster reported a recoverable issue with correlation id 11 : {appointment-created-topic=LEADER_NOT_AVAILABLE}
2026-06-28T20:01:58.949+05:30  WARN 33148 --- [billing-service] [ntainer#0-0-C-1] org.apache.kafka.clients.NetworkClient   : [Consumer clientId=consumer-billing-group-1, groupId=billing-group] The metadata response from the cluster reported a recoverable issue with correlation id 14 : {appointment-created-topic=LEADER_NOT_AVAILABLE}
2026-06-28T20:01:59.967+05:30  WARN 33148 --- [billing-service] [ntainer#0-0-C-1] org.apache.kafka.clients.NetworkClient   : [Consumer clientId=consumer-billing-group-1, groupId=billing-group] The metadata response from the cluster reported a recoverable issue with correlation id 16 : {appointment-created-topic=LEADER_NOT_AVAILABLE}
2026-06-28T20:02:00.968+05:30  INFO 33148 --- [billing-service] [ntainer#0-0-C-1] o.a.k.c.c.internals.ConsumerCoordinator  : [Consumer clientId=consumer-billing-group-1, groupId=billing-group] Discovered group coordinator localhost:9092 (id: 2147483646 rack: null)
2026-06-28T20:02:01.004+05:30  INFO 33148 --- [billing-service] [ntainer#0-0-C-1] o.a.k.c.c.internals.ConsumerCoordinator  : [Consumer clientId=consumer-billing-group-1, groupId=billing-group] (Re-)joining group
2026-06-28T20:02:01.161+05:30  INFO 33148 --- [billing-service] [ntainer#0-0-C-1] o.a.k.c.c.internals.ConsumerCoordinator  : [Consumer clientId=consumer-billing-group-1, groupId=billing-group] Request joining group due to: need to re-join with the given member-id: consumer-billing-group-1-7201126e-d568-492f-93a1-dcb8be637e52
2026-06-28T20:02:01.161+05:30  INFO 33148 --- [billing-service] [ntainer#0-0-C-1] o.a.k.c.c.internals.ConsumerCoordinator  : [Consumer clientId=consumer-billing-group-1, groupId=billing-group] (Re-)joining group
2026-06-28T20:02:04.435+05:30  INFO 33148 --- [billing-service] [ntainer#0-0-C-1] o.a.k.c.c.internals.ConsumerCoordinator  : [Consumer clientId=consumer-billing-group-1, groupId=billing-group] Successfully joined group with generation Generation{generationId=1, memberId='consumer-billing-group-1-7201126e-d568-492f-93a1-dcb8be637e52', protocol='range'}
2026-06-28T20:02:04.452+05:30  INFO 33148 --- [billing-service] [ntainer#0-0-C-1] o.a.k.c.c.internals.ConsumerCoordinator  : [Consumer clientId=consumer-billing-group-1, groupId=billing-group] Finished assignment for group at generation 1: {consumer-billing-group-1-7201126e-d568-492f-93a1-dcb8be637e52=Assignment(partitions=[appointment-created-topic-0])}
2026-06-28T20:02:04.708+05:30  INFO 33148 --- [billing-service] [ntainer#0-0-C-1] o.a.k.c.c.internals.ConsumerCoordinator  : [Consumer clientId=consumer-billing-group-1, groupId=billing-group] Successfully synced group in generation Generation{generationId=1, memberId='consumer-billing-group-1-7201126e-d568-492f-93a1-dcb8be637e52', protocol='range'}
2026-06-28T20:02:04.710+05:30  INFO 33148 --- [billing-service] [ntainer#0-0-C-1] o.a.k.c.c.internals.ConsumerCoordinator  : [Consumer clientId=consumer-billing-group-1, groupId=billing-group] Notifying assignor about the new Assignment(partitions=[appointment-created-topic-0])
2026-06-28T20:02:04.716+05:30  INFO 33148 --- [billing-service] [ntainer#0-0-C-1] k.c.c.i.ConsumerRebalanceListenerInvoker : [Consumer clientId=consumer-billing-group-1, groupId=billing-group] Adding newly assigned partitions: appointment-created-topic-0
2026-06-28T20:02:04.769+05:30  INFO 33148 --- [billing-service] [ntainer#0-0-C-1] o.a.k.c.c.internals.ConsumerCoordinator  : [Consumer clientId=consumer-billing-group-1, groupId=billing-group] Found no committed offset for partition appointment-created-topic-0
2026-06-28T20:02:04.812+05:30  INFO 33148 --- [billing-service] [ntainer#0-0-C-1] o.a.k.c.c.internals.SubscriptionState    : [Consumer clientId=consumer-billing-group-1, groupId=billing-group] Resetting offset for partition appointment-created-topic-0 to position FetchPosition{offset=0, offsetEpoch=Optional.empty, currentLeader=LeaderAndEpoch{leader=Optional[localhost:9092 (id: 1 rack: null)], epoch=0}}.
2026-06-28T20:02:04.816+05:30  INFO 33148 --- [billing-service] [ntainer#0-0-C-1] o.s.k.l.KafkaMessageListenerContainer    : billing-group: partitions assigned: [appointment-created-topic-0]
2026-06-28T20:06:51.338+05:30  INFO 33148 --- [billing-service] [rap-executor-%d] c.n.d.s.r.aws.ConfigClusterResolver      : Resolving eureka endpoints via configuration
2026-06-28T20:06:54.072+05:30  WARN 33148 --- [billing-service] [l-1:housekeeper] com.zaxxer.hikari.pool.PoolBase          : HikariPool-1 - Failed to validate connection org.postgresql.jdbc.PgConnection@5b9d6a8 (This connection has been closed.). Possibly consider using a shorter maxLifetime value.
2026-06-28T20:06:55.328+05:30  WARN 33148 --- [billing-service] [l-1:housekeeper] com.zaxxer.hikari.pool.PoolBase          : HikariPool-1 - Failed to validate connection org.postgresql.jdbc.PgConnection@3e4d6625 (This connection has been closed.). Possibly consider using a shorter maxLifetime value.
2026-06-28T20:07:02.182+05:30  WARN 33148 --- [billing-service] [l-1:housekeeper] com.zaxxer.hikari.pool.PoolBase          : HikariPool-1 - Failed to validate connection org.postgresql.jdbc.PgConnection@750afbd2 (This connection has been closed.). Possibly consider using a shorter maxLifetime value.
2026-06-28T20:07:05.269+05:30  WARN 33148 --- [billing-service] [l-1:housekeeper] com.zaxxer.hikari.pool.PoolBase          : HikariPool-1 - Failed to validate connection org.postgresql.jdbc.PgConnection@24ab23dc (This connection has been closed.). Possibly consider using a shorter maxLifetime value.
2026-06-28T20:07:24.783+05:30  WARN 33148 --- [billing-service] [onnection-adder] org.postgresql.core.ConnectionFactory    : Failed to closed stream with error: {0}

java.net.SocketException: Connection reset by peer
	at java.base/sun.nio.ch.SocketDispatcher.write0(Native Method) ~[na:na]
	at java.base/sun.nio.ch.SocketDispatcher.write(SocketDispatcher.java:54) ~[na:na]
	at java.base/sun.nio.ch.NioSocketImpl.tryWrite(NioSocketImpl.java:394) ~[na:na]
	at java.base/sun.nio.ch.NioSocketImpl.implWrite(NioSocketImpl.java:410) ~[na:na]
	at java.base/sun.nio.ch.NioSocketImpl.write(NioSocketImpl.java:440) ~[na:na]
	at java.base/sun.nio.ch.NioSocketImpl$2.write(NioSocketImpl.java:819) ~[na:na]
	at java.base/java.net.Socket$SocketOutputStream.implWrite(Socket.java:1223) ~[na:na]
	at java.base/java.net.Socket$SocketOutputStream.write(Socket.java:1210) ~[na:na]
	at org.postgresql.util.internal.PgBufferedOutputStream.flushBuffer(PgBufferedOutputStream.java:41) ~[postgresql-42.7.5.jar:42.7.5]
	at org.postgresql.util.internal.PgBufferedOutputStream.flush(PgBufferedOutputStream.java:48) ~[postgresql-42.7.5.jar:42.7.5]
	at java.base/java.io.FilterOutputStream.flush(FilterOutputStream.java:155) ~[na:na]
	at org.postgresql.core.PGStream$1.close(PGStream.java:333) ~[postgresql-42.7.5.jar:42.7.5]
	at java.base/sun.nio.cs.StreamEncoder.implClose(StreamEncoder.java:413) ~[na:na]
	at java.base/sun.nio.cs.StreamEncoder.lockedClose(StreamEncoder.java:231) ~[na:na]
	at java.base/sun.nio.cs.StreamEncoder.close(StreamEncoder.java:216) ~[na:na]
	at java.base/java.io.OutputStreamWriter.close(OutputStreamWriter.java:264) ~[na:na]
	at org.postgresql.core.PGStream.close(PGStream.java:733) ~[postgresql-42.7.5.jar:42.7.5]
	at org.postgresql.core.ConnectionFactory.closeStream(ConnectionFactory.java:89) ~[postgresql-42.7.5.jar:42.7.5]
	at org.postgresql.core.v3.ConnectionFactoryImpl.tryConnect(ConnectionFactoryImpl.java:217) ~[postgresql-42.7.5.jar:42.7.5]
	at org.postgresql.core.v3.ConnectionFactoryImpl.openConnectionImpl(ConnectionFactoryImpl.java:268) ~[postgresql-42.7.5.jar:42.7.5]
	at org.postgresql.core.ConnectionFactory.openConnection(ConnectionFactory.java:54) ~[postgresql-42.7.5.jar:42.7.5]
	at org.postgresql.jdbc.PgConnection.<init>(PgConnection.java:273) ~[postgresql-42.7.5.jar:42.7.5]
	at org.postgresql.Driver.makeConnection(Driver.java:446) ~[postgresql-42.7.5.jar:42.7.5]
	at org.postgresql.Driver.connect(Driver.java:298) ~[postgresql-42.7.5.jar:42.7.5]
	at com.zaxxer.hikari.util.DriverDataSource.getConnection(DriverDataSource.java:139) ~[HikariCP-6.3.0.jar:na]
	at com.zaxxer.hikari.pool.PoolBase.newConnection(PoolBase.java:368) ~[HikariCP-6.3.0.jar:na]
	at com.zaxxer.hikari.pool.PoolBase.newPoolEntry(PoolBase.java:205) ~[HikariCP-6.3.0.jar:na]
	at com.zaxxer.hikari.pool.HikariPool.createPoolEntry(HikariPool.java:483) ~[HikariCP-6.3.0.jar:na]
	at com.zaxxer.hikari.pool.HikariPool$PoolEntryCreator.call(HikariPool.java:747) ~[HikariCP-6.3.0.jar:na]
	at com.zaxxer.hikari.pool.HikariPool$PoolEntryCreator.call(HikariPool.java:726) ~[HikariCP-6.3.0.jar:na]
	at java.base/java.util.concurrent.FutureTask.run(FutureTask.java:317) ~[na:na]
	at java.base/java.util.concurrent.ThreadPoolExecutor.runWorker(ThreadPoolExecutor.java:1144) ~[na:na]
	at java.base/java.util.concurrent.ThreadPoolExecutor$Worker.run(ThreadPoolExecutor.java:642) ~[na:na]
	at java.base/java.lang.Thread.run(Thread.java:1570) ~[na:na]

2026-06-28T20:07:30.675+05:30  WARN 33148 --- [billing-service] [l-1:housekeeper] com.zaxxer.hikari.pool.PoolBase          : HikariPool-1 - Failed to validate connection org.postgresql.jdbc.PgConnection@71821522 (This connection has been closed.). Possibly consider using a shorter maxLifetime value.
2026-06-28T20:07:36.375+05:30  WARN 33148 --- [billing-service] [l-1:housekeeper] com.zaxxer.hikari.pool.PoolBase          : HikariPool-1 - Failed to validate connection org.postgresql.jdbc.PgConnection@1b317e7d (This connection has been closed.). Possibly consider using a shorter maxLifetime value.
2026-06-28T20:07:37.215+05:30  WARN 33148 --- [billing-service] [l-1:housekeeper] com.zaxxer.hikari.pool.PoolBase          : HikariPool-1 - Failed to validate connection org.postgresql.jdbc.PgConnection@20e57bde (This connection has been closed.). Possibly consider using a shorter maxLifetime value.
2026-06-28T20:07:46.297+05:30  WARN 33148 --- [billing-service] [l-1:housekeeper] com.zaxxer.hikari.pool.PoolBase          : HikariPool-1 - Failed to validate connection org.postgresql.jdbc.PgConnection@41af41e5 (This connection has been closed.). Possibly consider using a shorter maxLifetime value.
2026-06-28T20:07:47.232+05:30  WARN 33148 --- [billing-service] [onnection-adder] com.zaxxer.hikari.pool.PoolBase          : HikariPool-1 - Pool is empty, failed to create/setup connection (4a1153bc-7a0d-4810-9ccb-6c3f5f1d07d7)

org.postgresql.util.PSQLException: Connection to localhost:5432 refused. Check that the hostname and port are correct and that the postmaster is accepting TCP/IP connections.
	at org.postgresql.core.v3.ConnectionFactoryImpl.openConnectionImpl(ConnectionFactoryImpl.java:352) ~[postgresql-42.7.5.jar:42.7.5]
	at org.postgresql.core.ConnectionFactory.openConnection(ConnectionFactory.java:54) ~[postgresql-42.7.5.jar:42.7.5]
	at org.postgresql.jdbc.PgConnection.<init>(PgConnection.java:273) ~[postgresql-42.7.5.jar:42.7.5]
	at org.postgresql.Driver.makeConnection(Driver.java:446) ~[postgresql-42.7.5.jar:42.7.5]
	at org.postgresql.Driver.connect(Driver.java:298) ~[postgresql-42.7.5.jar:42.7.5]
	at com.zaxxer.hikari.util.DriverDataSource.getConnection(DriverDataSource.java:139) ~[HikariCP-6.3.0.jar:na]
	at com.zaxxer.hikari.pool.PoolBase.newConnection(PoolBase.java:368) ~[HikariCP-6.3.0.jar:na]
	at com.zaxxer.hikari.pool.PoolBase.newPoolEntry(PoolBase.java:205) ~[HikariCP-6.3.0.jar:na]
	at com.zaxxer.hikari.pool.HikariPool.createPoolEntry(HikariPool.java:483) ~[HikariCP-6.3.0.jar:na]
	at com.zaxxer.hikari.pool.HikariPool$PoolEntryCreator.call(HikariPool.java:747) ~[HikariCP-6.3.0.jar:na]
	at com.zaxxer.hikari.pool.HikariPool$PoolEntryCreator.call(HikariPool.java:726) ~[HikariCP-6.3.0.jar:na]
	at java.base/java.util.concurrent.FutureTask.run(FutureTask.java:317) ~[na:na]
	at java.base/java.util.concurrent.ThreadPoolExecutor.runWorker(ThreadPoolExecutor.java:1144) ~[na:na]
	at java.base/java.util.concurrent.ThreadPoolExecutor$Worker.run(ThreadPoolExecutor.java:642) ~[na:na]
	at java.base/java.lang.Thread.run(Thread.java:1570) ~[na:na]
Caused by: java.net.ConnectException: Connection refused: getsockopt
	at java.base/sun.nio.ch.Net.pollConnect(Native Method) ~[na:na]
	at java.base/sun.nio.ch.Net.pollConnectNow(Net.java:682) ~[na:na]
	at java.base/sun.nio.ch.NioSocketImpl.timedFinishConnect(NioSocketImpl.java:542) ~[na:na]
	at java.base/sun.nio.ch.NioSocketImpl.connect(NioSocketImpl.java:592) ~[na:na]
	at java.base/java.net.SocksSocketImpl.connect(SocksSocketImpl.java:327) ~[na:na]
	at java.base/java.net.Socket.connect(Socket.java:752) ~[na:na]
	at org.postgresql.core.PGStream.createSocket(PGStream.java:260) ~[postgresql-42.7.5.jar:42.7.5]
	at org.postgresql.core.PGStream.<init>(PGStream.java:121) ~[postgresql-42.7.5.jar:42.7.5]
	at org.postgresql.core.v3.ConnectionFactoryImpl.tryConnect(ConnectionFactoryImpl.java:140) ~[postgresql-42.7.5.jar:42.7.5]
	at org.postgresql.core.v3.ConnectionFactoryImpl.openConnectionImpl(ConnectionFactoryImpl.java:268) ~[postgresql-42.7.5.jar:42.7.5]
	... 14 common frames omitted

