[INFO] Scanning for projects...
[INFO] 
[INFO] ----------------------< com.hms:discovery-server >----------------------
[INFO] Building discovery-server 1.0.0
[INFO]   from pom.xml
[INFO] --------------------------------[ jar ]---------------------------------
[INFO] 
[INFO] >>> spring-boot:3.5.0:run (default-cli) > test-compile @ discovery-server >>>
[INFO] 
[INFO] --- resources:3.3.1:resources (default-resources) @ discovery-server ---
[INFO] Copying 1 resource from src\main\resources to target\classes
[INFO] Copying 0 resource from src\main\resources to target\classes
[INFO] 
[INFO] --- compiler:3.14.0:compile (default-compile) @ discovery-server ---
[INFO] Nothing to compile - all classes are up to date.
[INFO] 
[INFO] --- resources:3.3.1:testResources (default-testResources) @ discovery-server ---
[INFO] skip non existing resourceDirectory C:\Projects\HMS-FULLSTACK\backend\discovery-server\src\test\resources
[INFO] 
[INFO] --- compiler:3.14.0:testCompile (default-testCompile) @ discovery-server ---
[INFO] Recompiling the module because of added or removed source files.
[INFO] Compiling 1 source file with javac [debug parameters release 21] to target\test-classes
[INFO] 
[INFO] <<< spring-boot:3.5.0:run (default-cli) < test-compile @ discovery-server <<<
[INFO] 
[INFO] 
[INFO] --- spring-boot:3.5.0:run (default-cli) @ discovery-server ---
[INFO] Attaching agents: []

  .   ____          _            __ _ _
 /\\ / ___'_ __ _ _(_)_ __  __ _ \ \ \ \
( ( )\___ | '_ | '_| | '_ \/ _` | \ \ \ \
 \\/  ___)| |_)| | | | | || (_| |  ) ) ) )
  '  |____| .__|_| |_|_| |_\__, | / / / /
 =========|_|==============|___/=/_/_/_/

 :: Spring Boot ::                (v3.5.0)

2026-06-28T19:59:27.880+05:30  INFO 28480 --- [discovery-server] [           main] c.h.d.DiscoveryServerApplication         : Starting DiscoveryServerApplication using Java 22.0.2 with PID 28480 (C:\Projects\HMS-FULLSTACK\backend\discovery-server\target\classes started by admin in C:\Projects\HMS-FULLSTACK\backend\discovery-server)
2026-06-28T19:59:27.884+05:30  INFO 28480 --- [discovery-server] [           main] c.h.d.DiscoveryServerApplication         : No active profile set, falling back to 1 default profile: "default"
2026-06-28T19:59:29.290+05:30  INFO 28480 --- [discovery-server] [           main] o.s.cloud.context.scope.GenericScope     : BeanFactory id=11264309-5234-371f-8c8e-d68b734da4b3
2026-06-28T19:59:29.790+05:30  INFO 28480 --- [discovery-server] [           main] o.s.b.w.embedded.tomcat.TomcatWebServer  : Tomcat initialized with port 8761 (http)
2026-06-28T19:59:29.821+05:30  INFO 28480 --- [discovery-server] [           main] o.apache.catalina.core.StandardService   : Starting service [Tomcat]
2026-06-28T19:59:29.821+05:30  INFO 28480 --- [discovery-server] [           main] o.apache.catalina.core.StandardEngine    : Starting Servlet engine: [Apache Tomcat/10.1.41]
2026-06-28T19:59:29.947+05:30  INFO 28480 --- [discovery-server] [           main] o.a.c.c.C.[Tomcat].[localhost].[/]       : Initializing Spring embedded WebApplicationContext
2026-06-28T19:59:29.948+05:30  INFO 28480 --- [discovery-server] [           main] w.s.c.ServletWebServerApplicationContext : Root WebApplicationContext: initialization completed in 2008 ms
2026-06-28T19:59:31.369+05:30  INFO 28480 --- [discovery-server] [           main] c.n.d.provider.DiscoveryJerseyProvider   : Using JSON encoding codec LegacyJacksonJson
2026-06-28T19:59:31.371+05:30  INFO 28480 --- [discovery-server] [           main] c.n.d.provider.DiscoveryJerseyProvider   : Using JSON decoding codec LegacyJacksonJson
2026-06-28T19:59:31.570+05:30  INFO 28480 --- [discovery-server] [           main] c.n.d.provider.DiscoveryJerseyProvider   : Using XML encoding codec XStreamXml
2026-06-28T19:59:31.570+05:30  INFO 28480 --- [discovery-server] [           main] c.n.d.provider.DiscoveryJerseyProvider   : Using XML decoding codec XStreamXml
2026-06-28T19:59:31.750+05:30  INFO 28480 --- [discovery-server] [           main] o.s.v.b.OptionalValidatorFactoryBean     : Failed to set up a Bean Validation provider: jakarta.validation.NoProviderFoundException: Unable to create a Configuration, because no Jakarta Bean Validation provider could be found. Add a provider like Hibernate Validator (RI) to your classpath.
2026-06-28T19:59:32.634+05:30  WARN 28480 --- [discovery-server] [           main] iguration$LoadBalancerCaffeineWarnLogger : Spring Cloud LoadBalancer is currently working with the default cache. While this cache implementation is useful for development and tests, it's recommended to use Caffeine cache in production.You can switch to using Caffeine cache, by adding it and org.springframework.cache.caffeine.CaffeineCacheManager to the classpath.
2026-06-28T19:59:32.659+05:30  INFO 28480 --- [discovery-server] [           main] o.s.c.n.eureka.InstanceInfoFactory       : Setting initial instance status as: STARTING
2026-06-28T19:59:32.680+05:30  INFO 28480 --- [discovery-server] [           main] com.netflix.discovery.DiscoveryClient    : Initializing Eureka in region us-east-1
2026-06-28T19:59:32.680+05:30  INFO 28480 --- [discovery-server] [           main] com.netflix.discovery.DiscoveryClient    : Client configured to neither register nor query for data.
2026-06-28T19:59:32.683+05:30  INFO 28480 --- [discovery-server] [           main] com.netflix.discovery.DiscoveryClient    : Discovery Client initialized at timestamp 1782656972681 with initial instances count: 0
2026-06-28T19:59:32.735+05:30  INFO 28480 --- [discovery-server] [           main] c.n.eureka.DefaultEurekaServerContext    : Initializing ...
2026-06-28T19:59:32.739+05:30  INFO 28480 --- [discovery-server] [           main] c.n.eureka.cluster.PeerEurekaNodes       : Adding new peer nodes [http://localhost:8761/eureka/]
2026-06-28T19:59:32.933+05:30  INFO 28480 --- [discovery-server] [           main] c.n.d.provider.DiscoveryJerseyProvider   : Using JSON encoding codec LegacyJacksonJson
2026-06-28T19:59:32.933+05:30  INFO 28480 --- [discovery-server] [           main] c.n.d.provider.DiscoveryJerseyProvider   : Using JSON decoding codec LegacyJacksonJson
2026-06-28T19:59:32.933+05:30  INFO 28480 --- [discovery-server] [           main] c.n.d.provider.DiscoveryJerseyProvider   : Using XML encoding codec XStreamXml
2026-06-28T19:59:32.933+05:30  INFO 28480 --- [discovery-server] [           main] c.n.d.provider.DiscoveryJerseyProvider   : Using XML decoding codec XStreamXml
2026-06-28T19:59:32.978+05:30  INFO 28480 --- [discovery-server] [           main] c.n.eureka.cluster.PeerEurekaNodes       : Replica node URL:  http://localhost:8761/eureka/
2026-06-28T19:59:32.991+05:30  INFO 28480 --- [discovery-server] [           main] c.n.e.registry.AbstractInstanceRegistry  : Finished initializing remote region registries. All known remote regions: []
2026-06-28T19:59:32.991+05:30  INFO 28480 --- [discovery-server] [           main] c.n.eureka.DefaultEurekaServerContext    : Initialized
2026-06-28T19:59:33.004+05:30  INFO 28480 --- [discovery-server] [           main] o.s.b.a.e.web.EndpointLinksResolver      : Exposing 1 endpoint beneath base path '/actuator'
2026-06-28T19:59:33.078+05:30  INFO 28480 --- [discovery-server] [           main] o.s.c.n.e.s.EurekaServiceRegistry        : Registering application DISCOVERY-SERVER with eureka with status UP
2026-06-28T19:59:33.101+05:30  INFO 28480 --- [discovery-server] [       Thread-9] o.s.c.n.e.server.EurekaServerBootstrap   : isAws returned false
2026-06-28T19:59:33.101+05:30  INFO 28480 --- [discovery-server] [       Thread-9] o.s.c.n.e.server.EurekaServerBootstrap   : Initialized server context
2026-06-28T19:59:33.102+05:30  INFO 28480 --- [discovery-server] [       Thread-9] c.n.e.r.PeerAwareInstanceRegistryImpl    : Got 1 instances from neighboring DS node
2026-06-28T19:59:33.102+05:30  INFO 28480 --- [discovery-server] [       Thread-9] c.n.e.r.PeerAwareInstanceRegistryImpl    : Renew threshold is: 1
2026-06-28T19:59:33.102+05:30  INFO 28480 --- [discovery-server] [       Thread-9] c.n.e.r.PeerAwareInstanceRegistryImpl    : Changing status to UP
2026-06-28T19:59:33.106+05:30  INFO 28480 --- [discovery-server] [       Thread-9] e.s.EurekaServerInitializerConfiguration : Started Eureka Server
2026-06-28T19:59:33.126+05:30  INFO 28480 --- [discovery-server] [           main] o.s.b.w.embedded.tomcat.TomcatWebServer  : Tomcat started on port 8761 (http) with context path '/'
2026-06-28T19:59:33.128+05:30  INFO 28480 --- [discovery-server] [           main] .s.c.n.e.s.EurekaAutoServiceRegistration : Updating port to 8761
2026-06-28T19:59:33.159+05:30  INFO 28480 --- [discovery-server] [           main] c.h.d.DiscoveryServerApplication         : Started DiscoveryServerApplication in 6.078 seconds (process running for 6.87)
2026-06-28T19:59:47.226+05:30  INFO 28480 --- [discovery-server] [nio-8761-exec-2] o.a.c.c.C.[Tomcat].[localhost].[/]       : Initializing Spring DispatcherServlet 'dispatcherServlet'
2026-06-28T19:59:47.227+05:30  INFO 28480 --- [discovery-server] [nio-8761-exec-2] o.s.web.servlet.DispatcherServlet        : Initializing Servlet 'dispatcherServlet'
2026-06-28T19:59:47.231+05:30  INFO 28480 --- [discovery-server] [nio-8761-exec-2] o.s.web.servlet.DispatcherServlet        : Completed initialization in 3 ms
2026-06-28T19:59:47.368+05:30  WARN 28480 --- [discovery-server] [nio-8761-exec-2] c.n.e.registry.AbstractInstanceRegistry  : DS: Registry: lease doesn't exist, registering resource: CONFIG-SERVER - Sujal.mshome.net:config-server:8888
2026-06-28T19:59:47.369+05:30  WARN 28480 --- [discovery-server] [nio-8761-exec-2] c.n.eureka.resources.InstanceResource    : Not Found (Renew): CONFIG-SERVER - Sujal.mshome.net:config-server:8888
2026-06-28T19:59:47.545+05:30  INFO 28480 --- [discovery-server] [nio-8761-exec-4] c.n.e.registry.AbstractInstanceRegistry  : Registered instance CONFIG-SERVER/Sujal.mshome.net:config-server:8888 with status UP (replication=false)
2026-06-28T19:59:47.545+05:30  INFO 28480 --- [discovery-server] [nio-8761-exec-3] c.n.e.registry.AbstractInstanceRegistry  : Registered instance CONFIG-SERVER/Sujal.mshome.net:config-server:8888 with status UP (replication=false)
2026-06-28T19:59:47.956+05:30  INFO 28480 --- [discovery-server] [nio-8761-exec-8] c.n.e.registry.AbstractInstanceRegistry  : Registered instance API-GATEWAY/Sujal.mshome.net:api-gateway:8080 with status UP (replication=false)
2026-06-28T19:59:48.247+05:30  INFO 28480 --- [discovery-server] [nio-8761-exec-6] c.n.e.registry.AbstractInstanceRegistry  : Registered instance CONFIG-SERVER/Sujal.mshome.net:config-server:8888 with status UP (replication=true)
2026-06-28T19:59:48.248+05:30  INFO 28480 --- [discovery-server] [nio-8761-exec-6] c.n.e.registry.AbstractInstanceRegistry  : Registered instance API-GATEWAY/Sujal.mshome.net:api-gateway:8080 with status UP (replication=true)
2026-06-28T20:00:20.286+05:30 ERROR 28480 --- [discovery-server] [et_localhost-17] c.n.e.cluster.ReplicationTaskProcessor   : It seems to be a socket read timeout exception, it will retry later. if it continues to happen and some eureka node occupied all the cpu time, you should set property 'eureka.server.peer-node-read-timeout-ms' to a bigger value

jakarta.ws.rs.ProcessingException: java.net.SocketTimeoutException: Read timed out
	at org.glassfish.jersey.apache.connector.ApacheConnector.apply(ApacheConnector.java:534) ~[jersey-apache-connector-3.1.10.jar:na]
	at org.glassfish.jersey.client.ClientRuntime.invoke(ClientRuntime.java:300) ~[jersey-client-3.1.10.jar:na]
	at org.glassfish.jersey.client.JerseyInvocation.lambda$invoke$0(JerseyInvocation.java:674) ~[jersey-client-3.1.10.jar:na]
	at org.glassfish.jersey.client.JerseyInvocation.call(JerseyInvocation.java:709) ~[jersey-client-3.1.10.jar:na]
	at org.glassfish.jersey.client.JerseyInvocation.lambda$runInScope$3(JerseyInvocation.java:703) ~[jersey-client-3.1.10.jar:na]
	at org.glassfish.jersey.internal.Errors.process(Errors.java:292) ~[jersey-common-3.1.10.jar:na]
	at org.glassfish.jersey.internal.Errors.process(Errors.java:274) ~[jersey-common-3.1.10.jar:na]
	at org.glassfish.jersey.internal.Errors.process(Errors.java:205) ~[jersey-common-3.1.10.jar:na]
	at org.glassfish.jersey.process.internal.RequestScope.runInScope(RequestScope.java:391) ~[jersey-common-3.1.10.jar:na]
	at org.glassfish.jersey.client.JerseyInvocation.runInScope(JerseyInvocation.java:703) ~[jersey-client-3.1.10.jar:na]
	at org.glassfish.jersey.client.JerseyInvocation.invoke(JerseyInvocation.java:673) ~[jersey-client-3.1.10.jar:na]
	at org.glassfish.jersey.client.JerseyInvocation$Builder.method(JerseyInvocation.java:439) ~[jersey-client-3.1.10.jar:na]
	at org.glassfish.jersey.client.JerseyInvocation$Builder.post(JerseyInvocation.java:345) ~[jersey-client-3.1.10.jar:na]
	at com.netflix.eureka.transport.Jersey3ReplicationClient.submitBatchUpdates(Jersey3ReplicationClient.java:116) ~[eureka-core-jersey3-2.0.4.jar:2.0.4]
	at com.netflix.eureka.cluster.ReplicationTaskProcessor.process(ReplicationTaskProcessor.java:80) ~[eureka-core-2.0.4.jar:2.0.4]
	at com.netflix.eureka.util.batcher.TaskExecutors$BatchWorkerRunnable.run(TaskExecutors.java:178) ~[eureka-core-2.0.4.jar:2.0.4]
	at java.base/java.lang.Thread.run(Thread.java:1570) ~[na:na]
Caused by: java.net.SocketTimeoutException: Read timed out
	at java.base/sun.nio.ch.NioSocketImpl.timedRead(NioSocketImpl.java:278) ~[na:na]
	at java.base/sun.nio.ch.NioSocketImpl.implRead(NioSocketImpl.java:304) ~[na:na]
	at java.base/sun.nio.ch.NioSocketImpl.read(NioSocketImpl.java:346) ~[na:na]
	at java.base/sun.nio.ch.NioSocketImpl$1.read(NioSocketImpl.java:796) ~[na:na]
	at java.base/java.net.Socket$SocketInputStream.implRead(Socket.java:1108) ~[na:na]
	at java.base/java.net.Socket$SocketInputStream.read(Socket.java:1095) ~[na:na]
	at org.apache.http.impl.io.SessionInputBufferImpl.streamRead(SessionInputBufferImpl.java:137) ~[httpcore-4.4.16.jar:4.4.16]
	at org.apache.http.impl.io.SessionInputBufferImpl.fillBuffer(SessionInputBufferImpl.java:153) ~[httpcore-4.4.16.jar:4.4.16]
	at org.apache.http.impl.io.SessionInputBufferImpl.readLine(SessionInputBufferImpl.java:280) ~[httpcore-4.4.16.jar:4.4.16]
	at org.apache.http.impl.conn.DefaultHttpResponseParser.parseHead(DefaultHttpResponseParser.java:138) ~[httpclient-4.5.3.jar:4.5.3]
	at org.apache.http.impl.conn.DefaultHttpResponseParser.parseHead(DefaultHttpResponseParser.java:56) ~[httpclient-4.5.3.jar:4.5.3]
	at org.apache.http.impl.io.AbstractMessageParser.parse(AbstractMessageParser.java:259) ~[httpcore-4.4.16.jar:4.4.16]
	at org.apache.http.impl.DefaultBHttpClientConnection.receiveResponseHeader(DefaultBHttpClientConnection.java:163) ~[httpcore-4.4.16.jar:4.4.16]
	at org.apache.http.impl.conn.CPoolProxy.receiveResponseHeader(CPoolProxy.java:165) ~[httpclient-4.5.3.jar:4.5.3]
	at org.apache.http.protocol.HttpRequestExecutor.doReceiveResponse(HttpRequestExecutor.java:273) ~[httpcore-4.4.16.jar:4.4.16]
	at org.apache.http.protocol.HttpRequestExecutor.execute(HttpRequestExecutor.java:125) ~[httpcore-4.4.16.jar:4.4.16]
	at org.apache.http.impl.execchain.MainClientExec.execute(MainClientExec.java:272) ~[httpclient-4.5.3.jar:4.5.3]
	at org.apache.http.impl.execchain.ProtocolExec.execute(ProtocolExec.java:185) ~[httpclient-4.5.3.jar:4.5.3]
	at org.apache.http.impl.execchain.RetryExec.execute(RetryExec.java:89) ~[httpclient-4.5.3.jar:4.5.3]
	at org.apache.http.impl.execchain.RedirectExec.execute(RedirectExec.java:111) ~[httpclient-4.5.3.jar:4.5.3]
	at org.apache.http.impl.client.InternalHttpClient.doExecute(InternalHttpClient.java:185) ~[httpclient-4.5.3.jar:4.5.3]
	at org.apache.http.impl.client.CloseableHttpClient.execute(CloseableHttpClient.java:72) ~[httpclient-4.5.3.jar:4.5.3]
	at org.glassfish.jersey.apache.connector.ApacheConnector.apply(ApacheConnector.java:486) ~[jersey-apache-connector-3.1.10.jar:na]
	... 16 common frames omitted

2026-06-28T20:00:26.141+05:30  INFO 28480 --- [discovery-server] [nio-8761-exec-6] c.n.e.registry.AbstractInstanceRegistry  : Registered instance ADMISSION-SERVICE/Sujal.mshome.net:admission-service:8091 with status UP (replication=false)
2026-06-28T20:00:26.141+05:30  INFO 28480 --- [discovery-server] [nio-8761-exec-8] c.n.e.registry.AbstractInstanceRegistry  : Registered instance DOCTOR-SERVICE/Sujal.mshome.net:doctor-service:8088 with status UP (replication=false)
2026-06-28T20:00:26.710+05:30  INFO 28480 --- [discovery-server] [nio-8761-exec-5] c.n.e.registry.AbstractInstanceRegistry  : Registered instance ADMISSION-SERVICE/Sujal.mshome.net:admission-service:8091 with status UP (replication=true)
2026-06-28T20:00:26.711+05:30  INFO 28480 --- [discovery-server] [nio-8761-exec-5] c.n.e.registry.AbstractInstanceRegistry  : Registered instance DOCTOR-SERVICE/Sujal.mshome.net:doctor-service:8088 with status UP (replication=true)
2026-06-28T20:00:33.107+05:30  INFO 28480 --- [discovery-server] [a-EvictionTimer] c.n.e.registry.AbstractInstanceRegistry  : Running the evict task with compensationTime 0ms
2026-06-28T20:00:39.157+05:30  INFO 28480 --- [discovery-server] [nio-8761-exec-1] c.n.e.registry.AbstractInstanceRegistry  : Registered instance APPOINTMENT-SERVICE/Sujal.mshome.net:appointment-service:8083 with status UP (replication=false)
2026-06-28T20:00:39.158+05:30  INFO 28480 --- [discovery-server] [nio-8761-exec-2] c.n.e.registry.AbstractInstanceRegistry  : Registered instance AUTH-SERVICE/Sujal.mshome.net:auth-service:8081 with status UP (replication=false)
2026-06-28T20:00:39.739+05:30  INFO 28480 --- [discovery-server] [nio-8761-exec-4] c.n.e.registry.AbstractInstanceRegistry  : Registered instance AUTH-SERVICE/Sujal.mshome.net:auth-service:8081 with status UP (replication=true)
2026-06-28T20:00:39.739+05:30  INFO 28480 --- [discovery-server] [nio-8761-exec-4] c.n.e.registry.AbstractInstanceRegistry  : Registered instance APPOINTMENT-SERVICE/Sujal.mshome.net:appointment-service:8083 with status UP (replication=true)
2026-06-28T20:00:40.095+05:30  INFO 28480 --- [discovery-server] [nio-8761-exec-3] c.n.e.registry.AbstractInstanceRegistry  : Registered instance PATIENT-SERVICE/Sujal.mshome.net:patient-service:8082 with status UP (replication=false)
2026-06-28T20:00:40.611+05:30  INFO 28480 --- [discovery-server] [nio-8761-exec-8] c.n.e.registry.AbstractInstanceRegistry  : Registered instance PATIENT-SERVICE/Sujal.mshome.net:patient-service:8082 with status UP (replication=true)
2026-06-28T20:00:52.577+05:30 ERROR 28480 --- [discovery-server] [get_localhost-4] c.n.e.cluster.ReplicationTaskProcessor   : It seems to be a socket read timeout exception, it will retry later. if it continues to happen and some eureka node occupied all the cpu time, you should set property 'eureka.server.peer-node-read-timeout-ms' to a bigger value

jakarta.ws.rs.ProcessingException: java.net.SocketTimeoutException: Read timed out
	at org.glassfish.jersey.apache.connector.ApacheConnector.apply(ApacheConnector.java:534) ~[jersey-apache-connector-3.1.10.jar:na]
	at org.glassfish.jersey.client.ClientRuntime.invoke(ClientRuntime.java:300) ~[jersey-client-3.1.10.jar:na]
	at org.glassfish.jersey.client.JerseyInvocation.lambda$invoke$0(JerseyInvocation.java:674) ~[jersey-client-3.1.10.jar:na]
	at org.glassfish.jersey.client.JerseyInvocation.call(JerseyInvocation.java:709) ~[jersey-client-3.1.10.jar:na]
	at org.glassfish.jersey.client.JerseyInvocation.lambda$runInScope$3(JerseyInvocation.java:703) ~[jersey-client-3.1.10.jar:na]
	at org.glassfish.jersey.internal.Errors.process(Errors.java:292) ~[jersey-common-3.1.10.jar:na]
	at org.glassfish.jersey.internal.Errors.process(Errors.java:274) ~[jersey-common-3.1.10.jar:na]
	at org.glassfish.jersey.internal.Errors.process(Errors.java:205) ~[jersey-common-3.1.10.jar:na]
	at org.glassfish.jersey.process.internal.RequestScope.runInScope(RequestScope.java:391) ~[jersey-common-3.1.10.jar:na]
	at org.glassfish.jersey.client.JerseyInvocation.runInScope(JerseyInvocation.java:703) ~[jersey-client-3.1.10.jar:na]
	at org.glassfish.jersey.client.JerseyInvocation.invoke(JerseyInvocation.java:673) ~[jersey-client-3.1.10.jar:na]
	at org.glassfish.jersey.client.JerseyInvocation$Builder.method(JerseyInvocation.java:439) ~[jersey-client-3.1.10.jar:na]
	at org.glassfish.jersey.client.JerseyInvocation$Builder.post(JerseyInvocation.java:345) ~[jersey-client-3.1.10.jar:na]
	at com.netflix.eureka.transport.Jersey3ReplicationClient.submitBatchUpdates(Jersey3ReplicationClient.java:116) ~[eureka-core-jersey3-2.0.4.jar:2.0.4]
	at com.netflix.eureka.cluster.ReplicationTaskProcessor.process(ReplicationTaskProcessor.java:80) ~[eureka-core-2.0.4.jar:2.0.4]
	at com.netflix.eureka.util.batcher.TaskExecutors$BatchWorkerRunnable.run(TaskExecutors.java:178) ~[eureka-core-2.0.4.jar:2.0.4]
	at java.base/java.lang.Thread.run(Thread.java:1570) ~[na:na]
Caused by: java.net.SocketTimeoutException: Read timed out
	at java.base/sun.nio.ch.NioSocketImpl.timedRead(NioSocketImpl.java:278) ~[na:na]
	at java.base/sun.nio.ch.NioSocketImpl.implRead(NioSocketImpl.java:304) ~[na:na]
	at java.base/sun.nio.ch.NioSocketImpl.read(NioSocketImpl.java:346) ~[na:na]
	at java.base/sun.nio.ch.NioSocketImpl$1.read(NioSocketImpl.java:796) ~[na:na]
	at java.base/java.net.Socket$SocketInputStream.implRead(Socket.java:1108) ~[na:na]
	at java.base/java.net.Socket$SocketInputStream.read(Socket.java:1095) ~[na:na]
	at org.apache.http.impl.io.SessionInputBufferImpl.streamRead(SessionInputBufferImpl.java:137) ~[httpcore-4.4.16.jar:4.4.16]
	at org.apache.http.impl.io.SessionInputBufferImpl.fillBuffer(SessionInputBufferImpl.java:153) ~[httpcore-4.4.16.jar:4.4.16]
	at org.apache.http.impl.io.SessionInputBufferImpl.readLine(SessionInputBufferImpl.java:280) ~[httpcore-4.4.16.jar:4.4.16]
	at org.apache.http.impl.conn.DefaultHttpResponseParser.parseHead(DefaultHttpResponseParser.java:138) ~[httpclient-4.5.3.jar:4.5.3]
	at org.apache.http.impl.conn.DefaultHttpResponseParser.parseHead(DefaultHttpResponseParser.java:56) ~[httpclient-4.5.3.jar:4.5.3]
	at org.apache.http.impl.io.AbstractMessageParser.parse(AbstractMessageParser.java:259) ~[httpcore-4.4.16.jar:4.4.16]
	at org.apache.http.impl.DefaultBHttpClientConnection.receiveResponseHeader(DefaultBHttpClientConnection.java:163) ~[httpcore-4.4.16.jar:4.4.16]
	at org.apache.http.impl.conn.CPoolProxy.receiveResponseHeader(CPoolProxy.java:165) ~[httpclient-4.5.3.jar:4.5.3]
	at org.apache.http.protocol.HttpRequestExecutor.doReceiveResponse(HttpRequestExecutor.java:273) ~[httpcore-4.4.16.jar:4.4.16]
	at org.apache.http.protocol.HttpRequestExecutor.execute(HttpRequestExecutor.java:125) ~[httpcore-4.4.16.jar:4.4.16]
	at org.apache.http.impl.execchain.MainClientExec.execute(MainClientExec.java:272) ~[httpclient-4.5.3.jar:4.5.3]
	at org.apache.http.impl.execchain.ProtocolExec.execute(ProtocolExec.java:185) ~[httpclient-4.5.3.jar:4.5.3]
	at org.apache.http.impl.execchain.RetryExec.execute(RetryExec.java:89) ~[httpclient-4.5.3.jar:4.5.3]
	at org.apache.http.impl.execchain.RedirectExec.execute(RedirectExec.java:111) ~[httpclient-4.5.3.jar:4.5.3]
	at org.apache.http.impl.client.InternalHttpClient.doExecute(InternalHttpClient.java:185) ~[httpclient-4.5.3.jar:4.5.3]
	at org.apache.http.impl.client.CloseableHttpClient.execute(CloseableHttpClient.java:72) ~[httpclient-4.5.3.jar:4.5.3]
	at org.glassfish.jersey.apache.connector.ApacheConnector.apply(ApacheConnector.java:486) ~[jersey-apache-connector-3.1.10.jar:na]
	... 16 common frames omitted

2026-06-28T20:01:24.633+05:30 ERROR 28480 --- [discovery-server] [get_localhost-4] c.n.e.cluster.ReplicationTaskProcessor   : It seems to be a socket read timeout exception, it will retry later. if it continues to happen and some eureka node occupied all the cpu time, you should set property 'eureka.server.peer-node-read-timeout-ms' to a bigger value

jakarta.ws.rs.ProcessingException: java.net.SocketTimeoutException: Read timed out
	at org.glassfish.jersey.apache.connector.ApacheConnector.apply(ApacheConnector.java:534) ~[jersey-apache-connector-3.1.10.jar:na]
	at org.glassfish.jersey.client.ClientRuntime.invoke(ClientRuntime.java:300) ~[jersey-client-3.1.10.jar:na]
	at org.glassfish.jersey.client.JerseyInvocation.lambda$invoke$0(JerseyInvocation.java:674) ~[jersey-client-3.1.10.jar:na]
	at org.glassfish.jersey.client.JerseyInvocation.call(JerseyInvocation.java:709) ~[jersey-client-3.1.10.jar:na]
	at org.glassfish.jersey.client.JerseyInvocation.lambda$runInScope$3(JerseyInvocation.java:703) ~[jersey-client-3.1.10.jar:na]
	at org.glassfish.jersey.internal.Errors.process(Errors.java:292) ~[jersey-common-3.1.10.jar:na]
	at org.glassfish.jersey.internal.Errors.process(Errors.java:274) ~[jersey-common-3.1.10.jar:na]
	at org.glassfish.jersey.internal.Errors.process(Errors.java:205) ~[jersey-common-3.1.10.jar:na]
	at org.glassfish.jersey.process.internal.RequestScope.runInScope(RequestScope.java:391) ~[jersey-common-3.1.10.jar:na]
	at org.glassfish.jersey.client.JerseyInvocation.runInScope(JerseyInvocation.java:703) ~[jersey-client-3.1.10.jar:na]
	at org.glassfish.jersey.client.JerseyInvocation.invoke(JerseyInvocation.java:673) ~[jersey-client-3.1.10.jar:na]
	at org.glassfish.jersey.client.JerseyInvocation$Builder.method(JerseyInvocation.java:439) ~[jersey-client-3.1.10.jar:na]
	at org.glassfish.jersey.client.JerseyInvocation$Builder.post(JerseyInvocation.java:345) ~[jersey-client-3.1.10.jar:na]
	at com.netflix.eureka.transport.Jersey3ReplicationClient.submitBatchUpdates(Jersey3ReplicationClient.java:116) ~[eureka-core-jersey3-2.0.4.jar:2.0.4]
	at com.netflix.eureka.cluster.ReplicationTaskProcessor.process(ReplicationTaskProcessor.java:80) ~[eureka-core-2.0.4.jar:2.0.4]
	at com.netflix.eureka.util.batcher.TaskExecutors$BatchWorkerRunnable.run(TaskExecutors.java:178) ~[eureka-core-2.0.4.jar:2.0.4]
	at java.base/java.lang.Thread.run(Thread.java:1570) ~[na:na]
Caused by: java.net.SocketTimeoutException: Read timed out
	at java.base/sun.nio.ch.NioSocketImpl.timedRead(NioSocketImpl.java:278) ~[na:na]
	at java.base/sun.nio.ch.NioSocketImpl.implRead(NioSocketImpl.java:304) ~[na:na]
	at java.base/sun.nio.ch.NioSocketImpl.read(NioSocketImpl.java:346) ~[na:na]
	at java.base/sun.nio.ch.NioSocketImpl$1.read(NioSocketImpl.java:796) ~[na:na]
	at java.base/java.net.Socket$SocketInputStream.implRead(Socket.java:1108) ~[na:na]
	at java.base/java.net.Socket$SocketInputStream.read(Socket.java:1095) ~[na:na]
	at org.apache.http.impl.io.SessionInputBufferImpl.streamRead(SessionInputBufferImpl.java:137) ~[httpcore-4.4.16.jar:4.4.16]
	at org.apache.http.impl.io.SessionInputBufferImpl.fillBuffer(SessionInputBufferImpl.java:153) ~[httpcore-4.4.16.jar:4.4.16]
	at org.apache.http.impl.io.SessionInputBufferImpl.readLine(SessionInputBufferImpl.java:280) ~[httpcore-4.4.16.jar:4.4.16]
	at org.apache.http.impl.conn.DefaultHttpResponseParser.parseHead(DefaultHttpResponseParser.java:138) ~[httpclient-4.5.3.jar:4.5.3]
	at org.apache.http.impl.conn.DefaultHttpResponseParser.parseHead(DefaultHttpResponseParser.java:56) ~[httpclient-4.5.3.jar:4.5.3]
	at org.apache.http.impl.io.AbstractMessageParser.parse(AbstractMessageParser.java:259) ~[httpcore-4.4.16.jar:4.4.16]
	at org.apache.http.impl.DefaultBHttpClientConnection.receiveResponseHeader(DefaultBHttpClientConnection.java:163) ~[httpcore-4.4.16.jar:4.4.16]
	at org.apache.http.impl.conn.CPoolProxy.receiveResponseHeader(CPoolProxy.java:165) ~[httpclient-4.5.3.jar:4.5.3]
	at org.apache.http.protocol.HttpRequestExecutor.doReceiveResponse(HttpRequestExecutor.java:273) ~[httpcore-4.4.16.jar:4.4.16]
	at org.apache.http.protocol.HttpRequestExecutor.execute(HttpRequestExecutor.java:125) ~[httpcore-4.4.16.jar:4.4.16]
	at org.apache.http.impl.execchain.MainClientExec.execute(MainClientExec.java:272) ~[httpclient-4.5.3.jar:4.5.3]
	at org.apache.http.impl.execchain.ProtocolExec.execute(ProtocolExec.java:185) ~[httpclient-4.5.3.jar:4.5.3]
	at org.apache.http.impl.execchain.RetryExec.execute(RetryExec.java:89) ~[httpclient-4.5.3.jar:4.5.3]
	at org.apache.http.impl.execchain.RedirectExec.execute(RedirectExec.java:111) ~[httpclient-4.5.3.jar:4.5.3]
	at org.apache.http.impl.client.InternalHttpClient.doExecute(InternalHttpClient.java:185) ~[httpclient-4.5.3.jar:4.5.3]
	at org.apache.http.impl.client.CloseableHttpClient.execute(CloseableHttpClient.java:72) ~[httpclient-4.5.3.jar:4.5.3]
	at org.glassfish.jersey.apache.connector.ApacheConnector.apply(ApacheConnector.java:486) ~[jersey-apache-connector-3.1.10.jar:na]
	... 16 common frames omitted

2026-06-28T20:01:33.151+05:30  INFO 28480 --- [discovery-server] [a-EvictionTimer] c.n.e.registry.AbstractInstanceRegistry  : Running the evict task with compensationTime 22ms
2026-06-28T20:01:37.765+05:30  INFO 28480 --- [discovery-server] [nio-8761-exec-6] c.n.e.registry.AbstractInstanceRegistry  : Registered instance REPORTING-SERVICE/Sujal.mshome.net:reporting-service:8093 with status UP (replication=false)
2026-06-28T20:01:38.358+05:30  INFO 28480 --- [discovery-server] [nio-8761-exec-1] c.n.e.registry.AbstractInstanceRegistry  : Registered instance REPORTING-SERVICE/Sujal.mshome.net:reporting-service:8093 with status UP (replication=true)
2026-06-28T20:01:43.052+05:30  INFO 28480 --- [discovery-server] [nio-8761-exec-3] c.n.e.registry.AbstractInstanceRegistry  : Registered instance INVENTORY-SERVICE/Sujal.mshome.net:inventory-service:8092 with status UP (replication=false)
2026-06-28T20:01:43.590+05:30  INFO 28480 --- [discovery-server] [nio-8761-exec-1] c.n.e.registry.AbstractInstanceRegistry  : Registered instance INVENTORY-SERVICE/Sujal.mshome.net:inventory-service:8092 with status UP (replication=true)
2026-06-28T20:01:44.362+05:30  INFO 28480 --- [discovery-server] [nio-8761-exec-2] c.n.e.registry.AbstractInstanceRegistry  : Registered instance LABORATORY-SERVICE/Sujal.mshome.net:laboratory-service:8090 with status UP (replication=false)
2026-06-28T20:01:44.883+05:30  INFO 28480 --- [discovery-server] [nio-8761-exec-7] c.n.e.registry.AbstractInstanceRegistry  : Registered instance LABORATORY-SERVICE/Sujal.mshome.net:laboratory-service:8090 with status UP (replication=true)
2026-06-28T20:01:47.299+05:30  INFO 28480 --- [discovery-server] [nio-8761-exec-8] c.n.e.registry.AbstractInstanceRegistry  : Registered instance PHARMACY-SERVICE/Sujal.mshome.net:pharmacy-service:8089 with status UP (replication=false)
2026-06-28T20:01:47.834+05:30  INFO 28480 --- [discovery-server] [nio-8761-exec-3] c.n.e.registry.AbstractInstanceRegistry  : Registered instance PHARMACY-SERVICE/Sujal.mshome.net:pharmacy-service:8089 with status UP (replication=true)
2026-06-28T20:01:52.073+05:30  INFO 28480 --- [discovery-server] [io-8761-exec-10] c.n.e.registry.AbstractInstanceRegistry  : Registered instance AUDIT-SERVICE/Sujal.mshome.net:audit-service:8086 with status UP (replication=false)
2026-06-28T20:01:52.443+05:30  INFO 28480 --- [discovery-server] [nio-8761-exec-1] c.n.e.registry.AbstractInstanceRegistry  : Registered instance BILLING-SERVICE/Sujal.mshome.net:billing-service:8085 with status UP (replication=false)
2026-06-28T20:01:52.611+05:30  INFO 28480 --- [discovery-server] [nio-8761-exec-9] c.n.e.registry.AbstractInstanceRegistry  : Registered instance AUDIT-SERVICE/Sujal.mshome.net:audit-service:8086 with status UP (replication=true)
2026-06-28T20:01:52.612+05:30  INFO 28480 --- [discovery-server] [nio-8761-exec-9] c.n.e.registry.AbstractInstanceRegistry  : Registered instance BILLING-SERVICE/Sujal.mshome.net:billing-service:8085 with status UP (replication=true)
2026-06-28T20:02:05.934+05:30  INFO 28480 --- [discovery-server] [nio-8761-exec-7] c.n.e.registry.AbstractInstanceRegistry  : Registered instance ANALYTICS-SERVICE/Sujal.mshome.net:analytics-service:8188 with status UP (replication=false)
2026-06-28T20:02:06.469+05:30  INFO 28480 --- [discovery-server] [nio-8761-exec-4] c.n.e.registry.AbstractInstanceRegistry  : Registered instance ANALYTICS-SERVICE/Sujal.mshome.net:analytics-service:8188 with status UP (replication=true)
2026-06-28T20:02:33.136+05:30  INFO 28480 --- [discovery-server] [a-EvictionTimer] c.n.e.registry.AbstractInstanceRegistry  : Running the evict task with compensationTime 1ms
2026-06-28T20:03:33.142+05:30  INFO 28480 --- [discovery-server] [a-EvictionTimer] c.n.e.registry.AbstractInstanceRegistry  : Running the evict task with compensationTime 1ms
2026-06-28T20:04:33.140+05:30  INFO 28480 --- [discovery-server] [a-EvictionTimer] c.n.e.registry.AbstractInstanceRegistry  : Running the evict task with compensationTime 0ms
2026-06-28T20:05:33.146+05:30  INFO 28480 --- [discovery-server] [a-EvictionTimer] c.n.e.registry.AbstractInstanceRegistry  : Running the evict task with compensationTime 1ms
2026-06-28T20:06:33.150+05:30  INFO 28480 --- [discovery-server] [a-EvictionTimer] c.n.e.registry.AbstractInstanceRegistry  : Running the evict task with compensationTime 1ms
2026-06-28T20:07:33.155+05:30  INFO 28480 --- [discovery-server] [a-EvictionTimer] c.n.e.registry.AbstractInstanceRegistry  : Running the evict task with compensationTime 10ms
