[INFO] Scanning for projects...
[INFO] 
[INFO] -----------------------< com.hms:doctor-service >-----------------------
[INFO] Building doctor-service 1.0.0
[INFO]   from pom.xml
[INFO] --------------------------------[ jar ]---------------------------------
[INFO] 
[INFO] >>> spring-boot:3.5.0:run (default-cli) > test-compile @ doctor-service >>>
[INFO] 
[INFO] --- resources:3.3.1:resources (default-resources) @ doctor-service ---
[INFO] Copying 1 resource from src\main\resources to target\classes
[INFO] Copying 0 resource from src\main\resources to target\classes
[INFO] 
[INFO] --- compiler:3.14.0:compile (default-compile) @ doctor-service ---
[INFO] Nothing to compile - all classes are up to date.
[INFO] 
[INFO] --- resources:3.3.1:testResources (default-testResources) @ doctor-service ---
[INFO] skip non existing resourceDirectory C:\Projects\HMS-FULLSTACK\backend\doctor-service\src\test\resources
[INFO] 
[INFO] --- compiler:3.14.0:testCompile (default-testCompile) @ doctor-service ---
[INFO] No sources to compile
[INFO] 
[INFO] <<< spring-boot:3.5.0:run (default-cli) < test-compile @ doctor-service <<<
[INFO] 
[INFO] 
[INFO] --- spring-boot:3.5.0:run (default-cli) @ doctor-service ---
[INFO] Attaching agents: []

  .   ____          _            __ _ _
 /\\ / ___'_ __ _ _(_)_ __  __ _ \ \ \ \
( ( )\___ | '_ | '_| | '_ \/ _` | \ \ \ \
 \\/  ___)| |_)| | | | | || (_| |  ) ) ) )
  '  |____| .__|_| |_|_| |_\__, | / / / /
 =========|_|==============|___/=/_/_/_/

 :: Spring Boot ::                (v3.5.0)

2026-06-28T20:00:09.221+05:30  INFO 25344 --- [doctor-service] [           main] c.hms.doctor.DoctorServiceApplication    : Starting DoctorServiceApplication using Java 22.0.2 with PID 25344 (C:\Projects\HMS-FULLSTACK\backend\doctor-service\target\classes started by admin in C:\Projects\HMS-FULLSTACK\backend\doctor-service)
2026-06-28T20:00:09.227+05:30  INFO 25344 --- [doctor-service] [           main] c.hms.doctor.DoctorServiceApplication    : No active profile set, falling back to 1 default profile: "default"
2026-06-28T20:00:11.852+05:30  INFO 25344 --- [doctor-service] [           main] .s.d.r.c.RepositoryConfigurationDelegate : Bootstrapping Spring Data JPA repositories in DEFAULT mode.
2026-06-28T20:00:12.411+05:30  INFO 25344 --- [doctor-service] [           main] .s.d.r.c.RepositoryConfigurationDelegate : Finished Spring Data repository scanning in 526 ms. Found 1 JPA repository interface.
2026-06-28T20:00:13.217+05:30  INFO 25344 --- [doctor-service] [           main] o.s.cloud.context.scope.GenericScope     : BeanFactory id=e53c0b74-5a72-3bff-948b-2469f89967bb
2026-06-28T20:00:14.423+05:30  INFO 25344 --- [doctor-service] [           main] o.s.b.w.embedded.tomcat.TomcatWebServer  : Tomcat initialized with port 8088 (http)
2026-06-28T20:00:14.459+05:30  INFO 25344 --- [doctor-service] [           main] o.apache.catalina.core.StandardService   : Starting service [Tomcat]
2026-06-28T20:00:14.460+05:30  INFO 25344 --- [doctor-service] [           main] o.apache.catalina.core.StandardEngine    : Starting Servlet engine: [Apache Tomcat/10.1.41]
2026-06-28T20:00:14.668+05:30  INFO 25344 --- [doctor-service] [           main] o.a.c.c.C.[Tomcat].[localhost].[/]       : Initializing Spring embedded WebApplicationContext
2026-06-28T20:00:14.671+05:30  INFO 25344 --- [doctor-service] [           main] w.s.c.ServletWebServerApplicationContext : Root WebApplicationContext: initialization completed in 5234 ms
2026-06-28T20:00:15.195+05:30  INFO 25344 --- [doctor-service] [           main] o.hibernate.jpa.internal.util.LogHelper  : HHH000204: Processing PersistenceUnitInfo [name: default]
2026-06-28T20:00:15.360+05:30  INFO 25344 --- [doctor-service] [           main] org.hibernate.Version                    : HHH000412: Hibernate ORM core version 6.6.15.Final
2026-06-28T20:00:15.462+05:30  INFO 25344 --- [doctor-service] [           main] o.h.c.internal.RegionFactoryInitiator    : HHH000026: Second-level cache disabled
2026-06-28T20:00:16.325+05:30  INFO 25344 --- [doctor-service] [           main] o.s.o.j.p.SpringPersistenceUnitInfo      : No LoadTimeWeaver setup: ignoring JPA class transformer
2026-06-28T20:00:16.407+05:30  INFO 25344 --- [doctor-service] [           main] com.zaxxer.hikari.HikariDataSource       : HikariPool-1 - Starting...
2026-06-28T20:00:17.017+05:30  INFO 25344 --- [doctor-service] [           main] com.zaxxer.hikari.pool.HikariPool        : HikariPool-1 - Added connection org.postgresql.jdbc.PgConnection@72f24a84
2026-06-28T20:00:17.021+05:30  INFO 25344 --- [doctor-service] [           main] com.zaxxer.hikari.HikariDataSource       : HikariPool-1 - Start completed.
2026-06-28T20:00:17.233+05:30  INFO 25344 --- [doctor-service] [           main] org.hibernate.orm.connections.pooling    : HHH10001005: Database info:
	Database JDBC URL [Connecting through datasource 'HikariDataSource (HikariPool-1)']
	Database driver: undefined/unknown
	Database version: 18.3
	Autocommit mode: undefined/unknown
	Isolation level: undefined/unknown
	Minimum pool size: undefined/unknown
	Maximum pool size: undefined/unknown
2026-06-28T20:00:20.134+05:30  INFO 25344 --- [doctor-service] [           main] o.h.e.t.j.p.i.JtaPlatformInitiator       : HHH000489: No JTA platform available (set 'hibernate.transaction.jta.platform' to enable JTA platform integration)
2026-06-28T20:00:21.014+05:30  INFO 25344 --- [doctor-service] [           main] j.LocalContainerEntityManagerFactoryBean : Initialized JPA EntityManagerFactory for persistence unit 'default'
2026-06-28T20:00:22.430+05:30  WARN 25344 --- [doctor-service] [           main] JpaBaseConfiguration$JpaWebConfiguration : spring.jpa.open-in-view is enabled by default. Therefore, database queries may be performed during view rendering. Explicitly configure spring.jpa.open-in-view to disable this warning
2026-06-28T20:00:23.958+05:30  INFO 25344 --- [doctor-service] [           main] DiscoveryClientOptionalArgsConfiguration : Eureka HTTP Client uses RestTemplate.
2026-06-28T20:00:24.122+05:30  WARN 25344 --- [doctor-service] [           main] iguration$LoadBalancerCaffeineWarnLogger : Spring Cloud LoadBalancer is currently working with the default cache. While this cache implementation is useful for development and tests, it's recommended to use Caffeine cache in production.You can switch to using Caffeine cache, by adding it and org.springframework.cache.caffeine.CaffeineCacheManager to the classpath.
2026-06-28T20:00:24.220+05:30  INFO 25344 --- [doctor-service] [           main] o.s.c.n.eureka.InstanceInfoFactory       : Setting initial instance status as: STARTING
2026-06-28T20:00:24.351+05:30  INFO 25344 --- [doctor-service] [           main] com.netflix.discovery.DiscoveryClient    : Initializing Eureka in region us-east-1
2026-06-28T20:00:24.370+05:30  INFO 25344 --- [doctor-service] [           main] c.n.d.s.r.aws.ConfigClusterResolver      : Resolving eureka endpoints via configuration
2026-06-28T20:00:24.412+05:30  INFO 25344 --- [doctor-service] [           main] com.netflix.discovery.DiscoveryClient    : Disable delta property : false
2026-06-28T20:00:24.413+05:30  INFO 25344 --- [doctor-service] [           main] com.netflix.discovery.DiscoveryClient    : Single vip registry refresh property : null
2026-06-28T20:00:24.413+05:30  INFO 25344 --- [doctor-service] [           main] com.netflix.discovery.DiscoveryClient    : Force full registry fetch : false
2026-06-28T20:00:24.414+05:30  INFO 25344 --- [doctor-service] [           main] com.netflix.discovery.DiscoveryClient    : Application is null : false
2026-06-28T20:00:24.414+05:30  INFO 25344 --- [doctor-service] [           main] com.netflix.discovery.DiscoveryClient    : Registered Applications size is zero : true
2026-06-28T20:00:24.415+05:30  INFO 25344 --- [doctor-service] [           main] com.netflix.discovery.DiscoveryClient    : Application version is -1: true
2026-06-28T20:00:24.415+05:30  INFO 25344 --- [doctor-service] [           main] com.netflix.discovery.DiscoveryClient    : Getting all instance registry info from the eureka server
2026-06-28T20:00:25.944+05:30  INFO 25344 --- [doctor-service] [           main] com.netflix.discovery.DiscoveryClient    : The response status is 200
2026-06-28T20:00:25.948+05:30  INFO 25344 --- [doctor-service] [           main] com.netflix.discovery.DiscoveryClient    : Starting heartbeat executor: renew interval is: 30
2026-06-28T20:00:25.955+05:30  INFO 25344 --- [doctor-service] [           main] c.n.discovery.InstanceInfoReplicator     : InstanceInfoReplicator onDemand update allowed rate per min is 4
2026-06-28T20:00:25.962+05:30  INFO 25344 --- [doctor-service] [           main] com.netflix.discovery.DiscoveryClient    : Discovery Client initialized at timestamp 1782657025957 with initial instances count: 2
2026-06-28T20:00:25.970+05:30  INFO 25344 --- [doctor-service] [           main] o.s.c.n.e.s.EurekaServiceRegistry        : Registering application DOCTOR-SERVICE with eureka with status UP
2026-06-28T20:00:25.972+05:30  INFO 25344 --- [doctor-service] [           main] com.netflix.discovery.DiscoveryClient    : Saw local status change event StatusChangeEvent [timestamp=1782657025972, current=UP, previous=STARTING]
2026-06-28T20:00:25.977+05:30  INFO 25344 --- [doctor-service] [foReplicator-%d] com.netflix.discovery.DiscoveryClient    : DiscoveryClient_DOCTOR-SERVICE/Sujal.mshome.net:doctor-service:8088: registering service...
2026-06-28T20:00:26.069+05:30  INFO 25344 --- [doctor-service] [           main] o.s.b.w.embedded.tomcat.TomcatWebServer  : Tomcat started on port 8088 (http) with context path '/'
2026-06-28T20:00:26.072+05:30  INFO 25344 --- [doctor-service] [           main] .s.c.n.e.s.EurekaAutoServiceRegistration : Updating port to 8088
2026-06-28T20:00:26.150+05:30  INFO 25344 --- [doctor-service] [           main] c.hms.doctor.DoctorServiceApplication    : Started DoctorServiceApplication in 19.181 seconds (process running for 21.113)
2026-06-28T20:00:26.153+05:30  INFO 25344 --- [doctor-service] [foReplicator-%d] com.netflix.discovery.DiscoveryClient    : DiscoveryClient_DOCTOR-SERVICE/Sujal.mshome.net:doctor-service:8088 - registration status: 204
2026-06-28T20:05:24.748+05:30  INFO 25344 --- [doctor-service] [rap-executor-%d] c.n.d.s.r.aws.ConfigClusterResolver      : Resolving eureka endpoints via configuration
2026-06-28T20:07:16.087+05:30  WARN 25344 --- [doctor-service] [l-1:housekeeper] com.zaxxer.hikari.pool.PoolBase          : HikariPool-1 - Failed to validate connection org.postgresql.jdbc.PgConnection@72f24a84 (This connection has been closed.). Possibly consider using a shorter maxLifetime value.
2026-06-28T20:07:23.640+05:30  WARN 25344 --- [doctor-service] [l-1:housekeeper] com.zaxxer.hikari.pool.PoolBase          : HikariPool-1 - Failed to validate connection org.postgresql.jdbc.PgConnection@1201b08e (This connection has been closed.). Possibly consider using a shorter maxLifetime value.
2026-06-28T20:07:36.228+05:30  WARN 25344 --- [doctor-service] [l-1:housekeeper] com.zaxxer.hikari.pool.PoolBase          : HikariPool-1 - Failed to validate connection org.postgresql.jdbc.PgConnection@328b9876 (This connection has been closed.). Possibly consider using a shorter maxLifetime value.
2026-06-28T20:07:50.011+05:30  WARN 25344 --- [doctor-service] [l-1:housekeeper] com.zaxxer.hikari.pool.PoolBase          : HikariPool-1 - Failed to validate connection org.postgresql.jdbc.PgConnection@2a3a3703 (This connection has been closed.). Possibly consider using a shorter maxLifetime value.
