[INFO] Scanning for projects...
[INFO] 
[INFO] ---------------------< com.hms:laboratory-service >---------------------
[INFO] Building laboratory-service 1.0.0
[INFO]   from pom.xml
[INFO] --------------------------------[ jar ]---------------------------------
[INFO] 
[INFO] >>> spring-boot:3.5.0:run (default-cli) > test-compile @ laboratory-service >>>
[INFO] 
[INFO] --- resources:3.3.1:resources (default-resources) @ laboratory-service ---
[INFO] Copying 1 resource from src\main\resources to target\classes
[INFO] Copying 0 resource from src\main\resources to target\classes
[INFO] 
[INFO] --- compiler:3.14.0:compile (default-compile) @ laboratory-service ---
[INFO] Nothing to compile - all classes are up to date.
[INFO] 
[INFO] --- resources:3.3.1:testResources (default-testResources) @ laboratory-service ---
[INFO] skip non existing resourceDirectory C:\Projects\HMS-FULLSTACK\backend\laboratory-service\src\test\resources
[INFO] 
[INFO] --- compiler:3.14.0:testCompile (default-testCompile) @ laboratory-service ---
[INFO] No sources to compile
[INFO] 
[INFO] <<< spring-boot:3.5.0:run (default-cli) < test-compile @ laboratory-service <<<
[INFO] 
[INFO] 
[INFO] --- spring-boot:3.5.0:run (default-cli) @ laboratory-service ---
[INFO] Attaching agents: []

  .   ____          _            __ _ _
 /\\ / ___'_ __ _ _(_)_ __  __ _ \ \ \ \
( ( )\___ | '_ | '_| | '_ \/ _` | \ \ \ \
 \\/  ___)| |_)| | | | | || (_| |  ) ) ) )
  '  |____| .__|_| |_|_| |_\__, | / / / /
 =========|_|==============|___/=/_/_/_/

 :: Spring Boot ::                (v3.5.0)

2026-06-28T20:01:21.164+05:30  INFO 22520 --- [laboratory-service] [           main] c.h.l.LaboratoryServiceApplication       : Starting LaboratoryServiceApplication using Java 22.0.2 with PID 22520 (C:\Projects\HMS-FULLSTACK\backend\laboratory-service\target\classes started by admin in C:\Projects\HMS-FULLSTACK\backend\laboratory-service)
2026-06-28T20:01:21.169+05:30  INFO 22520 --- [laboratory-service] [           main] c.h.l.LaboratoryServiceApplication       : No active profile set, falling back to 1 default profile: "default"
2026-06-28T20:01:24.281+05:30  INFO 22520 --- [laboratory-service] [           main] .s.d.r.c.RepositoryConfigurationDelegate : Bootstrapping Spring Data JPA repositories in DEFAULT mode.
2026-06-28T20:01:24.972+05:30  INFO 22520 --- [laboratory-service] [           main] .s.d.r.c.RepositoryConfigurationDelegate : Finished Spring Data repository scanning in 657 ms. Found 1 JPA repository interface.
2026-06-28T20:01:25.961+05:30  INFO 22520 --- [laboratory-service] [           main] o.s.cloud.context.scope.GenericScope     : BeanFactory id=802b1322-7ecf-306b-a922-29fdd39eac97
2026-06-28T20:01:27.697+05:30  INFO 22520 --- [laboratory-service] [           main] o.s.b.w.embedded.tomcat.TomcatWebServer  : Tomcat initialized with port 8090 (http)
2026-06-28T20:01:28.027+05:30  INFO 22520 --- [laboratory-service] [           main] o.apache.catalina.core.StandardService   : Starting service [Tomcat]
2026-06-28T20:01:28.029+05:30  INFO 22520 --- [laboratory-service] [           main] o.apache.catalina.core.StandardEngine    : Starting Servlet engine: [Apache Tomcat/10.1.41]
2026-06-28T20:01:28.360+05:30  INFO 22520 --- [laboratory-service] [           main] o.a.c.c.C.[Tomcat].[localhost].[/]       : Initializing Spring embedded WebApplicationContext
2026-06-28T20:01:28.362+05:30  INFO 22520 --- [laboratory-service] [           main] w.s.c.ServletWebServerApplicationContext : Root WebApplicationContext: initialization completed in 7086 ms
2026-06-28T20:01:29.120+05:30  INFO 22520 --- [laboratory-service] [           main] o.hibernate.jpa.internal.util.LogHelper  : HHH000204: Processing PersistenceUnitInfo [name: default]
2026-06-28T20:01:29.595+05:30  INFO 22520 --- [laboratory-service] [           main] org.hibernate.Version                    : HHH000412: Hibernate ORM core version 6.6.15.Final
2026-06-28T20:01:29.780+05:30  INFO 22520 --- [laboratory-service] [           main] o.h.c.internal.RegionFactoryInitiator    : HHH000026: Second-level cache disabled
2026-06-28T20:01:31.340+05:30  INFO 22520 --- [laboratory-service] [           main] o.s.o.j.p.SpringPersistenceUnitInfo      : No LoadTimeWeaver setup: ignoring JPA class transformer
2026-06-28T20:01:31.538+05:30  INFO 22520 --- [laboratory-service] [           main] com.zaxxer.hikari.HikariDataSource       : HikariPool-1 - Starting...
2026-06-28T20:01:33.245+05:30  INFO 22520 --- [laboratory-service] [           main] com.zaxxer.hikari.pool.HikariPool        : HikariPool-1 - Added connection org.postgresql.jdbc.PgConnection@72f24a84
2026-06-28T20:01:33.251+05:30  INFO 22520 --- [laboratory-service] [           main] com.zaxxer.hikari.HikariDataSource       : HikariPool-1 - Start completed.
2026-06-28T20:01:33.646+05:30  INFO 22520 --- [laboratory-service] [           main] org.hibernate.orm.connections.pooling    : HHH10001005: Database info:
	Database JDBC URL [Connecting through datasource 'HikariDataSource (HikariPool-1)']
	Database driver: undefined/unknown
	Database version: 18.3
	Autocommit mode: undefined/unknown
	Isolation level: undefined/unknown
	Minimum pool size: undefined/unknown
	Maximum pool size: undefined/unknown
2026-06-28T20:01:36.155+05:30  INFO 22520 --- [laboratory-service] [           main] o.h.e.t.j.p.i.JtaPlatformInitiator       : HHH000489: No JTA platform available (set 'hibernate.transaction.jta.platform' to enable JTA platform integration)
2026-06-28T20:01:37.973+05:30  INFO 22520 --- [laboratory-service] [           main] j.LocalContainerEntityManagerFactoryBean : Initialized JPA EntityManagerFactory for persistence unit 'default'
2026-06-28T20:01:40.004+05:30  WARN 22520 --- [laboratory-service] [           main] JpaBaseConfiguration$JpaWebConfiguration : spring.jpa.open-in-view is enabled by default. Therefore, database queries may be performed during view rendering. Explicitly configure spring.jpa.open-in-view to disable this warning
2026-06-28T20:01:41.755+05:30  INFO 22520 --- [laboratory-service] [           main] DiscoveryClientOptionalArgsConfiguration : Eureka HTTP Client uses RestTemplate.
2026-06-28T20:01:41.980+05:30  WARN 22520 --- [laboratory-service] [           main] iguration$LoadBalancerCaffeineWarnLogger : Spring Cloud LoadBalancer is currently working with the default cache. While this cache implementation is useful for development and tests, it's recommended to use Caffeine cache in production.You can switch to using Caffeine cache, by adding it and org.springframework.cache.caffeine.CaffeineCacheManager to the classpath.
2026-06-28T20:01:42.063+05:30  INFO 22520 --- [laboratory-service] [           main] o.s.c.n.eureka.InstanceInfoFactory       : Setting initial instance status as: STARTING
2026-06-28T20:01:42.182+05:30  INFO 22520 --- [laboratory-service] [           main] com.netflix.discovery.DiscoveryClient    : Initializing Eureka in region us-east-1
2026-06-28T20:01:42.193+05:30  INFO 22520 --- [laboratory-service] [           main] c.n.d.s.r.aws.ConfigClusterResolver      : Resolving eureka endpoints via configuration
2026-06-28T20:01:42.245+05:30  INFO 22520 --- [laboratory-service] [           main] com.netflix.discovery.DiscoveryClient    : Disable delta property : false
2026-06-28T20:01:42.245+05:30  INFO 22520 --- [laboratory-service] [           main] com.netflix.discovery.DiscoveryClient    : Single vip registry refresh property : null
2026-06-28T20:01:42.245+05:30  INFO 22520 --- [laboratory-service] [           main] com.netflix.discovery.DiscoveryClient    : Force full registry fetch : false
2026-06-28T20:01:42.245+05:30  INFO 22520 --- [laboratory-service] [           main] com.netflix.discovery.DiscoveryClient    : Application is null : false
2026-06-28T20:01:42.246+05:30  INFO 22520 --- [laboratory-service] [           main] com.netflix.discovery.DiscoveryClient    : Registered Applications size is zero : true
2026-06-28T20:01:42.246+05:30  INFO 22520 --- [laboratory-service] [           main] com.netflix.discovery.DiscoveryClient    : Application version is -1: true
2026-06-28T20:01:42.246+05:30  INFO 22520 --- [laboratory-service] [           main] com.netflix.discovery.DiscoveryClient    : Getting all instance registry info from the eureka server
2026-06-28T20:01:44.167+05:30  INFO 22520 --- [laboratory-service] [           main] com.netflix.discovery.DiscoveryClient    : The response status is 200
2026-06-28T20:01:44.179+05:30  INFO 22520 --- [laboratory-service] [           main] com.netflix.discovery.DiscoveryClient    : Starting heartbeat executor: renew interval is: 30
2026-06-28T20:01:44.187+05:30  INFO 22520 --- [laboratory-service] [           main] c.n.discovery.InstanceInfoReplicator     : InstanceInfoReplicator onDemand update allowed rate per min is 4
2026-06-28T20:01:44.194+05:30  INFO 22520 --- [laboratory-service] [           main] com.netflix.discovery.DiscoveryClient    : Discovery Client initialized at timestamp 1782657104189 with initial instances count: 7
2026-06-28T20:01:44.208+05:30  INFO 22520 --- [laboratory-service] [           main] o.s.c.n.e.s.EurekaServiceRegistry        : Registering application LABORATORY-SERVICE with eureka with status UP
2026-06-28T20:01:44.210+05:30  INFO 22520 --- [laboratory-service] [           main] com.netflix.discovery.DiscoveryClient    : Saw local status change event StatusChangeEvent [timestamp=1782657104210, current=UP, previous=STARTING]
2026-06-28T20:01:44.217+05:30  INFO 22520 --- [laboratory-service] [foReplicator-%d] com.netflix.discovery.DiscoveryClient    : DiscoveryClient_LABORATORY-SERVICE/Sujal.mshome.net:laboratory-service:8090: registering service...
2026-06-28T20:01:44.365+05:30  INFO 22520 --- [laboratory-service] [foReplicator-%d] com.netflix.discovery.DiscoveryClient    : DiscoveryClient_LABORATORY-SERVICE/Sujal.mshome.net:laboratory-service:8090 - registration status: 204
2026-06-28T20:01:44.405+05:30  INFO 22520 --- [laboratory-service] [           main] o.s.b.w.embedded.tomcat.TomcatWebServer  : Tomcat started on port 8090 (http) with context path '/'
2026-06-28T20:01:44.414+05:30  INFO 22520 --- [laboratory-service] [           main] .s.c.n.e.s.EurekaAutoServiceRegistration : Updating port to 8090
2026-06-28T20:01:44.468+05:30  INFO 22520 --- [laboratory-service] [           main] c.h.l.LaboratoryServiceApplication       : Started LaboratoryServiceApplication in 27.336 seconds (process running for 29.781)
2026-06-28T20:06:42.523+05:30  INFO 22520 --- [laboratory-service] [rap-executor-%d] c.n.d.s.r.aws.ConfigClusterResolver      : Resolving eureka endpoints via configuration
2026-06-28T20:07:11.160+05:30  WARN 22520 --- [laboratory-service] [l-1:housekeeper] com.zaxxer.hikari.pool.PoolBase          : HikariPool-1 - Failed to validate connection org.postgresql.jdbc.PgConnection@72f24a84 (This connection has been closed.). Possibly consider using a shorter maxLifetime value.
2026-06-28T20:07:16.437+05:30  WARN 22520 --- [laboratory-service] [l-1:housekeeper] com.zaxxer.hikari.pool.PoolBase          : HikariPool-1 - Failed to validate connection org.postgresql.jdbc.PgConnection@208cd2f0 (This connection has been closed.). Possibly consider using a shorter maxLifetime value.
