[INFO] Scanning for projects...
[INFO] 
[INFO] ----------------------< com.hms:patient-service >-----------------------
[INFO] Building patient-service 1.0.0
[INFO]   from pom.xml
[INFO] --------------------------------[ jar ]---------------------------------
[INFO] 
[INFO] >>> spring-boot:3.5.0:run (default-cli) > test-compile @ patient-service >>>
[INFO] 
[INFO] --- resources:3.3.1:resources (default-resources) @ patient-service ---
[INFO] Copying 1 resource from src\main\resources to target\classes
[INFO] Copying 1 resource from src\main\resources to target\classes
[INFO] 
[INFO] --- compiler:3.14.0:compile (default-compile) @ patient-service ---
[INFO] Nothing to compile - all classes are up to date.
[INFO] 
[INFO] --- resources:3.3.1:testResources (default-testResources) @ patient-service ---
[INFO] skip non existing resourceDirectory C:\Projects\HMS-FULLSTACK\backend\patient-service\src\test\resources
[INFO] 
[INFO] --- compiler:3.14.0:testCompile (default-testCompile) @ patient-service ---
[INFO] Recompiling the module because of added or removed source files.
[INFO] Compiling 1 source file with javac [debug parameters release 21] to target\test-classes
[INFO] 
[INFO] <<< spring-boot:3.5.0:run (default-cli) < test-compile @ patient-service <<<
[INFO] 
[INFO] 
[INFO] --- spring-boot:3.5.0:run (default-cli) @ patient-service ---
[INFO] Attaching agents: []

  .   ____          _            __ _ _
 /\\ / ___'_ __ _ _(_)_ __  __ _ \ \ \ \
( ( )\___ | '_ | '_| | '_ \/ _` | \ \ \ \
 \\/  ___)| |_)| | | | | || (_| |  ) ) ) )
  '  |____| .__|_| |_|_| |_\__, | / / / /
 =========|_|==============|___/=/_/_/_/

 :: Spring Boot ::                (v3.5.0)

2026-06-28 20:00:18,039 INFO  [] com.hms.patientservice.PatientServiceApplication : Starting PatientServiceApplication using Java 22.0.2 with PID 24160 (C:\Projects\HMS-FULLSTACK\backend\patient-service\target\classes started by admin in C:\Projects\HMS-FULLSTACK\backend\patient-service)
2026-06-28 20:00:18,043 INFO  [] com.hms.patientservice.PatientServiceApplication : No active profile set, falling back to 1 default profile: "default"
2026-06-28 20:00:22,233 INFO  [] org.springframework.data.repository.config.RepositoryConfigurationDelegate : Multiple Spring Data modules found, entering strict repository configuration mode
2026-06-28 20:00:22,238 INFO  [] org.springframework.data.repository.config.RepositoryConfigurationDelegate : Bootstrapping Spring Data JPA repositories in DEFAULT mode.
2026-06-28 20:00:22,782 INFO  [] org.springframework.data.repository.config.RepositoryConfigurationDelegate : Finished Spring Data repository scanning in 526 ms. Found 1 JPA repository interface.
2026-06-28 20:00:22,821 INFO  [] org.springframework.data.repository.config.RepositoryConfigurationDelegate : Multiple Spring Data modules found, entering strict repository configuration mode
2026-06-28 20:00:22,825 INFO  [] org.springframework.data.repository.config.RepositoryConfigurationDelegate : Bootstrapping Spring Data Redis repositories in DEFAULT mode.
2026-06-28 20:00:22,901 INFO  [] org.springframework.data.repository.config.RepositoryConfigurationExtensionSupport : Spring Data Redis - Could not safely identify store assignment for repository candidate interface com.hms.patientservice.repository.PatientRepository; If you want this repository to be a Redis repository, consider annotating your entities with one of these annotations: org.springframework.data.redis.core.RedisHash (preferred), or consider extending one of the following types with your repository: org.springframework.data.keyvalue.repository.KeyValueRepository
2026-06-28 20:00:22,902 INFO  [] org.springframework.data.repository.config.RepositoryConfigurationDelegate : Finished Spring Data repository scanning in 38 ms. Found 0 Redis repository interfaces.
2026-06-28 20:00:24,205 INFO  [] org.springframework.cloud.context.scope.GenericScope : BeanFactory id=03bf99a6-f0bb-3d73-94c3-972a4f258fb5
2026-06-28 20:00:26,004 INFO  [] org.springframework.boot.web.embedded.tomcat.TomcatWebServer : Tomcat initialized with port 8082 (http)
2026-06-28 20:00:26,046 INFO  [] org.apache.catalina.core.StandardService : Starting service [Tomcat]
2026-06-28 20:00:26,047 INFO  [] org.apache.catalina.core.StandardEngine : Starting Servlet engine: [Apache Tomcat/10.1.41]
2026-06-28 20:00:26,365 INFO  [] org.apache.catalina.core.ContainerBase.[Tomcat].[localhost].[/] : Initializing Spring embedded WebApplicationContext
2026-06-28 20:00:26,368 INFO  [] org.springframework.boot.web.servlet.context.ServletWebServerApplicationContext : Root WebApplicationContext: initialization completed in 8170 ms
2026-06-28 20:00:27,363 INFO  [] com.zaxxer.hikari.HikariDataSource : HikariPool-1 - Starting...
2026-06-28 20:00:27,857 INFO  [] com.zaxxer.hikari.pool.HikariPool : HikariPool-1 - Added connection org.postgresql.jdbc.PgConnection@57df09a7
2026-06-28 20:00:27,862 INFO  [] com.zaxxer.hikari.HikariDataSource : HikariPool-1 - Start completed.
2026-06-28 20:00:27,913 INFO  [] org.flywaydb.core.FlywayExecutor : Database: jdbc:postgresql://localhost:5432/patient_db (PostgreSQL 18.3)
2026-06-28 20:00:28,004 WARN  [] org.flywaydb.core.internal.database.base.Database : Flyway upgrade recommended: PostgreSQL 18.3 is newer than this version of Flyway and support has not been tested. The latest supported version of PostgreSQL is 17.
2026-06-28 20:00:28,109 INFO  [] org.flywaydb.core.internal.schemahistory.JdbcTableSchemaHistory : Schema history table "public"."flyway_schema_history" does not exist yet
2026-06-28 20:00:28,116 INFO  [] org.flywaydb.core.internal.command.DbValidate : Successfully validated 1 migration (execution time 00:00.076s)
2026-06-28 20:00:28,272 INFO  [] org.flywaydb.core.internal.schemahistory.JdbcTableSchemaHistory : Creating Schema History table "public"."flyway_schema_history" ...
2026-06-28 20:00:28,659 INFO  [] org.flywaydb.core.internal.command.DbMigrate : Current version of schema "public": << Empty Schema >>
2026-06-28 20:00:28,690 INFO  [] org.flywaydb.core.internal.command.DbMigrate : Migrating schema "public" to version "1 - create patients table"
2026-06-28 20:00:28,769 INFO  [] org.flywaydb.core.internal.command.DbMigrate : Successfully applied 1 migration to schema "public", now at version v1 (execution time 00:00.069s)
2026-06-28 20:00:28,969 INFO  [] org.hibernate.jpa.internal.util.LogHelper : HHH000204: Processing PersistenceUnitInfo [name: default]
2026-06-28 20:00:29,239 INFO  [] org.hibernate.Version : HHH000412: Hibernate ORM core version 6.6.15.Final
2026-06-28 20:00:29,314 INFO  [] org.hibernate.cache.internal.RegionFactoryInitiator : HHH000026: Second-level cache disabled
2026-06-28 20:00:29,757 INFO  [] org.springframework.orm.jpa.persistenceunit.SpringPersistenceUnitInfo : No LoadTimeWeaver setup: ignoring JPA class transformer
2026-06-28 20:00:29,917 INFO  [] org.hibernate.orm.connections.pooling : HHH10001005: Database info:
	Database JDBC URL [Connecting through datasource 'HikariDataSource (HikariPool-1)']
	Database driver: undefined/unknown
	Database version: 18.3
	Autocommit mode: undefined/unknown
	Isolation level: undefined/unknown
	Minimum pool size: undefined/unknown
	Maximum pool size: undefined/unknown
2026-06-28 20:00:32,096 INFO  [] org.hibernate.engine.transaction.jta.platform.internal.JtaPlatformInitiator : HHH000489: No JTA platform available (set 'hibernate.transaction.jta.platform' to enable JTA platform integration)
2026-06-28 20:00:32,294 INFO  [] org.springframework.orm.jpa.LocalContainerEntityManagerFactoryBean : Initialized JPA EntityManagerFactory for persistence unit 'default'
2026-06-28 20:00:33,221 INFO  [] org.springframework.data.jpa.repository.query.QueryEnhancerFactory : Hibernate is in classpath; If applicable, HQL parser will be used.
2026-06-28 20:00:36,677 WARN  [] org.springframework.boot.autoconfigure.orm.jpa.JpaBaseConfiguration$JpaWebConfiguration : spring.jpa.open-in-view is enabled by default. Therefore, database queries may be performed during view rendering. Explicitly configure spring.jpa.open-in-view to disable this warning
2026-06-28 20:00:36,774 WARN  [] org.springframework.boot.autoconfigure.security.servlet.UserDetailsServiceAutoConfiguration : 

Using generated security password: e4c577ef-038a-429f-bb31-800fd91f016e

This generated password is for development use only. Your security configuration must be updated before running your application in production.

2026-06-28 20:00:36,788 INFO  [] org.springframework.security.config.annotation.authentication.configuration.InitializeUserDetailsBeanManagerConfigurer$InitializeUserDetailsManagerConfigurer : Global AuthenticationManager configured with UserDetailsService bean with name inMemoryUserDetailsManager
2026-06-28 20:00:37,879 INFO  [] org.springframework.boot.actuate.endpoint.web.EndpointLinksResolver : Exposing 2 endpoints beneath base path '/actuator'
2026-06-28 20:00:39,139 INFO  [] org.springframework.cloud.netflix.eureka.config.DiscoveryClientOptionalArgsConfiguration : Eureka HTTP Client uses RestTemplate.
2026-06-28 20:00:39,302 WARN  [] org.springframework.cloud.loadbalancer.config.LoadBalancerCacheAutoConfiguration$LoadBalancerCaffeineWarnLogger : Spring Cloud LoadBalancer is currently working with the default cache. While this cache implementation is useful for development and tests, it's recommended to use Caffeine cache in production.You can switch to using Caffeine cache, by adding it and org.springframework.cache.caffeine.CaffeineCacheManager to the classpath.
2026-06-28 20:00:39,466 INFO  [] org.springframework.cloud.netflix.eureka.InstanceInfoFactory : Setting initial instance status as: STARTING
2026-06-28 20:00:39,510 INFO  [] com.netflix.discovery.DiscoveryClient : Initializing Eureka in region us-east-1
2026-06-28 20:00:39,515 INFO  [] com.netflix.discovery.shared.resolver.aws.ConfigClusterResolver : Resolving eureka endpoints via configuration
2026-06-28 20:00:39,530 INFO  [] com.netflix.discovery.DiscoveryClient : Disable delta property : false
2026-06-28 20:00:39,530 INFO  [] com.netflix.discovery.DiscoveryClient : Single vip registry refresh property : null
2026-06-28 20:00:39,530 INFO  [] com.netflix.discovery.DiscoveryClient : Force full registry fetch : false
2026-06-28 20:00:39,530 INFO  [] com.netflix.discovery.DiscoveryClient : Application is null : false
2026-06-28 20:00:39,530 INFO  [] com.netflix.discovery.DiscoveryClient : Registered Applications size is zero : true
2026-06-28 20:00:39,530 INFO  [] com.netflix.discovery.DiscoveryClient : Application version is -1: true
2026-06-28 20:00:39,530 INFO  [] com.netflix.discovery.DiscoveryClient : Getting all instance registry info from the eureka server
2026-06-28 20:00:40,022 INFO  [] com.netflix.discovery.DiscoveryClient : The response status is 200
2026-06-28 20:00:40,026 INFO  [] com.netflix.discovery.DiscoveryClient : Starting heartbeat executor: renew interval is: 30
2026-06-28 20:00:40,030 INFO  [] com.netflix.discovery.InstanceInfoReplicator : InstanceInfoReplicator onDemand update allowed rate per min is 4
2026-06-28 20:00:40,033 INFO  [] com.netflix.discovery.DiscoveryClient : Discovery Client initialized at timestamp 1782657040032 with initial instances count: 4
2026-06-28 20:00:40,041 INFO  [] org.springframework.cloud.netflix.eureka.serviceregistry.EurekaServiceRegistry : Registering application PATIENT-SERVICE with eureka with status UP
2026-06-28 20:00:40,042 INFO  [] com.netflix.discovery.DiscoveryClient : Saw local status change event StatusChangeEvent [timestamp=1782657040042, current=UP, previous=STARTING]
2026-06-28 20:00:40,045 INFO  [] com.netflix.discovery.DiscoveryClient : DiscoveryClient_PATIENT-SERVICE/Sujal.mshome.net:patient-service:8082: registering service...
2026-06-28 20:00:40,081 INFO  [] org.springframework.boot.web.embedded.tomcat.TomcatWebServer : Tomcat started on port 8082 (http) with context path '/'
2026-06-28 20:00:40,083 INFO  [] org.springframework.cloud.netflix.eureka.serviceregistry.EurekaAutoServiceRegistration : Updating port to 8082
2026-06-28 20:00:40,098 INFO  [] com.netflix.discovery.DiscoveryClient : DiscoveryClient_PATIENT-SERVICE/Sujal.mshome.net:patient-service:8082 - registration status: 204
2026-06-28 20:00:40,110 INFO  [] com.hms.patientservice.PatientServiceApplication : Started PatientServiceApplication in 23.594 seconds (process running for 24.985)
2026-06-28 20:05:39,701 INFO  [] com.netflix.discovery.shared.resolver.aws.ConfigClusterResolver : Resolving eureka endpoints via configuration
2026-06-28 20:06:56,968 WARN  [] com.zaxxer.hikari.pool.PoolBase : HikariPool-1 - Failed to validate connection org.postgresql.jdbc.PgConnection@57df09a7 (This connection has been closed.). Possibly consider using a shorter maxLifetime value.
2026-06-28 20:06:58,595 WARN  [] com.zaxxer.hikari.pool.PoolBase : HikariPool-1 - Failed to validate connection org.postgresql.jdbc.PgConnection@37993290 (This connection has been closed.). Possibly consider using a shorter maxLifetime value.
2026-06-28 20:07:18,134 WARN  [] com.zaxxer.hikari.pool.PoolBase : HikariPool-1 - Failed to validate connection org.postgresql.jdbc.PgConnection@7b538d94 (This connection has been closed.). Possibly consider using a shorter maxLifetime value.
2026-06-28 20:07:20,223 WARN  [] com.zaxxer.hikari.pool.PoolBase : HikariPool-1 - Failed to validate connection org.postgresql.jdbc.PgConnection@35ce10e5 (This connection has been closed.). Possibly consider using a shorter maxLifetime value.
2026-06-28 20:07:25,632 WARN  [] com.zaxxer.hikari.pool.PoolBase : HikariPool-1 - Failed to validate connection org.postgresql.jdbc.PgConnection@4b3da97e (This connection has been closed.). Possibly consider using a shorter maxLifetime value.
2026-06-28 20:07:49,748 WARN  [] com.zaxxer.hikari.pool.PoolBase : HikariPool-1 - Failed to validate connection org.postgresql.jdbc.PgConnection@3c6d9dcb (This connection has been closed.). Possibly consider using a shorter maxLifetime value.
2026-06-28 20:07:50,929 WARN  [] com.zaxxer.hikari.pool.PoolBase : HikariPool-1 - Failed to validate connection org.postgresql.jdbc.PgConnection@5f31cb90 (This connection has been closed.). Possibly consider using a shorter maxLifetime value.
