[INFO] Scanning for projects...
[INFO] 
[INFO] ----------------------< com.hms:pharmacy-service >----------------------
[INFO] Building pharmacy-service 1.0.0
[INFO]   from pom.xml
[INFO] --------------------------------[ jar ]---------------------------------
[INFO] 
[INFO] >>> spring-boot:3.5.0:run (default-cli) > test-compile @ pharmacy-service >>>
[INFO] 
[INFO] --- resources:3.3.1:resources (default-resources) @ pharmacy-service ---
[INFO] Copying 1 resource from src\main\resources to target\classes
[INFO] Copying 0 resource from src\main\resources to target\classes
[INFO] 
[INFO] --- compiler:3.14.0:compile (default-compile) @ pharmacy-service ---
[INFO] Nothing to compile - all classes are up to date.
[INFO] 
[INFO] --- resources:3.3.1:testResources (default-testResources) @ pharmacy-service ---
[INFO] skip non existing resourceDirectory C:\Projects\HMS-FULLSTACK\backend\pharmacy-service\src\test\resources
[INFO] 
[INFO] --- compiler:3.14.0:testCompile (default-testCompile) @ pharmacy-service ---
[INFO] No sources to compile
[INFO] 
[INFO] <<< spring-boot:3.5.0:run (default-cli) < test-compile @ pharmacy-service <<<
[INFO] 
[INFO] 
[INFO] --- spring-boot:3.5.0:run (default-cli) @ pharmacy-service ---
[INFO] Attaching agents: []

  .   ____          _            __ _ _
 /\\ / ___'_ __ _ _(_)_ __  __ _ \ \ \ \
( ( )\___ | '_ | '_| | '_ \/ _` | \ \ \ \
 \\/  ___)| |_)| | | | | || (_| |  ) ) ) )
  '  |____| .__|_| |_|_| |_\__, | / / / /
 =========|_|==============|___/=/_/_/_/

 :: Spring Boot ::                (v3.5.0)

2026-06-28T20:01:25.147+05:30  INFO 34364 --- [pharmacy-service] [           main] c.h.pharmacy.PharmacyServiceApplication  : Starting PharmacyServiceApplication using Java 22.0.2 with PID 34364 (C:\Projects\HMS-FULLSTACK\backend\pharmacy-service\target\classes started by admin in C:\Projects\HMS-FULLSTACK\backend\pharmacy-service)
2026-06-28T20:01:25.153+05:30  INFO 34364 --- [pharmacy-service] [           main] c.h.pharmacy.PharmacyServiceApplication  : No active profile set, falling back to 1 default profile: "default"
2026-06-28T20:01:28.249+05:30  INFO 34364 --- [pharmacy-service] [           main] .s.d.r.c.RepositoryConfigurationDelegate : Bootstrapping Spring Data JPA repositories in DEFAULT mode.
2026-06-28T20:01:28.798+05:30  INFO 34364 --- [pharmacy-service] [           main] .s.d.r.c.RepositoryConfigurationDelegate : Finished Spring Data repository scanning in 519 ms. Found 1 JPA repository interface.
2026-06-28T20:01:29.733+05:30  INFO 34364 --- [pharmacy-service] [           main] o.s.cloud.context.scope.GenericScope     : BeanFactory id=61f8f747-c4e1-3dac-9d00-63db101ead48
2026-06-28T20:01:31.267+05:30  INFO 34364 --- [pharmacy-service] [           main] o.s.b.w.embedded.tomcat.TomcatWebServer  : Tomcat initialized with port 8089 (http)
2026-06-28T20:01:31.327+05:30  INFO 34364 --- [pharmacy-service] [           main] o.apache.catalina.core.StandardService   : Starting service [Tomcat]
2026-06-28T20:01:31.328+05:30  INFO 34364 --- [pharmacy-service] [           main] o.apache.catalina.core.StandardEngine    : Starting Servlet engine: [Apache Tomcat/10.1.41]
2026-06-28T20:01:31.588+05:30  INFO 34364 --- [pharmacy-service] [           main] o.a.c.c.C.[Tomcat].[localhost].[/]       : Initializing Spring embedded WebApplicationContext
2026-06-28T20:01:31.591+05:30  INFO 34364 --- [pharmacy-service] [           main] w.s.c.ServletWebServerApplicationContext : Root WebApplicationContext: initialization completed in 6076 ms
2026-06-28T20:01:32.212+05:30  INFO 34364 --- [pharmacy-service] [           main] o.hibernate.jpa.internal.util.LogHelper  : HHH000204: Processing PersistenceUnitInfo [name: default]
2026-06-28T20:01:32.772+05:30  INFO 34364 --- [pharmacy-service] [           main] org.hibernate.Version                    : HHH000412: Hibernate ORM core version 6.6.15.Final
2026-06-28T20:01:32.984+05:30  INFO 34364 --- [pharmacy-service] [           main] o.h.c.internal.RegionFactoryInitiator    : HHH000026: Second-level cache disabled
2026-06-28T20:01:34.124+05:30  INFO 34364 --- [pharmacy-service] [           main] o.s.o.j.p.SpringPersistenceUnitInfo      : No LoadTimeWeaver setup: ignoring JPA class transformer
2026-06-28T20:01:34.217+05:30  INFO 34364 --- [pharmacy-service] [           main] com.zaxxer.hikari.HikariDataSource       : HikariPool-1 - Starting...
2026-06-28T20:01:34.918+05:30  INFO 34364 --- [pharmacy-service] [           main] com.zaxxer.hikari.pool.HikariPool        : HikariPool-1 - Added connection org.postgresql.jdbc.PgConnection@436a563f
2026-06-28T20:01:34.921+05:30  INFO 34364 --- [pharmacy-service] [           main] com.zaxxer.hikari.HikariDataSource       : HikariPool-1 - Start completed.
2026-06-28T20:01:35.113+05:30  INFO 34364 --- [pharmacy-service] [           main] org.hibernate.orm.connections.pooling    : HHH10001005: Database info:
	Database JDBC URL [Connecting through datasource 'HikariDataSource (HikariPool-1)']
	Database driver: undefined/unknown
	Database version: 18.3
	Autocommit mode: undefined/unknown
	Isolation level: undefined/unknown
	Minimum pool size: undefined/unknown
	Maximum pool size: undefined/unknown
2026-06-28T20:01:38.022+05:30  INFO 34364 --- [pharmacy-service] [           main] o.h.e.t.j.p.i.JtaPlatformInitiator       : HHH000489: No JTA platform available (set 'hibernate.transaction.jta.platform' to enable JTA platform integration)
2026-06-28T20:01:40.310+05:30  WARN 34364 --- [pharmacy-service] [           main] o.h.engine.jdbc.spi.SqlExceptionHelper   : SQL Warning Code: 0, SQLState: 00000
2026-06-28T20:01:40.312+05:30  WARN 34364 --- [pharmacy-service] [           main] o.h.engine.jdbc.spi.SqlExceptionHelper   : constraint "ukb6dv5kee0aoi485ijmu3n63ic" of relation "medicines" does not exist, skipping
2026-06-28T20:01:40.370+05:30  INFO 34364 --- [pharmacy-service] [           main] j.LocalContainerEntityManagerFactoryBean : Initialized JPA EntityManagerFactory for persistence unit 'default'
2026-06-28T20:01:43.266+05:30  WARN 34364 --- [pharmacy-service] [           main] JpaBaseConfiguration$JpaWebConfiguration : spring.jpa.open-in-view is enabled by default. Therefore, database queries may be performed during view rendering. Explicitly configure spring.jpa.open-in-view to disable this warning
2026-06-28T20:01:45.421+05:30  INFO 34364 --- [pharmacy-service] [           main] DiscoveryClientOptionalArgsConfiguration : Eureka HTTP Client uses RestTemplate.
2026-06-28T20:01:45.561+05:30  WARN 34364 --- [pharmacy-service] [           main] iguration$LoadBalancerCaffeineWarnLogger : Spring Cloud LoadBalancer is currently working with the default cache. While this cache implementation is useful for development and tests, it's recommended to use Caffeine cache in production.You can switch to using Caffeine cache, by adding it and org.springframework.cache.caffeine.CaffeineCacheManager to the classpath.
2026-06-28T20:01:45.664+05:30  INFO 34364 --- [pharmacy-service] [           main] o.s.c.n.eureka.InstanceInfoFactory       : Setting initial instance status as: STARTING
2026-06-28T20:01:45.799+05:30  INFO 34364 --- [pharmacy-service] [           main] com.netflix.discovery.DiscoveryClient    : Initializing Eureka in region us-east-1
2026-06-28T20:01:45.814+05:30  INFO 34364 --- [pharmacy-service] [           main] c.n.d.s.r.aws.ConfigClusterResolver      : Resolving eureka endpoints via configuration
2026-06-28T20:01:45.848+05:30  INFO 34364 --- [pharmacy-service] [           main] com.netflix.discovery.DiscoveryClient    : Disable delta property : false
2026-06-28T20:01:45.848+05:30  INFO 34364 --- [pharmacy-service] [           main] com.netflix.discovery.DiscoveryClient    : Single vip registry refresh property : null
2026-06-28T20:01:45.848+05:30  INFO 34364 --- [pharmacy-service] [           main] com.netflix.discovery.DiscoveryClient    : Force full registry fetch : false
2026-06-28T20:01:45.848+05:30  INFO 34364 --- [pharmacy-service] [           main] com.netflix.discovery.DiscoveryClient    : Application is null : false
2026-06-28T20:01:45.848+05:30  INFO 34364 --- [pharmacy-service] [           main] com.netflix.discovery.DiscoveryClient    : Registered Applications size is zero : true
2026-06-28T20:01:45.851+05:30  INFO 34364 --- [pharmacy-service] [           main] com.netflix.discovery.DiscoveryClient    : Application version is -1: true
2026-06-28T20:01:45.852+05:30  INFO 34364 --- [pharmacy-service] [           main] com.netflix.discovery.DiscoveryClient    : Getting all instance registry info from the eureka server
2026-06-28T20:01:47.106+05:30  INFO 34364 --- [pharmacy-service] [           main] com.netflix.discovery.DiscoveryClient    : The response status is 200
2026-06-28T20:01:47.110+05:30  INFO 34364 --- [pharmacy-service] [           main] com.netflix.discovery.DiscoveryClient    : Starting heartbeat executor: renew interval is: 30
2026-06-28T20:01:47.115+05:30  INFO 34364 --- [pharmacy-service] [           main] c.n.discovery.InstanceInfoReplicator     : InstanceInfoReplicator onDemand update allowed rate per min is 4
2026-06-28T20:01:47.121+05:30  INFO 34364 --- [pharmacy-service] [           main] com.netflix.discovery.DiscoveryClient    : Discovery Client initialized at timestamp 1782657107118 with initial instances count: 7
2026-06-28T20:01:47.133+05:30  INFO 34364 --- [pharmacy-service] [           main] o.s.c.n.e.s.EurekaServiceRegistry        : Registering application PHARMACY-SERVICE with eureka with status UP
2026-06-28T20:01:47.134+05:30  INFO 34364 --- [pharmacy-service] [           main] com.netflix.discovery.DiscoveryClient    : Saw local status change event StatusChangeEvent [timestamp=1782657107134, current=UP, previous=STARTING]
2026-06-28T20:01:47.139+05:30  INFO 34364 --- [pharmacy-service] [foReplicator-%d] com.netflix.discovery.DiscoveryClient    : DiscoveryClient_PHARMACY-SERVICE/Sujal.mshome.net:pharmacy-service:8089: registering service...
2026-06-28T20:01:47.242+05:30  INFO 34364 --- [pharmacy-service] [           main] o.s.b.w.embedded.tomcat.TomcatWebServer  : Tomcat started on port 8089 (http) with context path '/'
2026-06-28T20:01:47.246+05:30  INFO 34364 --- [pharmacy-service] [           main] .s.c.n.e.s.EurekaAutoServiceRegistration : Updating port to 8089
2026-06-28T20:01:47.304+05:30  INFO 34364 --- [pharmacy-service] [foReplicator-%d] com.netflix.discovery.DiscoveryClient    : DiscoveryClient_PHARMACY-SERVICE/Sujal.mshome.net:pharmacy-service:8089 - registration status: 204
2026-06-28T20:01:47.314+05:30  INFO 34364 --- [pharmacy-service] [           main] c.h.pharmacy.PharmacyServiceApplication  : Started PharmacyServiceApplication in 24.522 seconds (process running for 27.563)
2026-06-28T20:06:43.300+05:30  WARN 34364 --- [pharmacy-service] [l-1:housekeeper] com.zaxxer.hikari.pool.PoolBase          : HikariPool-1 - Failed to validate connection org.postgresql.jdbc.PgConnection@51ec0baa (This connection has been closed.). Possibly consider using a shorter maxLifetime value.
2026-06-28T20:06:45.928+05:30  INFO 34364 --- [pharmacy-service] [rap-executor-%d] c.n.d.s.r.aws.ConfigClusterResolver      : Resolving eureka endpoints via configuration
2026-06-28T20:06:49.667+05:30  WARN 34364 --- [pharmacy-service] [l-1:housekeeper] com.zaxxer.hikari.pool.PoolBase          : HikariPool-1 - Failed to validate connection org.postgresql.jdbc.PgConnection@436a563f (This connection has been closed.). Possibly consider using a shorter maxLifetime value.
2026-06-28T20:06:57.419+05:30  WARN 34364 --- [pharmacy-service] [l-1:housekeeper] com.zaxxer.hikari.pool.PoolBase          : HikariPool-1 - Failed to validate connection org.postgresql.jdbc.PgConnection@547ee068 (This connection has been closed.). Possibly consider using a shorter maxLifetime value.
2026-06-28T20:06:58.076+05:30  WARN 34364 --- [pharmacy-service] [l-1:housekeeper] com.zaxxer.hikari.pool.PoolBase          : HikariPool-1 - Failed to validate connection org.postgresql.jdbc.PgConnection@5476a39b (This connection has been closed.). Possibly consider using a shorter maxLifetime value.
2026-06-28T20:07:08.769+05:30  WARN 34364 --- [pharmacy-service] [l-1:housekeeper] com.zaxxer.hikari.pool.PoolBase          : HikariPool-1 - Failed to validate connection org.postgresql.jdbc.PgConnection@41ac5095 (This connection has been closed.). Possibly consider using a shorter maxLifetime value.
2026-06-28T20:07:14.490+05:30  WARN 34364 --- [pharmacy-service] [l-1:housekeeper] com.zaxxer.hikari.pool.PoolBase          : HikariPool-1 - Failed to validate connection org.postgresql.jdbc.PgConnection@2479984a (This connection has been closed.). Possibly consider using a shorter maxLifetime value.
2026-06-28T20:07:15.453+05:30  WARN 34364 --- [pharmacy-service] [l-1:housekeeper] com.zaxxer.hikari.pool.PoolBase          : HikariPool-1 - Failed to validate connection org.postgresql.jdbc.PgConnection@667945f6 (This connection has been closed.). Possibly consider using a shorter maxLifetime value.
2026-06-28T20:07:24.345+05:30  WARN 34364 --- [pharmacy-service] [l-1:housekeeper] com.zaxxer.hikari.pool.PoolBase          : HikariPool-1 - Failed to validate connection org.postgresql.jdbc.PgConnection@1056c584 (This connection has been closed.). Possibly consider using a shorter maxLifetime value.
2026-06-28T20:07:30.219+05:30  WARN 34364 --- [pharmacy-service] [l-1:housekeeper] com.zaxxer.hikari.pool.PoolBase          : HikariPool-1 - Failed to validate connection org.postgresql.jdbc.PgConnection@29cf958c (This connection has been closed.). Possibly consider using a shorter maxLifetime value.
