[INFO] Scanning for projects...
[INFO] 
[INFO] ---------------------< com.hms:reporting-service >----------------------
[INFO] Building reporting-service 1.0.0
[INFO]   from pom.xml
[INFO] --------------------------------[ jar ]---------------------------------
[INFO] 
[INFO] >>> spring-boot:3.5.0:run (default-cli) > test-compile @ reporting-service >>>
[INFO] 
[INFO] --- resources:3.3.1:resources (default-resources) @ reporting-service ---
[INFO] Copying 1 resource from src\main\resources to target\classes
[INFO] Copying 0 resource from src\main\resources to target\classes
[INFO] 
[INFO] --- compiler:3.14.0:compile (default-compile) @ reporting-service ---
[INFO] Nothing to compile - all classes are up to date.
[INFO] 
[INFO] --- resources:3.3.1:testResources (default-testResources) @ reporting-service ---
[INFO] skip non existing resourceDirectory C:\Projects\HMS-FULLSTACK\backend\reporting-service\src\test\resources
[INFO] 
[INFO] --- compiler:3.14.0:testCompile (default-testCompile) @ reporting-service ---
[INFO] No sources to compile
[INFO] 
[INFO] <<< spring-boot:3.5.0:run (default-cli) < test-compile @ reporting-service <<<
[INFO] 
[INFO] 
[INFO] --- spring-boot:3.5.0:run (default-cli) @ reporting-service ---
[INFO] Attaching agents: []

  .   ____          _            __ _ _
 /\\ / ___'_ __ _ _(_)_ __  __ _ \ \ \ \
( ( )\___ | '_ | '_| | '_ \/ _` | \ \ \ \
 \\/  ___)| |_)| | | | | || (_| |  ) ) ) )
  '  |____| .__|_| |_|_| |_\__, | / / / /
 =========|_|==============|___/=/_/_/_/

 :: Spring Boot ::                (v3.5.0)

2026-06-28T20:01:17.896+05:30  INFO 12612 --- [reporting-service] [           main] c.h.r.ReportingServiceApplication        : Starting ReportingServiceApplication using Java 22.0.2 with PID 12612 (C:\Projects\HMS-FULLSTACK\backend\reporting-service\target\classes started by admin in C:\Projects\HMS-FULLSTACK\backend\reporting-service)
2026-06-28T20:01:17.900+05:30  INFO 12612 --- [reporting-service] [           main] c.h.r.ReportingServiceApplication        : No active profile set, falling back to 1 default profile: "default"
2026-06-28T20:01:21.983+05:30  INFO 12612 --- [reporting-service] [           main] .s.d.r.c.RepositoryConfigurationDelegate : Bootstrapping Spring Data JPA repositories in DEFAULT mode.
2026-06-28T20:01:22.092+05:30  INFO 12612 --- [reporting-service] [           main] .s.d.r.c.RepositoryConfigurationDelegate : Finished Spring Data repository scanning in 77 ms. Found 0 JPA repository interfaces.
2026-06-28T20:01:23.048+05:30  INFO 12612 --- [reporting-service] [           main] o.s.cloud.context.scope.GenericScope     : BeanFactory id=dbee1222-c108-3589-9bd3-b9703c2a14f1
2026-06-28T20:01:25.708+05:30  INFO 12612 --- [reporting-service] [           main] o.s.b.w.embedded.tomcat.TomcatWebServer  : Tomcat initialized with port 8093 (http)
2026-06-28T20:01:25.784+05:30  INFO 12612 --- [reporting-service] [           main] o.apache.catalina.core.StandardService   : Starting service [Tomcat]
2026-06-28T20:01:25.785+05:30  INFO 12612 --- [reporting-service] [           main] o.apache.catalina.core.StandardEngine    : Starting Servlet engine: [Apache Tomcat/10.1.41]
2026-06-28T20:01:26.251+05:30  INFO 12612 --- [reporting-service] [           main] o.a.c.c.C.[Tomcat].[localhost].[/]       : Initializing Spring embedded WebApplicationContext
2026-06-28T20:01:26.280+05:30  INFO 12612 --- [reporting-service] [           main] w.s.c.ServletWebServerApplicationContext : Root WebApplicationContext: initialization completed in 8079 ms
2026-06-28T20:01:27.143+05:30  INFO 12612 --- [reporting-service] [           main] o.hibernate.jpa.internal.util.LogHelper  : HHH000204: Processing PersistenceUnitInfo [name: default]
2026-06-28T20:01:27.447+05:30  INFO 12612 --- [reporting-service] [           main] org.hibernate.Version                    : HHH000412: Hibernate ORM core version 6.6.15.Final
2026-06-28T20:01:27.596+05:30  INFO 12612 --- [reporting-service] [           main] o.h.c.internal.RegionFactoryInitiator    : HHH000026: Second-level cache disabled
2026-06-28T20:01:29.494+05:30  INFO 12612 --- [reporting-service] [           main] o.s.o.j.p.SpringPersistenceUnitInfo      : No LoadTimeWeaver setup: ignoring JPA class transformer
2026-06-28T20:01:29.666+05:30  INFO 12612 --- [reporting-service] [           main] com.zaxxer.hikari.HikariDataSource       : HikariPool-1 - Starting...
2026-06-28T20:01:31.407+05:30  INFO 12612 --- [reporting-service] [           main] com.zaxxer.hikari.pool.HikariPool        : HikariPool-1 - Added connection org.postgresql.jdbc.PgConnection@4cc4d454
2026-06-28T20:01:31.414+05:30  INFO 12612 --- [reporting-service] [           main] com.zaxxer.hikari.HikariDataSource       : HikariPool-1 - Start completed.
2026-06-28T20:01:31.863+05:30  INFO 12612 --- [reporting-service] [           main] org.hibernate.orm.connections.pooling    : HHH10001005: Database info:
	Database JDBC URL [Connecting through datasource 'HikariDataSource (HikariPool-1)']
	Database driver: undefined/unknown
	Database version: 18.3
	Autocommit mode: undefined/unknown
	Isolation level: undefined/unknown
	Minimum pool size: undefined/unknown
	Maximum pool size: undefined/unknown
2026-06-28T20:01:33.879+05:30  INFO 12612 --- [reporting-service] [           main] o.h.e.t.j.p.i.JtaPlatformInitiator       : HHH000489: No JTA platform available (set 'hibernate.transaction.jta.platform' to enable JTA platform integration)
2026-06-28T20:01:33.900+05:30  INFO 12612 --- [reporting-service] [           main] j.LocalContainerEntityManagerFactoryBean : Initialized JPA EntityManagerFactory for persistence unit 'default'
2026-06-28T20:01:34.092+05:30  WARN 12612 --- [reporting-service] [           main] JpaBaseConfiguration$JpaWebConfiguration : spring.jpa.open-in-view is enabled by default. Therefore, database queries may be performed during view rendering. Explicitly configure spring.jpa.open-in-view to disable this warning
2026-06-28T20:01:35.772+05:30  INFO 12612 --- [reporting-service] [           main] DiscoveryClientOptionalArgsConfiguration : Eureka HTTP Client uses RestTemplate.
2026-06-28T20:01:35.901+05:30  WARN 12612 --- [reporting-service] [           main] iguration$LoadBalancerCaffeineWarnLogger : Spring Cloud LoadBalancer is currently working with the default cache. While this cache implementation is useful for development and tests, it's recommended to use Caffeine cache in production.You can switch to using Caffeine cache, by adding it and org.springframework.cache.caffeine.CaffeineCacheManager to the classpath.
2026-06-28T20:01:36.009+05:30  INFO 12612 --- [reporting-service] [           main] o.s.c.n.eureka.InstanceInfoFactory       : Setting initial instance status as: STARTING
2026-06-28T20:01:36.120+05:30  INFO 12612 --- [reporting-service] [           main] com.netflix.discovery.DiscoveryClient    : Initializing Eureka in region us-east-1
2026-06-28T20:01:36.131+05:30  INFO 12612 --- [reporting-service] [           main] c.n.d.s.r.aws.ConfigClusterResolver      : Resolving eureka endpoints via configuration
2026-06-28T20:01:36.160+05:30  INFO 12612 --- [reporting-service] [           main] com.netflix.discovery.DiscoveryClient    : Disable delta property : false
2026-06-28T20:01:36.160+05:30  INFO 12612 --- [reporting-service] [           main] com.netflix.discovery.DiscoveryClient    : Single vip registry refresh property : null
2026-06-28T20:01:36.160+05:30  INFO 12612 --- [reporting-service] [           main] com.netflix.discovery.DiscoveryClient    : Force full registry fetch : false
2026-06-28T20:01:36.160+05:30  INFO 12612 --- [reporting-service] [           main] com.netflix.discovery.DiscoveryClient    : Application is null : false
2026-06-28T20:01:36.160+05:30  INFO 12612 --- [reporting-service] [           main] com.netflix.discovery.DiscoveryClient    : Registered Applications size is zero : true
2026-06-28T20:01:36.160+05:30  INFO 12612 --- [reporting-service] [           main] com.netflix.discovery.DiscoveryClient    : Application version is -1: true
2026-06-28T20:01:36.160+05:30  INFO 12612 --- [reporting-service] [           main] com.netflix.discovery.DiscoveryClient    : Getting all instance registry info from the eureka server
2026-06-28T20:01:37.378+05:30  INFO 12612 --- [reporting-service] [           main] com.netflix.discovery.DiscoveryClient    : The response status is 200
2026-06-28T20:01:37.383+05:30  INFO 12612 --- [reporting-service] [           main] com.netflix.discovery.DiscoveryClient    : Starting heartbeat executor: renew interval is: 30
2026-06-28T20:01:37.392+05:30  INFO 12612 --- [reporting-service] [           main] c.n.discovery.InstanceInfoReplicator     : InstanceInfoReplicator onDemand update allowed rate per min is 4
2026-06-28T20:01:37.404+05:30  INFO 12612 --- [reporting-service] [           main] com.netflix.discovery.DiscoveryClient    : Discovery Client initialized at timestamp 1782657097397 with initial instances count: 7
2026-06-28T20:01:37.412+05:30  INFO 12612 --- [reporting-service] [           main] o.s.c.n.e.s.EurekaServiceRegistry        : Registering application REPORTING-SERVICE with eureka with status UP
2026-06-28T20:01:37.414+05:30  INFO 12612 --- [reporting-service] [           main] com.netflix.discovery.DiscoveryClient    : Saw local status change event StatusChangeEvent [timestamp=1782657097414, current=UP, previous=STARTING]
2026-06-28T20:01:37.419+05:30  INFO 12612 --- [reporting-service] [foReplicator-%d] com.netflix.discovery.DiscoveryClient    : DiscoveryClient_REPORTING-SERVICE/Sujal.mshome.net:reporting-service:8093: registering service...
2026-06-28T20:01:37.620+05:30  INFO 12612 --- [reporting-service] [           main] o.s.b.w.embedded.tomcat.TomcatWebServer  : Tomcat started on port 8093 (http) with context path '/'
2026-06-28T20:01:37.622+05:30  INFO 12612 --- [reporting-service] [           main] .s.c.n.e.s.EurekaAutoServiceRegistration : Updating port to 8093
2026-06-28T20:01:37.682+05:30  INFO 12612 --- [reporting-service] [           main] c.h.r.ReportingServiceApplication        : Started ReportingServiceApplication in 22.882 seconds (process running for 25.613)
2026-06-28T20:01:37.802+05:30  INFO 12612 --- [reporting-service] [foReplicator-%d] com.netflix.discovery.DiscoveryClient    : DiscoveryClient_REPORTING-SERVICE/Sujal.mshome.net:reporting-service:8093 - registration status: 204
2026-06-28T20:06:36.231+05:30  INFO 12612 --- [reporting-service] [rap-executor-%d] c.n.d.s.r.aws.ConfigClusterResolver      : Resolving eureka endpoints via configuration
2026-06-28T20:06:40.537+05:30  WARN 12612 --- [reporting-service] [l-1:housekeeper] com.zaxxer.hikari.pool.PoolBase          : HikariPool-1 - Failed to validate connection org.postgresql.jdbc.PgConnection@39d0cf64 (This connection has been closed.). Possibly consider using a shorter maxLifetime value.
2026-06-28T20:06:40.718+05:30  WARN 12612 --- [reporting-service] [l-1:housekeeper] com.zaxxer.hikari.pool.PoolBase          : HikariPool-1 - Failed to validate connection org.postgresql.jdbc.PgConnection@4cc4d454 (This connection has been closed.). Possibly consider using a shorter maxLifetime value.
2026-06-28T20:06:49.105+05:30  WARN 12612 --- [reporting-service] [l-1:housekeeper] com.zaxxer.hikari.pool.PoolBase          : HikariPool-1 - Failed to validate connection org.postgresql.jdbc.PgConnection@73235b21 (This connection has been closed.). Possibly consider using a shorter maxLifetime value.
2026-06-28T20:06:50.277+05:30  WARN 12612 --- [reporting-service] [l-1:housekeeper] com.zaxxer.hikari.pool.PoolBase          : HikariPool-1 - Failed to validate connection org.postgresql.jdbc.PgConnection@705a56fd (This connection has been closed.). Possibly consider using a shorter maxLifetime value.
2026-06-28T20:07:03.650+05:30  WARN 12612 --- [reporting-service] [l-1:housekeeper] com.zaxxer.hikari.pool.PoolBase          : HikariPool-1 - Failed to validate connection org.postgresql.jdbc.PgConnection@3414d06a (This connection has been closed.). Possibly consider using a shorter maxLifetime value.
2026-06-28T20:07:07.291+05:30  WARN 12612 --- [reporting-service] [l-1:housekeeper] com.zaxxer.hikari.pool.PoolBase          : HikariPool-1 - Failed to validate connection org.postgresql.jdbc.PgConnection@294a2c85 (This connection has been closed.). Possibly consider using a shorter maxLifetime value.
2026-06-28T20:07:08.333+05:30  WARN 12612 --- [reporting-service] [l-1:housekeeper] com.zaxxer.hikari.pool.PoolBase          : HikariPool-1 - Failed to validate connection org.postgresql.jdbc.PgConnection@b056aef (This connection has been closed.). Possibly consider using a shorter maxLifetime value.
2026-06-28T20:07:10.811+05:30  WARN 12612 --- [reporting-service] [l-1:housekeeper] com.zaxxer.hikari.pool.PoolBase          : HikariPool-1 - Failed to validate connection org.postgresql.jdbc.PgConnection@19007c65 (This connection has been closed.). Possibly consider using a shorter maxLifetime value.
2026-06-28T20:07:30.148+05:30  WARN 12612 --- [reporting-service] [l-1:housekeeper] com.zaxxer.hikari.pool.PoolBase          : HikariPool-1 - Failed to validate connection org.postgresql.jdbc.PgConnection@7f1dbb70 (This connection has been closed.). Possibly consider using a shorter maxLifetime value.
